2015-04-01 09:32:38,517 [10] Orchard.Environment.Extensions.ExtensionManager - (null) - No suitable loader found for extension "ivNet.ShowDigs"
2015-04-01 09:33:10,136 [7] Orchard.Environment.Extensions.ExtensionManager - (null) - No suitable loader found for extension "ivNet.ShowDigs"
2015-04-01 09:35:49,247 [7] Orchard.Environment.Extensions.ExtensionManager - (null) - No suitable loader found for extension "ivNet.ShowDigs"
2015-04-01 09:36:48,232 [8] Orchard.Exceptions.DefaultExceptionPolicy - Default - An unexpected exception was caught
System.ArgumentNullException: Array cannot be null.
Parameter name: bytes
   at System.Text.Encoding.GetString(Byte[] bytes)
   at ivNet.Mail.Helpers.QueryStringHelper.Base64ForUrlDecode(String str) in f:\Orchard\www.showdigs.co.uk\src\Orchard.Web\Modules\ivNet.Mail\Helpers\QueryStringHelper.cs:line 18
   at ivNet.Listing.Controllers.SiteController.Activation(String id) in f:\Orchard\www.showdigs.co.uk\src\Orchard.Web\Modules\ivNet.Listing\Controllers\SiteController.cs:line 54
   at lambda_method(Closure , ControllerBase , Object[] )
   at System.Web.Mvc.ActionMethodDispatcher.Execute(ControllerBase controller, Object[] parameters)
   at System.Web.Mvc.ReflectedActionDescriptor.Execute(ControllerContext controllerContext, IDictionary`2 parameters)
   at System.Web.Mvc.ControllerActionInvoker.InvokeActionMethod(ControllerContext controllerContext, ActionDescriptor actionDescriptor, IDictionary`2 parameters)
   at System.Web.Mvc.Async.AsyncControllerActionInvoker.ActionInvocation.InvokeSynchronousActionMethod()
   at System.Web.Mvc.Async.AsyncControllerActionInvoker.<BeginInvokeSynchronousActionMethod>b__39(IAsyncResult asyncResult, ActionInvocation innerInvokeState)
   at System.Web.Mvc.Async.AsyncResultWrapper.WrappedAsyncResult`2.CallEndDelegate(IAsyncResult asyncResult)
   at System.Web.Mvc.Async.AsyncResultWrapper.WrappedAsyncResultBase`1.End()
   at System.Web.Mvc.Async.AsyncResultWrapper.End[TResult](IAsyncResult asyncResult, Object tag)
   at System.Web.Mvc.Async.AsyncControllerActionInvoker.EndInvokeActionMethod(IAsyncResult asyncResult)
   at System.Web.Mvc.Async.AsyncControllerActionInvoker.AsyncInvocationWithFilters.<InvokeActionMethodFilterAsynchronouslyRecursive>b__3f()
   at System.Web.Mvc.Async.AsyncControllerActionInvoker.AsyncInvocationWithFilters.<>c__DisplayClass48.<InvokeActionMethodFilterAsynchronouslyRecursive>b__41()
   at System.Web.Mvc.Async.AsyncControllerActionInvoker.AsyncInvocationWithFilters.<>c__DisplayClass48.<InvokeActionMethodFilterAsynchronouslyRecursive>b__41()
   at System.Web.Mvc.Async.AsyncControllerActionInvoker.AsyncInvocationWithFilters.<>c__DisplayClass48.<InvokeActionMethodFilterAsynchronouslyRecursive>b__41()
2015-04-01 14:31:39,050 [6] Orchard.Environment.Extensions.ExtensionManager - (null) - No suitable loader found for extension "ivNet.ShowDigs"
2015-04-01 14:33:58,507 [13] Orchard.Exceptions.DefaultExceptionPolicy - Default - An unexpected exception was caught
System.Exception: Site SMTP settings not configured
   at ivNet.Mail.Services.EmailServices.SendMessage(String toEmail, String fromName, String fromEmail, String subject, String message) in f:\Orchard\www.showdigs.co.uk\src\Orchard.Web\Modules\ivNet.Mail\Services\EmailServices.cs:line 72
   at ivNet.Mail.Services.EmailServices.SendActivationEmail(String siteEmailName, String siteEmail, String subject, String email, String password) in f:\Orchard\www.showdigs.co.uk\src\Orchard.Web\Modules\ivNet.Mail\Services\EmailServices.cs:line 40
   at ivNet.Listing.Controllers.SiteController.Registration(RegistrationViewModel model) in f:\Orchard\www.showdigs.co.uk\src\Orchard.Web\Modules\ivNet.Listing\Controllers\SiteController.cs:line 48
   at lambda_method(Closure , ControllerBase , Object[] )
   at System.Web.Mvc.ActionMethodDispatcher.Execute(ControllerBase controller, Object[] parameters)
   at System.Web.Mvc.ReflectedActionDescriptor.Execute(ControllerContext controllerContext, IDictionary`2 parameters)
   at System.Web.Mvc.ControllerActionInvoker.InvokeActionMethod(ControllerContext controllerContext, ActionDescriptor actionDescriptor, IDictionary`2 parameters)
   at System.Web.Mvc.Async.AsyncControllerActionInvoker.ActionInvocation.InvokeSynchronousActionMethod()
   at System.Web.Mvc.Async.AsyncControllerActionInvoker.<BeginInvokeSynchronousActionMethod>b__39(IAsyncResult asyncResult, ActionInvocation innerInvokeState)
   at System.Web.Mvc.Async.AsyncResultWrapper.WrappedAsyncResult`2.CallEndDelegate(IAsyncResult asyncResult)
   at System.Web.Mvc.Async.AsyncResultWrapper.WrappedAsyncResultBase`1.End()
   at System.Web.Mvc.Async.AsyncResultWrapper.End[TResult](IAsyncResult asyncResult, Object tag)
   at System.Web.Mvc.Async.AsyncControllerActionInvoker.EndInvokeActionMethod(IAsyncResult asyncResult)
   at System.Web.Mvc.Async.AsyncControllerActionInvoker.AsyncInvocationWithFilters.<InvokeActionMethodFilterAsynchronouslyRecursive>b__3f()
   at System.Web.Mvc.Async.AsyncControllerActionInvoker.AsyncInvocationWithFilters.<>c__DisplayClass48.<InvokeActionMethodFilterAsynchronouslyRecursive>b__41()
   at System.Web.Mvc.Async.AsyncControllerActionInvoker.AsyncInvocationWithFilters.<>c__DisplayClass48.<InvokeActionMethodFilterAsynchronouslyRecursive>b__41()
   at System.Web.Mvc.Async.AsyncControllerActionInvoker.AsyncInvocationWithFilters.<>c__DisplayClass48.<InvokeActionMethodFilterAsynchronouslyRecursive>b__41()
2015-04-01 14:38:35,861 [6] Orchard.Environment.Extensions.ExtensionManager - (null) - No suitable loader found for extension "ivNet.ShowDigs"
2015-04-01 14:47:20,421 [9] Orchard.Environment.DefaultBuildManager - (null) - Error when compiling assembly under ~/Modules/ivNet.Listing/ivNet.Listing.csproj.
System.Web.HttpCompileException (0x80004005): f:\Orchard\www.showdigs.co.uk\src\Orchard.Web\Modules\ivNet.Listing\Service\RegistrationServices.cs(32): error CS1061: 'ivNet.Listing.Models.RegistrationViewModel' does not contain a definition for 'e' and no extension method 'e' accepting a first argument of type 'ivNet.Listing.Models.RegistrationViewModel' could be found (are you missing a using directive or an assembly reference?)
   at System.Web.Compilation.AssemblyBuilder.Compile()
   at System.Web.Compilation.BuildProvidersCompiler.PerformBuild()
   at System.Web.Compilation.BuildManager.CompileWebFile(VirtualPath virtualPath)
   at System.Web.Compilation.BuildManager.GetVPathBuildResultInternal(VirtualPath virtualPath, Boolean noBuild, Boolean allowCrossApp, Boolean allowBuildInPrecompile, Boolean throwIfNotFound, Boolean ensureIsUpToDate)
   at System.Web.Compilation.BuildManager.GetVPathBuildResultWithNoAssert(HttpContext context, VirtualPath virtualPath, Boolean noBuild, Boolean allowCrossApp, Boolean allowBuildInPrecompile, Boolean throwIfNotFound, Boolean ensureIsUpToDate)
   at System.Web.Compilation.BuildManager.GetVPathBuildResult(HttpContext context, VirtualPath virtualPath, Boolean noBuild, Boolean allowCrossApp, Boolean allowBuildInPrecompile, Boolean ensureIsUpToDate)
   at System.Web.Compilation.BuildManager.GetCompiledAssembly(String virtualPath)
   at Orchard.Environment.DefaultBuildManager.GetCompiledAssembly(String virtualPath) in f:\Orchard\www.showdigs.co.uk\src\Orchard\Environment\IBuildManager.cs:line 53
2015-04-01 14:47:20,447 [5] Orchard.Environment.Extensions.ExtensionManager - (null) - No suitable loader found for extension "ivNet.ShowDigs"
2015-04-01 14:47:20,465 [9] Orchard.Environment.Extensions.ExtensionManager - (null) - No suitable loader found for extension "ivNet.Listing"
2015-04-01 14:47:30,252 [7] Orchard.Environment.DefaultBuildManager - (null) - Error when compiling assembly under ~/Modules/ivNet.Listing/ivNet.Listing.csproj.
System.Web.HttpCompileException (0x80004005): f:\Orchard\www.showdigs.co.uk\src\Orchard.Web\Modules\ivNet.Listing\Service\RegistrationServices.cs(32): error CS1061: 'ivNet.Listing.Models.RegistrationViewModel' does not contain a definition for 'e' and no extension method 'e' accepting a first argument of type 'ivNet.Listing.Models.RegistrationViewModel' could be found (are you missing a using directive or an assembly reference?)
   at System.Web.Compilation.BuildManager.PostProcessFoundBuildResult(BuildResult result, Boolean keyFromVPP, VirtualPath virtualPath)
   at System.Web.Compilation.BuildManager.GetBuildResultFromCacheInternal(String cacheKey, Boolean keyFromVPP, VirtualPath virtualPath, Int64 hashCode, Boolean ensureIsUpToDate)
   at System.Web.Compilation.BuildManager.GetVPathBuildResultFromCacheInternal(VirtualPath virtualPath, Boolean ensureIsUpToDate)
   at System.Web.Compilation.BuildManager.GetVPathBuildResultInternal(VirtualPath virtualPath, Boolean noBuild, Boolean allowCrossApp, Boolean allowBuildInPrecompile, Boolean throwIfNotFound, Boolean ensureIsUpToDate)
   at System.Web.Compilation.BuildManager.GetVPathBuildResultWithNoAssert(HttpContext context, VirtualPath virtualPath, Boolean noBuild, Boolean allowCrossApp, Boolean allowBuildInPrecompile, Boolean throwIfNotFound, Boolean ensureIsUpToDate)
   at System.Web.Compilation.BuildManager.GetVPathBuildResult(HttpContext context, VirtualPath virtualPath, Boolean noBuild, Boolean allowCrossApp, Boolean allowBuildInPrecompile, Boolean ensureIsUpToDate)
   at System.Web.Compilation.BuildManager.GetCompiledAssembly(String virtualPath)
   at Orchard.Environment.DefaultBuildManager.GetCompiledAssembly(String virtualPath) in f:\Orchard\www.showdigs.co.uk\src\Orchard\Environment\IBuildManager.cs:line 53
2015-04-01 14:47:31,243 [7] Orchard.Environment.DefaultBuildManager - (null) - Error when compiling assembly under ~/Modules/ivNet.Listing/ivNet.Listing.csproj.
System.Web.HttpCompileException (0x80004005): f:\Orchard\www.showdigs.co.uk\src\Orchard.Web\Modules\ivNet.Listing\Service\RegistrationServices.cs(32): error CS1061: 'ivNet.Listing.Models.RegistrationViewModel' does not contain a definition for 'e' and no extension method 'e' accepting a first argument of type 'ivNet.Listing.Models.RegistrationViewModel' could be found (are you missing a using directive or an assembly reference?)
   at System.Web.Compilation.AssemblyBuilder.Compile()
   at System.Web.Compilation.BuildProvidersCompiler.PerformBuild()
   at System.Web.Compilation.BuildManager.CompileWebFile(VirtualPath virtualPath)
   at System.Web.Compilation.BuildManager.GetVPathBuildResultInternal(VirtualPath virtualPath, Boolean noBuild, Boolean allowCrossApp, Boolean allowBuildInPrecompile, Boolean throwIfNotFound, Boolean ensureIsUpToDate)
   at System.Web.Compilation.BuildManager.GetVPathBuildResultWithNoAssert(HttpContext context, VirtualPath virtualPath, Boolean noBuild, Boolean allowCrossApp, Boolean allowBuildInPrecompile, Boolean throwIfNotFound, Boolean ensureIsUpToDate)
   at System.Web.Compilation.BuildManager.GetVPathBuildResult(HttpContext context, VirtualPath virtualPath, Boolean noBuild, Boolean allowCrossApp, Boolean allowBuildInPrecompile, Boolean ensureIsUpToDate)
   at System.Web.Compilation.BuildManager.GetCompiledAssembly(String virtualPath)
   at Orchard.Environment.DefaultBuildManager.GetCompiledAssembly(String virtualPath) in f:\Orchard\www.showdigs.co.uk\src\Orchard\Environment\IBuildManager.cs:line 53
2015-04-01 14:47:31,322 [7] Orchard.Environment.DefaultBuildManager - (null) - Error when compiling assembly under ~/Modules/ivNet.Listing/ivNet.Listing.csproj.
System.Web.HttpCompileException (0x80004005): f:\Orchard\www.showdigs.co.uk\src\Orchard.Web\Modules\ivNet.Listing\Service\RegistrationServices.cs(32): error CS1061: 'ivNet.Listing.Models.RegistrationViewModel' does not contain a definition for 'e' and no extension method 'e' accepting a first argument of type 'ivNet.Listing.Models.RegistrationViewModel' could be found (are you missing a using directive or an assembly reference?)
   at System.Web.Compilation.BuildManager.PostProcessFoundBuildResult(BuildResult result, Boolean keyFromVPP, VirtualPath virtualPath)
   at System.Web.Compilation.BuildManager.GetBuildResultFromCacheInternal(String cacheKey, Boolean keyFromVPP, VirtualPath virtualPath, Int64 hashCode, Boolean ensureIsUpToDate)
   at System.Web.Compilation.BuildManager.GetVPathBuildResultFromCacheInternal(VirtualPath virtualPath, Boolean ensureIsUpToDate)
   at System.Web.Compilation.BuildManager.GetVPathBuildResultInternal(VirtualPath virtualPath, Boolean noBuild, Boolean allowCrossApp, Boolean allowBuildInPrecompile, Boolean throwIfNotFound, Boolean ensureIsUpToDate)
   at System.Web.Compilation.BuildManager.GetVPathBuildResultWithNoAssert(HttpContext context, VirtualPath virtualPath, Boolean noBuild, Boolean allowCrossApp, Boolean allowBuildInPrecompile, Boolean throwIfNotFound, Boolean ensureIsUpToDate)
   at System.Web.Compilation.BuildManager.GetVPathBuildResult(HttpContext context, VirtualPath virtualPath, Boolean noBuild, Boolean allowCrossApp, Boolean allowBuildInPrecompile, Boolean ensureIsUpToDate)
   at System.Web.Compilation.BuildManager.GetCompiledAssembly(String virtualPath)
   at Orchard.Environment.DefaultBuildManager.GetCompiledAssembly(String virtualPath) in f:\Orchard\www.showdigs.co.uk\src\Orchard\Environment\IBuildManager.cs:line 53
2015-04-01 14:47:31,366 [7] Orchard.Environment.DefaultBuildManager - (null) - Error when compiling assembly under ~/Modules/ivNet.Listing/ivNet.Listing.csproj.
System.Web.HttpCompileException (0x80004005): f:\Orchard\www.showdigs.co.uk\src\Orchard.Web\Modules\ivNet.Listing\Service\RegistrationServices.cs(32): error CS1061: 'ivNet.Listing.Models.RegistrationViewModel' does not contain a definition for 'e' and no extension method 'e' accepting a first argument of type 'ivNet.Listing.Models.RegistrationViewModel' could be found (are you missing a using directive or an assembly reference?)
   at System.Web.Compilation.BuildManager.PostProcessFoundBuildResult(BuildResult result, Boolean keyFromVPP, VirtualPath virtualPath)
   at System.Web.Compilation.BuildManager.GetBuildResultFromCacheInternal(String cacheKey, Boolean keyFromVPP, VirtualPath virtualPath, Int64 hashCode, Boolean ensureIsUpToDate)
   at System.Web.Compilation.BuildManager.GetVPathBuildResultFromCacheInternal(VirtualPath virtualPath, Boolean ensureIsUpToDate)
   at System.Web.Compilation.BuildManager.GetVPathBuildResultInternal(VirtualPath virtualPath, Boolean noBuild, Boolean allowCrossApp, Boolean allowBuildInPrecompile, Boolean throwIfNotFound, Boolean ensureIsUpToDate)
   at System.Web.Compilation.BuildManager.GetVPathBuildResultWithNoAssert(HttpContext context, VirtualPath virtualPath, Boolean noBuild, Boolean allowCrossApp, Boolean allowBuildInPrecompile, Boolean throwIfNotFound, Boolean ensureIsUpToDate)
   at System.Web.Compilation.BuildManager.GetVPathBuildResult(HttpContext context, VirtualPath virtualPath, Boolean noBuild, Boolean allowCrossApp, Boolean allowBuildInPrecompile, Boolean ensureIsUpToDate)
   at System.Web.Compilation.BuildManager.GetCompiledAssembly(String virtualPath)
   at Orchard.Environment.DefaultBuildManager.GetCompiledAssembly(String virtualPath) in f:\Orchard\www.showdigs.co.uk\src\Orchard\Environment\IBuildManager.cs:line 53
2015-04-01 14:47:31,418 [7] Orchard.Environment.DefaultBuildManager - (null) - Error when compiling assembly under ~/Modules/ivNet.Listing/ivNet.Listing.csproj.
System.Web.HttpCompileException (0x80004005): f:\Orchard\www.showdigs.co.uk\src\Orchard.Web\Modules\ivNet.Listing\Service\RegistrationServices.cs(32): error CS1061: 'ivNet.Listing.Models.RegistrationViewModel' does not contain a definition for 'e' and no extension method 'e' accepting a first argument of type 'ivNet.Listing.Models.RegistrationViewModel' could be found (are you missing a using directive or an assembly reference?)
   at System.Web.Compilation.BuildManager.PostProcessFoundBuildResult(BuildResult result, Boolean keyFromVPP, VirtualPath virtualPath)
   at System.Web.Compilation.BuildManager.GetBuildResultFromCacheInternal(String cacheKey, Boolean keyFromVPP, VirtualPath virtualPath, Int64 hashCode, Boolean ensureIsUpToDate)
   at System.Web.Compilation.BuildManager.GetVPathBuildResultFromCacheInternal(VirtualPath virtualPath, Boolean ensureIsUpToDate)
   at System.Web.Compilation.BuildManager.GetVPathBuildResultInternal(VirtualPath virtualPath, Boolean noBuild, Boolean allowCrossApp, Boolean allowBuildInPrecompile, Boolean throwIfNotFound, Boolean ensureIsUpToDate)
   at System.Web.Compilation.BuildManager.GetVPathBuildResultWithNoAssert(HttpContext context, VirtualPath virtualPath, Boolean noBuild, Boolean allowCrossApp, Boolean allowBuildInPrecompile, Boolean throwIfNotFound, Boolean ensureIsUpToDate)
   at System.Web.Compilation.BuildManager.GetVPathBuildResult(HttpContext context, VirtualPath virtualPath, Boolean noBuild, Boolean allowCrossApp, Boolean allowBuildInPrecompile, Boolean ensureIsUpToDate)
   at System.Web.Compilation.BuildManager.GetCompiledAssembly(String virtualPath)
   at Orchard.Environment.DefaultBuildManager.GetCompiledAssembly(String virtualPath) in f:\Orchard\www.showdigs.co.uk\src\Orchard\Environment\IBuildManager.cs:line 53
2015-04-01 14:47:31,468 [7] Orchard.Environment.DefaultBuildManager - (null) - Error when compiling assembly under ~/Modules/ivNet.Listing/ivNet.Listing.csproj.
System.Web.HttpCompileException (0x80004005): f:\Orchard\www.showdigs.co.uk\src\Orchard.Web\Modules\ivNet.Listing\Service\RegistrationServices.cs(32): error CS1061: 'ivNet.Listing.Models.RegistrationViewModel' does not contain a definition for 'e' and no extension method 'e' accepting a first argument of type 'ivNet.Listing.Models.RegistrationViewModel' could be found (are you missing a using directive or an assembly reference?)
   at System.Web.Compilation.BuildManager.PostProcessFoundBuildResult(BuildResult result, Boolean keyFromVPP, VirtualPath virtualPath)
   at System.Web.Compilation.BuildManager.GetBuildResultFromCacheInternal(String cacheKey, Boolean keyFromVPP, VirtualPath virtualPath, Int64 hashCode, Boolean ensureIsUpToDate)
   at System.Web.Compilation.BuildManager.GetVPathBuildResultFromCacheInternal(VirtualPath virtualPath, Boolean ensureIsUpToDate)
   at System.Web.Compilation.BuildManager.GetVPathBuildResultInternal(VirtualPath virtualPath, Boolean noBuild, Boolean allowCrossApp, Boolean allowBuildInPrecompile, Boolean throwIfNotFound, Boolean ensureIsUpToDate)
   at System.Web.Compilation.BuildManager.GetVPathBuildResultWithNoAssert(HttpContext context, VirtualPath virtualPath, Boolean noBuild, Boolean allowCrossApp, Boolean allowBuildInPrecompile, Boolean throwIfNotFound, Boolean ensureIsUpToDate)
   at System.Web.Compilation.BuildManager.GetVPathBuildResult(HttpContext context, VirtualPath virtualPath, Boolean noBuild, Boolean allowCrossApp, Boolean allowBuildInPrecompile, Boolean ensureIsUpToDate)
   at System.Web.Compilation.BuildManager.GetCompiledAssembly(String virtualPath)
   at Orchard.Environment.DefaultBuildManager.GetCompiledAssembly(String virtualPath) in f:\Orchard\www.showdigs.co.uk\src\Orchard\Environment\IBuildManager.cs:line 53
2015-04-01 14:47:31,522 [7] Orchard.Environment.DefaultBuildManager - (null) - Error when compiling assembly under ~/Modules/ivNet.Listing/ivNet.Listing.csproj.
System.Web.HttpCompileException (0x80004005): f:\Orchard\www.showdigs.co.uk\src\Orchard.Web\Modules\ivNet.Listing\Service\RegistrationServices.cs(32): error CS1061: 'ivNet.Listing.Models.RegistrationViewModel' does not contain a definition for 'e' and no extension method 'e' accepting a first argument of type 'ivNet.Listing.Models.RegistrationViewModel' could be found (are you missing a using directive or an assembly reference?)
   at System.Web.Compilation.BuildManager.PostProcessFoundBuildResult(BuildResult result, Boolean keyFromVPP, VirtualPath virtualPath)
   at System.Web.Compilation.BuildManager.GetBuildResultFromCacheInternal(String cacheKey, Boolean keyFromVPP, VirtualPath virtualPath, Int64 hashCode, Boolean ensureIsUpToDate)
   at System.Web.Compilation.BuildManager.GetVPathBuildResultFromCacheInternal(VirtualPath virtualPath, Boolean ensureIsUpToDate)
   at System.Web.Compilation.BuildManager.GetVPathBuildResultInternal(VirtualPath virtualPath, Boolean noBuild, Boolean allowCrossApp, Boolean allowBuildInPrecompile, Boolean throwIfNotFound, Boolean ensureIsUpToDate)
   at System.Web.Compilation.BuildManager.GetVPathBuildResultWithNoAssert(HttpContext context, VirtualPath virtualPath, Boolean noBuild, Boolean allowCrossApp, Boolean allowBuildInPrecompile, Boolean throwIfNotFound, Boolean ensureIsUpToDate)
   at System.Web.Compilation.BuildManager.GetVPathBuildResult(HttpContext context, VirtualPath virtualPath, Boolean noBuild, Boolean allowCrossApp, Boolean allowBuildInPrecompile, Boolean ensureIsUpToDate)
   at System.Web.Compilation.BuildManager.GetCompiledAssembly(String virtualPath)
   at Orchard.Environment.DefaultBuildManager.GetCompiledAssembly(String virtualPath) in f:\Orchard\www.showdigs.co.uk\src\Orchard\Environment\IBuildManager.cs:line 53
2015-04-01 14:47:31,576 [7] Orchard.Environment.DefaultBuildManager - (null) - Error when compiling assembly under ~/Modules/ivNet.Listing/ivNet.Listing.csproj.
System.Web.HttpCompileException (0x80004005): f:\Orchard\www.showdigs.co.uk\src\Orchard.Web\Modules\ivNet.Listing\Service\RegistrationServices.cs(32): error CS1061: 'ivNet.Listing.Models.RegistrationViewModel' does not contain a definition for 'e' and no extension method 'e' accepting a first argument of type 'ivNet.Listing.Models.RegistrationViewModel' could be found (are you missing a using directive or an assembly reference?)
   at System.Web.Compilation.BuildManager.PostProcessFoundBuildResult(BuildResult result, Boolean keyFromVPP, VirtualPath virtualPath)
   at System.Web.Compilation.BuildManager.GetBuildResultFromCacheInternal(String cacheKey, Boolean keyFromVPP, VirtualPath virtualPath, Int64 hashCode, Boolean ensureIsUpToDate)
   at System.Web.Compilation.BuildManager.GetVPathBuildResultFromCacheInternal(VirtualPath virtualPath, Boolean ensureIsUpToDate)
   at System.Web.Compilation.BuildManager.GetVPathBuildResultInternal(VirtualPath virtualPath, Boolean noBuild, Boolean allowCrossApp, Boolean allowBuildInPrecompile, Boolean throwIfNotFound, Boolean ensureIsUpToDate)
   at System.Web.Compilation.BuildManager.GetVPathBuildResultWithNoAssert(HttpContext context, VirtualPath virtualPath, Boolean noBuild, Boolean allowCrossApp, Boolean allowBuildInPrecompile, Boolean throwIfNotFound, Boolean ensureIsUpToDate)
   at System.Web.Compilation.BuildManager.GetVPathBuildResult(HttpContext context, VirtualPath virtualPath, Boolean noBuild, Boolean allowCrossApp, Boolean allowBuildInPrecompile, Boolean ensureIsUpToDate)
   at System.Web.Compilation.BuildManager.GetCompiledAssembly(String virtualPath)
   at Orchard.Environment.DefaultBuildManager.GetCompiledAssembly(String virtualPath) in f:\Orchard\www.showdigs.co.uk\src\Orchard\Environment\IBuildManager.cs:line 53
2015-04-01 14:47:31,631 [7] Orchard.Environment.DefaultBuildManager - (null) - Error when compiling assembly under ~/Modules/ivNet.Listing/ivNet.Listing.csproj.
System.Web.HttpCompileException (0x80004005): f:\Orchard\www.showdigs.co.uk\src\Orchard.Web\Modules\ivNet.Listing\Service\RegistrationServices.cs(32): error CS1061: 'ivNet.Listing.Models.RegistrationViewModel' does not contain a definition for 'e' and no extension method 'e' accepting a first argument of type 'ivNet.Listing.Models.RegistrationViewModel' could be found (are you missing a using directive or an assembly reference?)
   at System.Web.Compilation.BuildManager.PostProcessFoundBuildResult(BuildResult result, Boolean keyFromVPP, VirtualPath virtualPath)
   at System.Web.Compilation.BuildManager.GetBuildResultFromCacheInternal(String cacheKey, Boolean keyFromVPP, VirtualPath virtualPath, Int64 hashCode, Boolean ensureIsUpToDate)
   at System.Web.Compilation.BuildManager.GetVPathBuildResultFromCacheInternal(VirtualPath virtualPath, Boolean ensureIsUpToDate)
   at System.Web.Compilation.BuildManager.GetVPathBuildResultInternal(VirtualPath virtualPath, Boolean noBuild, Boolean allowCrossApp, Boolean allowBuildInPrecompile, Boolean throwIfNotFound, Boolean ensureIsUpToDate)
   at System.Web.Compilation.BuildManager.GetVPathBuildResultWithNoAssert(HttpContext context, VirtualPath virtualPath, Boolean noBuild, Boolean allowCrossApp, Boolean allowBuildInPrecompile, Boolean throwIfNotFound, Boolean ensureIsUpToDate)
   at System.Web.Compilation.BuildManager.GetVPathBuildResult(HttpContext context, VirtualPath virtualPath, Boolean noBuild, Boolean allowCrossApp, Boolean allowBuildInPrecompile, Boolean ensureIsUpToDate)
   at System.Web.Compilation.BuildManager.GetCompiledAssembly(String virtualPath)
   at Orchard.Environment.DefaultBuildManager.GetCompiledAssembly(String virtualPath) in f:\Orchard\www.showdigs.co.uk\src\Orchard\Environment\IBuildManager.cs:line 53
2015-04-01 14:47:31,681 [7] Orchard.Environment.DefaultBuildManager - (null) - Error when compiling assembly under ~/Modules/ivNet.Listing/ivNet.Listing.csproj.
System.Web.HttpCompileException (0x80004005): f:\Orchard\www.showdigs.co.uk\src\Orchard.Web\Modules\ivNet.Listing\Service\RegistrationServices.cs(32): error CS1061: 'ivNet.Listing.Models.RegistrationViewModel' does not contain a definition for 'e' and no extension method 'e' accepting a first argument of type 'ivNet.Listing.Models.RegistrationViewModel' could be found (are you missing a using directive or an assembly reference?)
   at System.Web.Compilation.BuildManager.PostProcessFoundBuildResult(BuildResult result, Boolean keyFromVPP, VirtualPath virtualPath)
   at System.Web.Compilation.BuildManager.GetBuildResultFromCacheInternal(String cacheKey, Boolean keyFromVPP, VirtualPath virtualPath, Int64 hashCode, Boolean ensureIsUpToDate)
   at System.Web.Compilation.BuildManager.GetVPathBuildResultFromCacheInternal(VirtualPath virtualPath, Boolean ensureIsUpToDate)
   at System.Web.Compilation.BuildManager.GetVPathBuildResultInternal(VirtualPath virtualPath, Boolean noBuild, Boolean allowCrossApp, Boolean allowBuildInPrecompile, Boolean throwIfNotFound, Boolean ensureIsUpToDate)
   at System.Web.Compilation.BuildManager.GetVPathBuildResultWithNoAssert(HttpContext context, VirtualPath virtualPath, Boolean noBuild, Boolean allowCrossApp, Boolean allowBuildInPrecompile, Boolean throwIfNotFound, Boolean ensureIsUpToDate)
   at System.Web.Compilation.BuildManager.GetVPathBuildResult(HttpContext context, VirtualPath virtualPath, Boolean noBuild, Boolean allowCrossApp, Boolean allowBuildInPrecompile, Boolean ensureIsUpToDate)
   at System.Web.Compilation.BuildManager.GetCompiledAssembly(String virtualPath)
   at Orchard.Environment.DefaultBuildManager.GetCompiledAssembly(String virtualPath) in f:\Orchard\www.showdigs.co.uk\src\Orchard\Environment\IBuildManager.cs:line 53
2015-04-01 14:47:31,723 [7] Orchard.Environment.DefaultBuildManager - (null) - Error when compiling assembly under ~/Modules/ivNet.Listing/ivNet.Listing.csproj.
System.Web.HttpCompileException (0x80004005): f:\Orchard\www.showdigs.co.uk\src\Orchard.Web\Modules\ivNet.Listing\Service\RegistrationServices.cs(32): error CS1061: 'ivNet.Listing.Models.RegistrationViewModel' does not contain a definition for 'e' and no extension method 'e' accepting a first argument of type 'ivNet.Listing.Models.RegistrationViewModel' could be found (are you missing a using directive or an assembly reference?)
   at System.Web.Compilation.BuildManager.PostProcessFoundBuildResult(BuildResult result, Boolean keyFromVPP, VirtualPath virtualPath)
   at System.Web.Compilation.BuildManager.GetBuildResultFromCacheInternal(String cacheKey, Boolean keyFromVPP, VirtualPath virtualPath, Int64 hashCode, Boolean ensureIsUpToDate)
   at System.Web.Compilation.BuildManager.GetVPathBuildResultFromCacheInternal(VirtualPath virtualPath, Boolean ensureIsUpToDate)
   at System.Web.Compilation.BuildManager.GetVPathBuildResultInternal(VirtualPath virtualPath, Boolean noBuild, Boolean allowCrossApp, Boolean allowBuildInPrecompile, Boolean throwIfNotFound, Boolean ensureIsUpToDate)
   at System.Web.Compilation.BuildManager.GetVPathBuildResultWithNoAssert(HttpContext context, VirtualPath virtualPath, Boolean noBuild, Boolean allowCrossApp, Boolean allowBuildInPrecompile, Boolean throwIfNotFound, Boolean ensureIsUpToDate)
   at System.Web.Compilation.BuildManager.GetVPathBuildResult(HttpContext context, VirtualPath virtualPath, Boolean noBuild, Boolean allowCrossApp, Boolean allowBuildInPrecompile, Boolean ensureIsUpToDate)
   at System.Web.Compilation.BuildManager.GetCompiledAssembly(String virtualPath)
   at Orchard.Environment.DefaultBuildManager.GetCompiledAssembly(String virtualPath) in f:\Orchard\www.showdigs.co.uk\src\Orchard\Environment\IBuildManager.cs:line 53
2015-04-01 14:47:31,768 [7] Orchard.Environment.DefaultBuildManager - (null) - Error when compiling assembly under ~/Modules/ivNet.Listing/ivNet.Listing.csproj.
System.Web.HttpCompileException (0x80004005): f:\Orchard\www.showdigs.co.uk\src\Orchard.Web\Modules\ivNet.Listing\Service\RegistrationServices.cs(32): error CS1061: 'ivNet.Listing.Models.RegistrationViewModel' does not contain a definition for 'e' and no extension method 'e' accepting a first argument of type 'ivNet.Listing.Models.RegistrationViewModel' could be found (are you missing a using directive or an assembly reference?)
   at System.Web.Compilation.BuildManager.PostProcessFoundBuildResult(BuildResult result, Boolean keyFromVPP, VirtualPath virtualPath)
   at System.Web.Compilation.BuildManager.GetBuildResultFromCacheInternal(String cacheKey, Boolean keyFromVPP, VirtualPath virtualPath, Int64 hashCode, Boolean ensureIsUpToDate)
   at System.Web.Compilation.BuildManager.GetVPathBuildResultFromCacheInternal(VirtualPath virtualPath, Boolean ensureIsUpToDate)
   at System.Web.Compilation.BuildManager.GetVPathBuildResultInternal(VirtualPath virtualPath, Boolean noBuild, Boolean allowCrossApp, Boolean allowBuildInPrecompile, Boolean throwIfNotFound, Boolean ensureIsUpToDate)
   at System.Web.Compilation.BuildManager.GetVPathBuildResultWithNoAssert(HttpContext context, VirtualPath virtualPath, Boolean noBuild, Boolean allowCrossApp, Boolean allowBuildInPrecompile, Boolean throwIfNotFound, Boolean ensureIsUpToDate)
   at System.Web.Compilation.BuildManager.GetVPathBuildResult(HttpContext context, VirtualPath virtualPath, Boolean noBuild, Boolean allowCrossApp, Boolean allowBuildInPrecompile, Boolean ensureIsUpToDate)
   at System.Web.Compilation.BuildManager.GetCompiledAssembly(String virtualPath)
   at Orchard.Environment.DefaultBuildManager.GetCompiledAssembly(String virtualPath) in f:\Orchard\www.showdigs.co.uk\src\Orchard\Environment\IBuildManager.cs:line 53
2015-04-01 14:47:31,823 [7] Orchard.Environment.DefaultBuildManager - (null) - Error when compiling assembly under ~/Modules/ivNet.Listing/ivNet.Listing.csproj.
System.Web.HttpCompileException (0x80004005): f:\Orchard\www.showdigs.co.uk\src\Orchard.Web\Modules\ivNet.Listing\Service\RegistrationServices.cs(32): error CS1061: 'ivNet.Listing.Models.RegistrationViewModel' does not contain a definition for 'e' and no extension method 'e' accepting a first argument of type 'ivNet.Listing.Models.RegistrationViewModel' could be found (are you missing a using directive or an assembly reference?)
   at System.Web.Compilation.BuildManager.PostProcessFoundBuildResult(BuildResult result, Boolean keyFromVPP, VirtualPath virtualPath)
   at System.Web.Compilation.BuildManager.GetBuildResultFromCacheInternal(String cacheKey, Boolean keyFromVPP, VirtualPath virtualPath, Int64 hashCode, Boolean ensureIsUpToDate)
   at System.Web.Compilation.BuildManager.GetVPathBuildResultFromCacheInternal(VirtualPath virtualPath, Boolean ensureIsUpToDate)
   at System.Web.Compilation.BuildManager.GetVPathBuildResultInternal(VirtualPath virtualPath, Boolean noBuild, Boolean allowCrossApp, Boolean allowBuildInPrecompile, Boolean throwIfNotFound, Boolean ensureIsUpToDate)
   at System.Web.Compilation.BuildManager.GetVPathBuildResultWithNoAssert(HttpContext context, VirtualPath virtualPath, Boolean noBuild, Boolean allowCrossApp, Boolean allowBuildInPrecompile, Boolean throwIfNotFound, Boolean ensureIsUpToDate)
   at System.Web.Compilation.BuildManager.GetVPathBuildResult(HttpContext context, VirtualPath virtualPath, Boolean noBuild, Boolean allowCrossApp, Boolean allowBuildInPrecompile, Boolean ensureIsUpToDate)
   at System.Web.Compilation.BuildManager.GetCompiledAssembly(String virtualPath)
   at Orchard.Environment.DefaultBuildManager.GetCompiledAssembly(String virtualPath) in f:\Orchard\www.showdigs.co.uk\src\Orchard\Environment\IBuildManager.cs:line 53
2015-04-01 14:47:31,880 [7] Orchard.Environment.DefaultBuildManager - (null) - Error when compiling assembly under ~/Modules/ivNet.Listing/ivNet.Listing.csproj.
System.Web.HttpCompileException (0x80004005): f:\Orchard\www.showdigs.co.uk\src\Orchard.Web\Modules\ivNet.Listing\Service\RegistrationServices.cs(32): error CS1061: 'ivNet.Listing.Models.RegistrationViewModel' does not contain a definition for 'e' and no extension method 'e' accepting a first argument of type 'ivNet.Listing.Models.RegistrationViewModel' could be found (are you missing a using directive or an assembly reference?)
   at System.Web.Compilation.BuildManager.PostProcessFoundBuildResult(BuildResult result, Boolean keyFromVPP, VirtualPath virtualPath)
   at System.Web.Compilation.BuildManager.GetBuildResultFromCacheInternal(String cacheKey, Boolean keyFromVPP, VirtualPath virtualPath, Int64 hashCode, Boolean ensureIsUpToDate)
   at System.Web.Compilation.BuildManager.GetVPathBuildResultFromCacheInternal(VirtualPath virtualPath, Boolean ensureIsUpToDate)
   at System.Web.Compilation.BuildManager.GetVPathBuildResultInternal(VirtualPath virtualPath, Boolean noBuild, Boolean allowCrossApp, Boolean allowBuildInPrecompile, Boolean throwIfNotFound, Boolean ensureIsUpToDate)
   at System.Web.Compilation.BuildManager.GetVPathBuildResultWithNoAssert(HttpContext context, VirtualPath virtualPath, Boolean noBuild, Boolean allowCrossApp, Boolean allowBuildInPrecompile, Boolean throwIfNotFound, Boolean ensureIsUpToDate)
   at System.Web.Compilation.BuildManager.GetVPathBuildResult(HttpContext context, VirtualPath virtualPath, Boolean noBuild, Boolean allowCrossApp, Boolean allowBuildInPrecompile, Boolean ensureIsUpToDate)
   at System.Web.Compilation.BuildManager.GetCompiledAssembly(String virtualPath)
   at Orchard.Environment.DefaultBuildManager.GetCompiledAssembly(String virtualPath) in f:\Orchard\www.showdigs.co.uk\src\Orchard\Environment\IBuildManager.cs:line 53
2015-04-01 14:47:31,925 [7] Orchard.Environment.DefaultBuildManager - (null) - Error when compiling assembly under ~/Modules/ivNet.Listing/ivNet.Listing.csproj.
System.Web.HttpCompileException (0x80004005): f:\Orchard\www.showdigs.co.uk\src\Orchard.Web\Modules\ivNet.Listing\Service\RegistrationServices.cs(32): error CS1061: 'ivNet.Listing.Models.RegistrationViewModel' does not contain a definition for 'e' and no extension method 'e' accepting a first argument of type 'ivNet.Listing.Models.RegistrationViewModel' could be found (are you missing a using directive or an assembly reference?)
   at System.Web.Compilation.BuildManager.PostProcessFoundBuildResult(BuildResult result, Boolean keyFromVPP, VirtualPath virtualPath)
   at System.Web.Compilation.BuildManager.GetBuildResultFromCacheInternal(String cacheKey, Boolean keyFromVPP, VirtualPath virtualPath, Int64 hashCode, Boolean ensureIsUpToDate)
   at System.Web.Compilation.BuildManager.GetVPathBuildResultFromCacheInternal(VirtualPath virtualPath, Boolean ensureIsUpToDate)
   at System.Web.Compilation.BuildManager.GetVPathBuildResultInternal(VirtualPath virtualPath, Boolean noBuild, Boolean allowCrossApp, Boolean allowBuildInPrecompile, Boolean throwIfNotFound, Boolean ensureIsUpToDate)
   at System.Web.Compilation.BuildManager.GetVPathBuildResultWithNoAssert(HttpContext context, VirtualPath virtualPath, Boolean noBuild, Boolean allowCrossApp, Boolean allowBuildInPrecompile, Boolean throwIfNotFound, Boolean ensureIsUpToDate)
   at System.Web.Compilation.BuildManager.GetVPathBuildResult(HttpContext context, VirtualPath virtualPath, Boolean noBuild, Boolean allowCrossApp, Boolean allowBuildInPrecompile, Boolean ensureIsUpToDate)
   at System.Web.Compilation.BuildManager.GetCompiledAssembly(String virtualPath)
   at Orchard.Environment.DefaultBuildManager.GetCompiledAssembly(String virtualPath) in f:\Orchard\www.showdigs.co.uk\src\Orchard\Environment\IBuildManager.cs:line 53
2015-04-01 14:47:31,978 [7] Orchard.Environment.DefaultBuildManager - (null) - Error when compiling assembly under ~/Modules/ivNet.Listing/ivNet.Listing.csproj.
System.Web.HttpCompileException (0x80004005): f:\Orchard\www.showdigs.co.uk\src\Orchard.Web\Modules\ivNet.Listing\Service\RegistrationServices.cs(32): error CS1061: 'ivNet.Listing.Models.RegistrationViewModel' does not contain a definition for 'e' and no extension method 'e' accepting a first argument of type 'ivNet.Listing.Models.RegistrationViewModel' could be found (are you missing a using directive or an assembly reference?)
   at System.Web.Compilation.BuildManager.PostProcessFoundBuildResult(BuildResult result, Boolean keyFromVPP, VirtualPath virtualPath)
   at System.Web.Compilation.BuildManager.GetBuildResultFromCacheInternal(String cacheKey, Boolean keyFromVPP, VirtualPath virtualPath, Int64 hashCode, Boolean ensureIsUpToDate)
   at System.Web.Compilation.BuildManager.GetVPathBuildResultFromCacheInternal(VirtualPath virtualPath, Boolean ensureIsUpToDate)
   at System.Web.Compilation.BuildManager.GetVPathBuildResultInternal(VirtualPath virtualPath, Boolean noBuild, Boolean allowCrossApp, Boolean allowBuildInPrecompile, Boolean throwIfNotFound, Boolean ensureIsUpToDate)
   at System.Web.Compilation.BuildManager.GetVPathBuildResultWithNoAssert(HttpContext context, VirtualPath virtualPath, Boolean noBuild, Boolean allowCrossApp, Boolean allowBuildInPrecompile, Boolean throwIfNotFound, Boolean ensureIsUpToDate)
   at System.Web.Compilation.BuildManager.GetVPathBuildResult(HttpContext context, VirtualPath virtualPath, Boolean noBuild, Boolean allowCrossApp, Boolean allowBuildInPrecompile, Boolean ensureIsUpToDate)
   at System.Web.Compilation.BuildManager.GetCompiledAssembly(String virtualPath)
   at Orchard.Environment.DefaultBuildManager.GetCompiledAssembly(String virtualPath) in f:\Orchard\www.showdigs.co.uk\src\Orchard\Environment\IBuildManager.cs:line 53
2015-04-01 14:47:32,021 [7] Orchard.Environment.DefaultBuildManager - (null) - Error when compiling assembly under ~/Modules/ivNet.Listing/ivNet.Listing.csproj.
System.Web.HttpCompileException (0x80004005): f:\Orchard\www.showdigs.co.uk\src\Orchard.Web\Modules\ivNet.Listing\Service\RegistrationServices.cs(32): error CS1061: 'ivNet.Listing.Models.RegistrationViewModel' does not contain a definition for 'e' and no extension method 'e' accepting a first argument of type 'ivNet.Listing.Models.RegistrationViewModel' could be found (are you missing a using directive or an assembly reference?)
   at System.Web.Compilation.BuildManager.PostProcessFoundBuildResult(BuildResult result, Boolean keyFromVPP, VirtualPath virtualPath)
   at System.Web.Compilation.BuildManager.GetBuildResultFromCacheInternal(String cacheKey, Boolean keyFromVPP, VirtualPath virtualPath, Int64 hashCode, Boolean ensureIsUpToDate)
   at System.Web.Compilation.BuildManager.GetVPathBuildResultFromCacheInternal(VirtualPath virtualPath, Boolean ensureIsUpToDate)
   at System.Web.Compilation.BuildManager.GetVPathBuildResultInternal(VirtualPath virtualPath, Boolean noBuild, Boolean allowCrossApp, Boolean allowBuildInPrecompile, Boolean throwIfNotFound, Boolean ensureIsUpToDate)
   at System.Web.Compilation.BuildManager.GetVPathBuildResultWithNoAssert(HttpContext context, VirtualPath virtualPath, Boolean noBuild, Boolean allowCrossApp, Boolean allowBuildInPrecompile, Boolean throwIfNotFound, Boolean ensureIsUpToDate)
   at System.Web.Compilation.BuildManager.GetVPathBuildResult(HttpContext context, VirtualPath virtualPath, Boolean noBuild, Boolean allowCrossApp, Boolean allowBuildInPrecompile, Boolean ensureIsUpToDate)
   at System.Web.Compilation.BuildManager.GetCompiledAssembly(String virtualPath)
   at Orchard.Environment.DefaultBuildManager.GetCompiledAssembly(String virtualPath) in f:\Orchard\www.showdigs.co.uk\src\Orchard\Environment\IBuildManager.cs:line 53
2015-04-01 14:47:32,101 [7] Orchard.Environment.DefaultBuildManager - (null) - Error when compiling assembly under ~/Modules/ivNet.Listing/ivNet.Listing.csproj.
System.Web.HttpCompileException (0x80004005): f:\Orchard\www.showdigs.co.uk\src\Orchard.Web\Modules\ivNet.Listing\Service\RegistrationServices.cs(32): error CS1061: 'ivNet.Listing.Models.RegistrationViewModel' does not contain a definition for 'e' and no extension method 'e' accepting a first argument of type 'ivNet.Listing.Models.RegistrationViewModel' could be found (are you missing a using directive or an assembly reference?)
   at System.Web.Compilation.BuildManager.PostProcessFoundBuildResult(BuildResult result, Boolean keyFromVPP, VirtualPath virtualPath)
   at System.Web.Compilation.BuildManager.GetBuildResultFromCacheInternal(String cacheKey, Boolean keyFromVPP, VirtualPath virtualPath, Int64 hashCode, Boolean ensureIsUpToDate)
   at System.Web.Compilation.BuildManager.GetVPathBuildResultFromCacheInternal(VirtualPath virtualPath, Boolean ensureIsUpToDate)
   at System.Web.Compilation.BuildManager.GetVPathBuildResultInternal(VirtualPath virtualPath, Boolean noBuild, Boolean allowCrossApp, Boolean allowBuildInPrecompile, Boolean throwIfNotFound, Boolean ensureIsUpToDate)
   at System.Web.Compilation.BuildManager.GetVPathBuildResultWithNoAssert(HttpContext context, VirtualPath virtualPath, Boolean noBuild, Boolean allowCrossApp, Boolean allowBuildInPrecompile, Boolean throwIfNotFound, Boolean ensureIsUpToDate)
   at System.Web.Compilation.BuildManager.GetVPathBuildResult(HttpContext context, VirtualPath virtualPath, Boolean noBuild, Boolean allowCrossApp, Boolean allowBuildInPrecompile, Boolean ensureIsUpToDate)
   at System.Web.Compilation.BuildManager.GetCompiledAssembly(String virtualPath)
   at Orchard.Environment.DefaultBuildManager.GetCompiledAssembly(String virtualPath) in f:\Orchard\www.showdigs.co.uk\src\Orchard\Environment\IBuildManager.cs:line 53
2015-04-01 14:47:32,151 [7] Orchard.Environment.DefaultBuildManager - (null) - Error when compiling assembly under ~/Modules/ivNet.Listing/ivNet.Listing.csproj.
System.Web.HttpCompileException (0x80004005): f:\Orchard\www.showdigs.co.uk\src\Orchard.Web\Modules\ivNet.Listing\Service\RegistrationServices.cs(32): error CS1061: 'ivNet.Listing.Models.RegistrationViewModel' does not contain a definition for 'e' and no extension method 'e' accepting a first argument of type 'ivNet.Listing.Models.RegistrationViewModel' could be found (are you missing a using directive or an assembly reference?)
   at System.Web.Compilation.BuildManager.PostProcessFoundBuildResult(BuildResult result, Boolean keyFromVPP, VirtualPath virtualPath)
   at System.Web.Compilation.BuildManager.GetBuildResultFromCacheInternal(String cacheKey, Boolean keyFromVPP, VirtualPath virtualPath, Int64 hashCode, Boolean ensureIsUpToDate)
   at System.Web.Compilation.BuildManager.GetVPathBuildResultFromCacheInternal(VirtualPath virtualPath, Boolean ensureIsUpToDate)
   at System.Web.Compilation.BuildManager.GetVPathBuildResultInternal(VirtualPath virtualPath, Boolean noBuild, Boolean allowCrossApp, Boolean allowBuildInPrecompile, Boolean throwIfNotFound, Boolean ensureIsUpToDate)
   at System.Web.Compilation.BuildManager.GetVPathBuildResultWithNoAssert(HttpContext context, VirtualPath virtualPath, Boolean noBuild, Boolean allowCrossApp, Boolean allowBuildInPrecompile, Boolean throwIfNotFound, Boolean ensureIsUpToDate)
   at System.Web.Compilation.BuildManager.GetVPathBuildResult(HttpContext context, VirtualPath virtualPath, Boolean noBuild, Boolean allowCrossApp, Boolean allowBuildInPrecompile, Boolean ensureIsUpToDate)
   at System.Web.Compilation.BuildManager.GetCompiledAssembly(String virtualPath)
   at Orchard.Environment.DefaultBuildManager.GetCompiledAssembly(String virtualPath) in f:\Orchard\www.showdigs.co.uk\src\Orchard\Environment\IBuildManager.cs:line 53
2015-04-01 14:47:32,195 [7] Orchard.Environment.DefaultBuildManager - (null) - Error when compiling assembly under ~/Modules/ivNet.Listing/ivNet.Listing.csproj.
System.Web.HttpCompileException (0x80004005): f:\Orchard\www.showdigs.co.uk\src\Orchard.Web\Modules\ivNet.Listing\Service\RegistrationServices.cs(32): error CS1061: 'ivNet.Listing.Models.RegistrationViewModel' does not contain a definition for 'e' and no extension method 'e' accepting a first argument of type 'ivNet.Listing.Models.RegistrationViewModel' could be found (are you missing a using directive or an assembly reference?)
   at System.Web.Compilation.BuildManager.PostProcessFoundBuildResult(BuildResult result, Boolean keyFromVPP, VirtualPath virtualPath)
   at System.Web.Compilation.BuildManager.GetBuildResultFromCacheInternal(String cacheKey, Boolean keyFromVPP, VirtualPath virtualPath, Int64 hashCode, Boolean ensureIsUpToDate)
   at System.Web.Compilation.BuildManager.GetVPathBuildResultFromCacheInternal(VirtualPath virtualPath, Boolean ensureIsUpToDate)
   at System.Web.Compilation.BuildManager.GetVPathBuildResultInternal(VirtualPath virtualPath, Boolean noBuild, Boolean allowCrossApp, Boolean allowBuildInPrecompile, Boolean throwIfNotFound, Boolean ensureIsUpToDate)
   at System.Web.Compilation.BuildManager.GetVPathBuildResultWithNoAssert(HttpContext context, VirtualPath virtualPath, Boolean noBuild, Boolean allowCrossApp, Boolean allowBuildInPrecompile, Boolean throwIfNotFound, Boolean ensureIsUpToDate)
   at System.Web.Compilation.BuildManager.GetVPathBuildResult(HttpContext context, VirtualPath virtualPath, Boolean noBuild, Boolean allowCrossApp, Boolean allowBuildInPrecompile, Boolean ensureIsUpToDate)
   at System.Web.Compilation.BuildManager.GetCompiledAssembly(String virtualPath)
   at Orchard.Environment.DefaultBuildManager.GetCompiledAssembly(String virtualPath) in f:\Orchard\www.showdigs.co.uk\src\Orchard\Environment\IBuildManager.cs:line 53
2015-04-01 14:47:32,251 [7] Orchard.Environment.DefaultBuildManager - (null) - Error when compiling assembly under ~/Modules/ivNet.Listing/ivNet.Listing.csproj.
System.Web.HttpCompileException (0x80004005): f:\Orchard\www.showdigs.co.uk\src\Orchard.Web\Modules\ivNet.Listing\Service\RegistrationServices.cs(32): error CS1061: 'ivNet.Listing.Models.RegistrationViewModel' does not contain a definition for 'e' and no extension method 'e' accepting a first argument of type 'ivNet.Listing.Models.RegistrationViewModel' could be found (are you missing a using directive or an assembly reference?)
   at System.Web.Compilation.BuildManager.PostProcessFoundBuildResult(BuildResult result, Boolean keyFromVPP, VirtualPath virtualPath)
   at System.Web.Compilation.BuildManager.GetBuildResultFromCacheInternal(String cacheKey, Boolean keyFromVPP, VirtualPath virtualPath, Int64 hashCode, Boolean ensureIsUpToDate)
   at System.Web.Compilation.BuildManager.GetVPathBuildResultFromCacheInternal(VirtualPath virtualPath, Boolean ensureIsUpToDate)
   at System.Web.Compilation.BuildManager.GetVPathBuildResultInternal(VirtualPath virtualPath, Boolean noBuild, Boolean allowCrossApp, Boolean allowBuildInPrecompile, Boolean throwIfNotFound, Boolean ensureIsUpToDate)
   at System.Web.Compilation.BuildManager.GetVPathBuildResultWithNoAssert(HttpContext context, VirtualPath virtualPath, Boolean noBuild, Boolean allowCrossApp, Boolean allowBuildInPrecompile, Boolean throwIfNotFound, Boolean ensureIsUpToDate)
   at System.Web.Compilation.BuildManager.GetVPathBuildResult(HttpContext context, VirtualPath virtualPath, Boolean noBuild, Boolean allowCrossApp, Boolean allowBuildInPrecompile, Boolean ensureIsUpToDate)
   at System.Web.Compilation.BuildManager.GetCompiledAssembly(String virtualPath)
   at Orchard.Environment.DefaultBuildManager.GetCompiledAssembly(String virtualPath) in f:\Orchard\www.showdigs.co.uk\src\Orchard\Environment\IBuildManager.cs:line 53
2015-04-01 14:47:32,313 [7] Orchard.Environment.DefaultBuildManager - (null) - Error when compiling assembly under ~/Modules/ivNet.Listing/ivNet.Listing.csproj.
System.Web.HttpCompileException (0x80004005): f:\Orchard\www.showdigs.co.uk\src\Orchard.Web\Modules\ivNet.Listing\Service\RegistrationServices.cs(32): error CS1061: 'ivNet.Listing.Models.RegistrationViewModel' does not contain a definition for 'e' and no extension method 'e' accepting a first argument of type 'ivNet.Listing.Models.RegistrationViewModel' could be found (are you missing a using directive or an assembly reference?)
   at System.Web.Compilation.BuildManager.PostProcessFoundBuildResult(BuildResult result, Boolean keyFromVPP, VirtualPath virtualPath)
   at System.Web.Compilation.BuildManager.GetBuildResultFromCacheInternal(String cacheKey, Boolean keyFromVPP, VirtualPath virtualPath, Int64 hashCode, Boolean ensureIsUpToDate)
   at System.Web.Compilation.BuildManager.GetVPathBuildResultFromCacheInternal(VirtualPath virtualPath, Boolean ensureIsUpToDate)
   at System.Web.Compilation.BuildManager.GetVPathBuildResultInternal(VirtualPath virtualPath, Boolean noBuild, Boolean allowCrossApp, Boolean allowBuildInPrecompile, Boolean throwIfNotFound, Boolean ensureIsUpToDate)
   at System.Web.Compilation.BuildManager.GetVPathBuildResultWithNoAssert(HttpContext context, VirtualPath virtualPath, Boolean noBuild, Boolean allowCrossApp, Boolean allowBuildInPrecompile, Boolean throwIfNotFound, Boolean ensureIsUpToDate)
   at System.Web.Compilation.BuildManager.GetVPathBuildResult(HttpContext context, VirtualPath virtualPath, Boolean noBuild, Boolean allowCrossApp, Boolean allowBuildInPrecompile, Boolean ensureIsUpToDate)
   at System.Web.Compilation.BuildManager.GetCompiledAssembly(String virtualPath)
   at Orchard.Environment.DefaultBuildManager.GetCompiledAssembly(String virtualPath) in f:\Orchard\www.showdigs.co.uk\src\Orchard\Environment\IBuildManager.cs:line 53
2015-04-01 14:47:32,361 [7] Orchard.Environment.DefaultBuildManager - (null) - Error when compiling assembly under ~/Modules/ivNet.Listing/ivNet.Listing.csproj.
System.Web.HttpCompileException (0x80004005): f:\Orchard\www.showdigs.co.uk\src\Orchard.Web\Modules\ivNet.Listing\Service\RegistrationServices.cs(32): error CS1061: 'ivNet.Listing.Models.RegistrationViewModel' does not contain a definition for 'e' and no extension method 'e' accepting a first argument of type 'ivNet.Listing.Models.RegistrationViewModel' could be found (are you missing a using directive or an assembly reference?)
   at System.Web.Compilation.BuildManager.PostProcessFoundBuildResult(BuildResult result, Boolean keyFromVPP, VirtualPath virtualPath)
   at System.Web.Compilation.BuildManager.GetBuildResultFromCacheInternal(String cacheKey, Boolean keyFromVPP, VirtualPath virtualPath, Int64 hashCode, Boolean ensureIsUpToDate)
   at System.Web.Compilation.BuildManager.GetVPathBuildResultFromCacheInternal(VirtualPath virtualPath, Boolean ensureIsUpToDate)
   at System.Web.Compilation.BuildManager.GetVPathBuildResultInternal(VirtualPath virtualPath, Boolean noBuild, Boolean allowCrossApp, Boolean allowBuildInPrecompile, Boolean throwIfNotFound, Boolean ensureIsUpToDate)
   at System.Web.Compilation.BuildManager.GetVPathBuildResultWithNoAssert(HttpContext context, VirtualPath virtualPath, Boolean noBuild, Boolean allowCrossApp, Boolean allowBuildInPrecompile, Boolean throwIfNotFound, Boolean ensureIsUpToDate)
   at System.Web.Compilation.BuildManager.GetVPathBuildResult(HttpContext context, VirtualPath virtualPath, Boolean noBuild, Boolean allowCrossApp, Boolean allowBuildInPrecompile, Boolean ensureIsUpToDate)
   at System.Web.Compilation.BuildManager.GetCompiledAssembly(String virtualPath)
   at Orchard.Environment.DefaultBuildManager.GetCompiledAssembly(String virtualPath) in f:\Orchard\www.showdigs.co.uk\src\Orchard\Environment\IBuildManager.cs:line 53
2015-04-01 14:47:32,410 [7] Orchard.Environment.DefaultBuildManager - (null) - Error when compiling assembly under ~/Modules/ivNet.Listing/ivNet.Listing.csproj.
System.Web.HttpCompileException (0x80004005): f:\Orchard\www.showdigs.co.uk\src\Orchard.Web\Modules\ivNet.Listing\Service\RegistrationServices.cs(32): error CS1061: 'ivNet.Listing.Models.RegistrationViewModel' does not contain a definition for 'e' and no extension method 'e' accepting a first argument of type 'ivNet.Listing.Models.RegistrationViewModel' could be found (are you missing a using directive or an assembly reference?)
   at System.Web.Compilation.BuildManager.PostProcessFoundBuildResult(BuildResult result, Boolean keyFromVPP, VirtualPath virtualPath)
   at System.Web.Compilation.BuildManager.GetBuildResultFromCacheInternal(String cacheKey, Boolean keyFromVPP, VirtualPath virtualPath, Int64 hashCode, Boolean ensureIsUpToDate)
   at System.Web.Compilation.BuildManager.GetVPathBuildResultFromCacheInternal(VirtualPath virtualPath, Boolean ensureIsUpToDate)
   at System.Web.Compilation.BuildManager.GetVPathBuildResultInternal(VirtualPath virtualPath, Boolean noBuild, Boolean allowCrossApp, Boolean allowBuildInPrecompile, Boolean throwIfNotFound, Boolean ensureIsUpToDate)
   at System.Web.Compilation.BuildManager.GetVPathBuildResultWithNoAssert(HttpContext context, VirtualPath virtualPath, Boolean noBuild, Boolean allowCrossApp, Boolean allowBuildInPrecompile, Boolean throwIfNotFound, Boolean ensureIsUpToDate)
   at System.Web.Compilation.BuildManager.GetVPathBuildResult(HttpContext context, VirtualPath virtualPath, Boolean noBuild, Boolean allowCrossApp, Boolean allowBuildInPrecompile, Boolean ensureIsUpToDate)
   at System.Web.Compilation.BuildManager.GetCompiledAssembly(String virtualPath)
   at Orchard.Environment.DefaultBuildManager.GetCompiledAssembly(String virtualPath) in f:\Orchard\www.showdigs.co.uk\src\Orchard\Environment\IBuildManager.cs:line 53
2015-04-01 14:47:32,456 [7] Orchard.Environment.DefaultBuildManager - (null) - Error when compiling assembly under ~/Modules/ivNet.Listing/ivNet.Listing.csproj.
System.Web.HttpCompileException (0x80004005): f:\Orchard\www.showdigs.co.uk\src\Orchard.Web\Modules\ivNet.Listing\Service\RegistrationServices.cs(32): error CS1061: 'ivNet.Listing.Models.RegistrationViewModel' does not contain a definition for 'e' and no extension method 'e' accepting a first argument of type 'ivNet.Listing.Models.RegistrationViewModel' could be found (are you missing a using directive or an assembly reference?)
   at System.Web.Compilation.BuildManager.PostProcessFoundBuildResult(BuildResult result, Boolean keyFromVPP, VirtualPath virtualPath)
   at System.Web.Compilation.BuildManager.GetBuildResultFromCacheInternal(String cacheKey, Boolean keyFromVPP, VirtualPath virtualPath, Int64 hashCode, Boolean ensureIsUpToDate)
   at System.Web.Compilation.BuildManager.GetVPathBuildResultFromCacheInternal(VirtualPath virtualPath, Boolean ensureIsUpToDate)
   at System.Web.Compilation.BuildManager.GetVPathBuildResultInternal(VirtualPath virtualPath, Boolean noBuild, Boolean allowCrossApp, Boolean allowBuildInPrecompile, Boolean throwIfNotFound, Boolean ensureIsUpToDate)
   at System.Web.Compilation.BuildManager.GetVPathBuildResultWithNoAssert(HttpContext context, VirtualPath virtualPath, Boolean noBuild, Boolean allowCrossApp, Boolean allowBuildInPrecompile, Boolean throwIfNotFound, Boolean ensureIsUpToDate)
   at System.Web.Compilation.BuildManager.GetVPathBuildResult(HttpContext context, VirtualPath virtualPath, Boolean noBuild, Boolean allowCrossApp, Boolean allowBuildInPrecompile, Boolean ensureIsUpToDate)
   at System.Web.Compilation.BuildManager.GetCompiledAssembly(String virtualPath)
   at Orchard.Environment.DefaultBuildManager.GetCompiledAssembly(String virtualPath) in f:\Orchard\www.showdigs.co.uk\src\Orchard\Environment\IBuildManager.cs:line 53
2015-04-01 14:47:32,502 [7] Orchard.Environment.DefaultBuildManager - (null) - Error when compiling assembly under ~/Modules/ivNet.Listing/ivNet.Listing.csproj.
System.Web.HttpCompileException (0x80004005): f:\Orchard\www.showdigs.co.uk\src\Orchard.Web\Modules\ivNet.Listing\Service\RegistrationServices.cs(32): error CS1061: 'ivNet.Listing.Models.RegistrationViewModel' does not contain a definition for 'e' and no extension method 'e' accepting a first argument of type 'ivNet.Listing.Models.RegistrationViewModel' could be found (are you missing a using directive or an assembly reference?)
   at System.Web.Compilation.BuildManager.PostProcessFoundBuildResult(BuildResult result, Boolean keyFromVPP, VirtualPath virtualPath)
   at System.Web.Compilation.BuildManager.GetBuildResultFromCacheInternal(String cacheKey, Boolean keyFromVPP, VirtualPath virtualPath, Int64 hashCode, Boolean ensureIsUpToDate)
   at System.Web.Compilation.BuildManager.GetVPathBuildResultFromCacheInternal(VirtualPath virtualPath, Boolean ensureIsUpToDate)
   at System.Web.Compilation.BuildManager.GetVPathBuildResultInternal(VirtualPath virtualPath, Boolean noBuild, Boolean allowCrossApp, Boolean allowBuildInPrecompile, Boolean throwIfNotFound, Boolean ensureIsUpToDate)
   at System.Web.Compilation.BuildManager.GetVPathBuildResultWithNoAssert(HttpContext context, VirtualPath virtualPath, Boolean noBuild, Boolean allowCrossApp, Boolean allowBuildInPrecompile, Boolean throwIfNotFound, Boolean ensureIsUpToDate)
   at System.Web.Compilation.BuildManager.GetVPathBuildResult(HttpContext context, VirtualPath virtualPath, Boolean noBuild, Boolean allowCrossApp, Boolean allowBuildInPrecompile, Boolean ensureIsUpToDate)
   at System.Web.Compilation.BuildManager.GetCompiledAssembly(String virtualPath)
   at Orchard.Environment.DefaultBuildManager.GetCompiledAssembly(String virtualPath) in f:\Orchard\www.showdigs.co.uk\src\Orchard\Environment\IBuildManager.cs:line 53
2015-04-01 14:47:32,549 [7] Orchard.Environment.DefaultBuildManager - (null) - Error when compiling assembly under ~/Modules/ivNet.Listing/ivNet.Listing.csproj.
System.Web.HttpCompileException (0x80004005): f:\Orchard\www.showdigs.co.uk\src\Orchard.Web\Modules\ivNet.Listing\Service\RegistrationServices.cs(32): error CS1061: 'ivNet.Listing.Models.RegistrationViewModel' does not contain a definition for 'e' and no extension method 'e' accepting a first argument of type 'ivNet.Listing.Models.RegistrationViewModel' could be found (are you missing a using directive or an assembly reference?)
   at System.Web.Compilation.BuildManager.PostProcessFoundBuildResult(BuildResult result, Boolean keyFromVPP, VirtualPath virtualPath)
   at System.Web.Compilation.BuildManager.GetBuildResultFromCacheInternal(String cacheKey, Boolean keyFromVPP, VirtualPath virtualPath, Int64 hashCode, Boolean ensureIsUpToDate)
   at System.Web.Compilation.BuildManager.GetVPathBuildResultFromCacheInternal(VirtualPath virtualPath, Boolean ensureIsUpToDate)
   at System.Web.Compilation.BuildManager.GetVPathBuildResultInternal(VirtualPath virtualPath, Boolean noBuild, Boolean allowCrossApp, Boolean allowBuildInPrecompile, Boolean throwIfNotFound, Boolean ensureIsUpToDate)
   at System.Web.Compilation.BuildManager.GetVPathBuildResultWithNoAssert(HttpContext context, VirtualPath virtualPath, Boolean noBuild, Boolean allowCrossApp, Boolean allowBuildInPrecompile, Boolean throwIfNotFound, Boolean ensureIsUpToDate)
   at System.Web.Compilation.BuildManager.GetVPathBuildResult(HttpContext context, VirtualPath virtualPath, Boolean noBuild, Boolean allowCrossApp, Boolean allowBuildInPrecompile, Boolean ensureIsUpToDate)
   at System.Web.Compilation.BuildManager.GetCompiledAssembly(String virtualPath)
   at Orchard.Environment.DefaultBuildManager.GetCompiledAssembly(String virtualPath) in f:\Orchard\www.showdigs.co.uk\src\Orchard\Environment\IBuildManager.cs:line 53
2015-04-01 14:47:32,598 [7] Orchard.Environment.DefaultBuildManager - (null) - Error when compiling assembly under ~/Modules/ivNet.Listing/ivNet.Listing.csproj.
System.Web.HttpCompileException (0x80004005): f:\Orchard\www.showdigs.co.uk\src\Orchard.Web\Modules\ivNet.Listing\Service\RegistrationServices.cs(32): error CS1061: 'ivNet.Listing.Models.RegistrationViewModel' does not contain a definition for 'e' and no extension method 'e' accepting a first argument of type 'ivNet.Listing.Models.RegistrationViewModel' could be found (are you missing a using directive or an assembly reference?)
   at System.Web.Compilation.BuildManager.PostProcessFoundBuildResult(BuildResult result, Boolean keyFromVPP, VirtualPath virtualPath)
   at System.Web.Compilation.BuildManager.GetBuildResultFromCacheInternal(String cacheKey, Boolean keyFromVPP, VirtualPath virtualPath, Int64 hashCode, Boolean ensureIsUpToDate)
   at System.Web.Compilation.BuildManager.GetVPathBuildResultFromCacheInternal(VirtualPath virtualPath, Boolean ensureIsUpToDate)
   at System.Web.Compilation.BuildManager.GetVPathBuildResultInternal(VirtualPath virtualPath, Boolean noBuild, Boolean allowCrossApp, Boolean allowBuildInPrecompile, Boolean throwIfNotFound, Boolean ensureIsUpToDate)
   at System.Web.Compilation.BuildManager.GetVPathBuildResultWithNoAssert(HttpContext context, VirtualPath virtualPath, Boolean noBuild, Boolean allowCrossApp, Boolean allowBuildInPrecompile, Boolean throwIfNotFound, Boolean ensureIsUpToDate)
   at System.Web.Compilation.BuildManager.GetVPathBuildResult(HttpContext context, VirtualPath virtualPath, Boolean noBuild, Boolean allowCrossApp, Boolean allowBuildInPrecompile, Boolean ensureIsUpToDate)
   at System.Web.Compilation.BuildManager.GetCompiledAssembly(String virtualPath)
   at Orchard.Environment.DefaultBuildManager.GetCompiledAssembly(String virtualPath) in f:\Orchard\www.showdigs.co.uk\src\Orchard\Environment\IBuildManager.cs:line 53
2015-04-01 14:47:32,650 [7] Orchard.Environment.DefaultBuildManager - (null) - Error when compiling assembly under ~/Modules/ivNet.Listing/ivNet.Listing.csproj.
System.Web.HttpCompileException (0x80004005): f:\Orchard\www.showdigs.co.uk\src\Orchard.Web\Modules\ivNet.Listing\Service\RegistrationServices.cs(32): error CS1061: 'ivNet.Listing.Models.RegistrationViewModel' does not contain a definition for 'e' and no extension method 'e' accepting a first argument of type 'ivNet.Listing.Models.RegistrationViewModel' could be found (are you missing a using directive or an assembly reference?)
   at System.Web.Compilation.BuildManager.PostProcessFoundBuildResult(BuildResult result, Boolean keyFromVPP, VirtualPath virtualPath)
   at System.Web.Compilation.BuildManager.GetBuildResultFromCacheInternal(String cacheKey, Boolean keyFromVPP, VirtualPath virtualPath, Int64 hashCode, Boolean ensureIsUpToDate)
   at System.Web.Compilation.BuildManager.GetVPathBuildResultFromCacheInternal(VirtualPath virtualPath, Boolean ensureIsUpToDate)
   at System.Web.Compilation.BuildManager.GetVPathBuildResultInternal(VirtualPath virtualPath, Boolean noBuild, Boolean allowCrossApp, Boolean allowBuildInPrecompile, Boolean throwIfNotFound, Boolean ensureIsUpToDate)
   at System.Web.Compilation.BuildManager.GetVPathBuildResultWithNoAssert(HttpContext context, VirtualPath virtualPath, Boolean noBuild, Boolean allowCrossApp, Boolean allowBuildInPrecompile, Boolean throwIfNotFound, Boolean ensureIsUpToDate)
   at System.Web.Compilation.BuildManager.GetVPathBuildResult(HttpContext context, VirtualPath virtualPath, Boolean noBuild, Boolean allowCrossApp, Boolean allowBuildInPrecompile, Boolean ensureIsUpToDate)
   at System.Web.Compilation.BuildManager.GetCompiledAssembly(String virtualPath)
   at Orchard.Environment.DefaultBuildManager.GetCompiledAssembly(String virtualPath) in f:\Orchard\www.showdigs.co.uk\src\Orchard\Environment\IBuildManager.cs:line 53
2015-04-01 14:47:32,699 [7] Orchard.Environment.DefaultBuildManager - (null) - Error when compiling assembly under ~/Modules/ivNet.Listing/ivNet.Listing.csproj.
System.Web.HttpCompileException (0x80004005): f:\Orchard\www.showdigs.co.uk\src\Orchard.Web\Modules\ivNet.Listing\Service\RegistrationServices.cs(32): error CS1061: 'ivNet.Listing.Models.RegistrationViewModel' does not contain a definition for 'e' and no extension method 'e' accepting a first argument of type 'ivNet.Listing.Models.RegistrationViewModel' could be found (are you missing a using directive or an assembly reference?)
   at System.Web.Compilation.BuildManager.PostProcessFoundBuildResult(BuildResult result, Boolean keyFromVPP, VirtualPath virtualPath)
   at System.Web.Compilation.BuildManager.GetBuildResultFromCacheInternal(String cacheKey, Boolean keyFromVPP, VirtualPath virtualPath, Int64 hashCode, Boolean ensureIsUpToDate)
   at System.Web.Compilation.BuildManager.GetVPathBuildResultFromCacheInternal(VirtualPath virtualPath, Boolean ensureIsUpToDate)
   at System.Web.Compilation.BuildManager.GetVPathBuildResultInternal(VirtualPath virtualPath, Boolean noBuild, Boolean allowCrossApp, Boolean allowBuildInPrecompile, Boolean throwIfNotFound, Boolean ensureIsUpToDate)
   at System.Web.Compilation.BuildManager.GetVPathBuildResultWithNoAssert(HttpContext context, VirtualPath virtualPath, Boolean noBuild, Boolean allowCrossApp, Boolean allowBuildInPrecompile, Boolean throwIfNotFound, Boolean ensureIsUpToDate)
   at System.Web.Compilation.BuildManager.GetVPathBuildResult(HttpContext context, VirtualPath virtualPath, Boolean noBuild, Boolean allowCrossApp, Boolean allowBuildInPrecompile, Boolean ensureIsUpToDate)
   at System.Web.Compilation.BuildManager.GetCompiledAssembly(String virtualPath)
   at Orchard.Environment.DefaultBuildManager.GetCompiledAssembly(String virtualPath) in f:\Orchard\www.showdigs.co.uk\src\Orchard\Environment\IBuildManager.cs:line 53
2015-04-01 14:47:32,743 [7] Orchard.Environment.DefaultBuildManager - (null) - Error when compiling assembly under ~/Modules/ivNet.Listing/ivNet.Listing.csproj.
System.Web.HttpCompileException (0x80004005): f:\Orchard\www.showdigs.co.uk\src\Orchard.Web\Modules\ivNet.Listing\Service\RegistrationServices.cs(32): error CS1061: 'ivNet.Listing.Models.RegistrationViewModel' does not contain a definition for 'e' and no extension method 'e' accepting a first argument of type 'ivNet.Listing.Models.RegistrationViewModel' could be found (are you missing a using directive or an assembly reference?)
   at System.Web.Compilation.BuildManager.PostProcessFoundBuildResult(BuildResult result, Boolean keyFromVPP, VirtualPath virtualPath)
   at System.Web.Compilation.BuildManager.GetBuildResultFromCacheInternal(String cacheKey, Boolean keyFromVPP, VirtualPath virtualPath, Int64 hashCode, Boolean ensureIsUpToDate)
   at System.Web.Compilation.BuildManager.GetVPathBuildResultFromCacheInternal(VirtualPath virtualPath, Boolean ensureIsUpToDate)
   at System.Web.Compilation.BuildManager.GetVPathBuildResultInternal(VirtualPath virtualPath, Boolean noBuild, Boolean allowCrossApp, Boolean allowBuildInPrecompile, Boolean throwIfNotFound, Boolean ensureIsUpToDate)
   at System.Web.Compilation.BuildManager.GetVPathBuildResultWithNoAssert(HttpContext context, VirtualPath virtualPath, Boolean noBuild, Boolean allowCrossApp, Boolean allowBuildInPrecompile, Boolean throwIfNotFound, Boolean ensureIsUpToDate)
   at System.Web.Compilation.BuildManager.GetVPathBuildResult(HttpContext context, VirtualPath virtualPath, Boolean noBuild, Boolean allowCrossApp, Boolean allowBuildInPrecompile, Boolean ensureIsUpToDate)
   at System.Web.Compilation.BuildManager.GetCompiledAssembly(String virtualPath)
   at Orchard.Environment.DefaultBuildManager.GetCompiledAssembly(String virtualPath) in f:\Orchard\www.showdigs.co.uk\src\Orchard\Environment\IBuildManager.cs:line 53
2015-04-01 14:47:32,785 [7] Orchard.Environment.DefaultBuildManager - (null) - Error when compiling assembly under ~/Modules/ivNet.Listing/ivNet.Listing.csproj.
System.Web.HttpCompileException (0x80004005): f:\Orchard\www.showdigs.co.uk\src\Orchard.Web\Modules\ivNet.Listing\Service\RegistrationServices.cs(32): error CS1061: 'ivNet.Listing.Models.RegistrationViewModel' does not contain a definition for 'e' and no extension method 'e' accepting a first argument of type 'ivNet.Listing.Models.RegistrationViewModel' could be found (are you missing a using directive or an assembly reference?)
   at System.Web.Compilation.BuildManager.PostProcessFoundBuildResult(BuildResult result, Boolean keyFromVPP, VirtualPath virtualPath)
   at System.Web.Compilation.BuildManager.GetBuildResultFromCacheInternal(String cacheKey, Boolean keyFromVPP, VirtualPath virtualPath, Int64 hashCode, Boolean ensureIsUpToDate)
   at System.Web.Compilation.BuildManager.GetVPathBuildResultFromCacheInternal(VirtualPath virtualPath, Boolean ensureIsUpToDate)
   at System.Web.Compilation.BuildManager.GetVPathBuildResultInternal(VirtualPath virtualPath, Boolean noBuild, Boolean allowCrossApp, Boolean allowBuildInPrecompile, Boolean throwIfNotFound, Boolean ensureIsUpToDate)
   at System.Web.Compilation.BuildManager.GetVPathBuildResultWithNoAssert(HttpContext context, VirtualPath virtualPath, Boolean noBuild, Boolean allowCrossApp, Boolean allowBuildInPrecompile, Boolean throwIfNotFound, Boolean ensureIsUpToDate)
   at System.Web.Compilation.BuildManager.GetVPathBuildResult(HttpContext context, VirtualPath virtualPath, Boolean noBuild, Boolean allowCrossApp, Boolean allowBuildInPrecompile, Boolean ensureIsUpToDate)
   at System.Web.Compilation.BuildManager.GetCompiledAssembly(String virtualPath)
   at Orchard.Environment.DefaultBuildManager.GetCompiledAssembly(String virtualPath) in f:\Orchard\www.showdigs.co.uk\src\Orchard\Environment\IBuildManager.cs:line 53
2015-04-01 14:47:32,829 [7] Orchard.Environment.DefaultBuildManager - (null) - Error when compiling assembly under ~/Modules/ivNet.Listing/ivNet.Listing.csproj.
System.Web.HttpCompileException (0x80004005): f:\Orchard\www.showdigs.co.uk\src\Orchard.Web\Modules\ivNet.Listing\Service\RegistrationServices.cs(32): error CS1061: 'ivNet.Listing.Models.RegistrationViewModel' does not contain a definition for 'e' and no extension method 'e' accepting a first argument of type 'ivNet.Listing.Models.RegistrationViewModel' could be found (are you missing a using directive or an assembly reference?)
   at System.Web.Compilation.BuildManager.PostProcessFoundBuildResult(BuildResult result, Boolean keyFromVPP, VirtualPath virtualPath)
   at System.Web.Compilation.BuildManager.GetBuildResultFromCacheInternal(String cacheKey, Boolean keyFromVPP, VirtualPath virtualPath, Int64 hashCode, Boolean ensureIsUpToDate)
   at System.Web.Compilation.BuildManager.GetVPathBuildResultFromCacheInternal(VirtualPath virtualPath, Boolean ensureIsUpToDate)
   at System.Web.Compilation.BuildManager.GetVPathBuildResultInternal(VirtualPath virtualPath, Boolean noBuild, Boolean allowCrossApp, Boolean allowBuildInPrecompile, Boolean throwIfNotFound, Boolean ensureIsUpToDate)
   at System.Web.Compilation.BuildManager.GetVPathBuildResultWithNoAssert(HttpContext context, VirtualPath virtualPath, Boolean noBuild, Boolean allowCrossApp, Boolean allowBuildInPrecompile, Boolean throwIfNotFound, Boolean ensureIsUpToDate)
   at System.Web.Compilation.BuildManager.GetVPathBuildResult(HttpContext context, VirtualPath virtualPath, Boolean noBuild, Boolean allowCrossApp, Boolean allowBuildInPrecompile, Boolean ensureIsUpToDate)
   at System.Web.Compilation.BuildManager.GetCompiledAssembly(String virtualPath)
   at Orchard.Environment.DefaultBuildManager.GetCompiledAssembly(String virtualPath) in f:\Orchard\www.showdigs.co.uk\src\Orchard\Environment\IBuildManager.cs:line 53
2015-04-01 14:47:32,872 [7] Orchard.Environment.DefaultBuildManager - (null) - Error when compiling assembly under ~/Modules/ivNet.Listing/ivNet.Listing.csproj.
System.Web.HttpCompileException (0x80004005): f:\Orchard\www.showdigs.co.uk\src\Orchard.Web\Modules\ivNet.Listing\Service\RegistrationServices.cs(32): error CS1061: 'ivNet.Listing.Models.RegistrationViewModel' does not contain a definition for 'e' and no extension method 'e' accepting a first argument of type 'ivNet.Listing.Models.RegistrationViewModel' could be found (are you missing a using directive or an assembly reference?)
   at System.Web.Compilation.BuildManager.PostProcessFoundBuildResult(BuildResult result, Boolean keyFromVPP, VirtualPath virtualPath)
   at System.Web.Compilation.BuildManager.GetBuildResultFromCacheInternal(String cacheKey, Boolean keyFromVPP, VirtualPath virtualPath, Int64 hashCode, Boolean ensureIsUpToDate)
   at System.Web.Compilation.BuildManager.GetVPathBuildResultFromCacheInternal(VirtualPath virtualPath, Boolean ensureIsUpToDate)
   at System.Web.Compilation.BuildManager.GetVPathBuildResultInternal(VirtualPath virtualPath, Boolean noBuild, Boolean allowCrossApp, Boolean allowBuildInPrecompile, Boolean throwIfNotFound, Boolean ensureIsUpToDate)
   at System.Web.Compilation.BuildManager.GetVPathBuildResultWithNoAssert(HttpContext context, VirtualPath virtualPath, Boolean noBuild, Boolean allowCrossApp, Boolean allowBuildInPrecompile, Boolean throwIfNotFound, Boolean ensureIsUpToDate)
   at System.Web.Compilation.BuildManager.GetVPathBuildResult(HttpContext context, VirtualPath virtualPath, Boolean noBuild, Boolean allowCrossApp, Boolean allowBuildInPrecompile, Boolean ensureIsUpToDate)
   at System.Web.Compilation.BuildManager.GetCompiledAssembly(String virtualPath)
   at Orchard.Environment.DefaultBuildManager.GetCompiledAssembly(String virtualPath) in f:\Orchard\www.showdigs.co.uk\src\Orchard\Environment\IBuildManager.cs:line 53
2015-04-01 14:47:32,920 [7] Orchard.Environment.DefaultBuildManager - (null) - Error when compiling assembly under ~/Modules/ivNet.Listing/ivNet.Listing.csproj.
System.Web.HttpCompileException (0x80004005): f:\Orchard\www.showdigs.co.uk\src\Orchard.Web\Modules\ivNet.Listing\Service\RegistrationServices.cs(32): error CS1061: 'ivNet.Listing.Models.RegistrationViewModel' does not contain a definition for 'e' and no extension method 'e' accepting a first argument of type 'ivNet.Listing.Models.RegistrationViewModel' could be found (are you missing a using directive or an assembly reference?)
   at System.Web.Compilation.BuildManager.PostProcessFoundBuildResult(BuildResult result, Boolean keyFromVPP, VirtualPath virtualPath)
   at System.Web.Compilation.BuildManager.GetBuildResultFromCacheInternal(String cacheKey, Boolean keyFromVPP, VirtualPath virtualPath, Int64 hashCode, Boolean ensureIsUpToDate)
   at System.Web.Compilation.BuildManager.GetVPathBuildResultFromCacheInternal(VirtualPath virtualPath, Boolean ensureIsUpToDate)
   at System.Web.Compilation.BuildManager.GetVPathBuildResultInternal(VirtualPath virtualPath, Boolean noBuild, Boolean allowCrossApp, Boolean allowBuildInPrecompile, Boolean throwIfNotFound, Boolean ensureIsUpToDate)
   at System.Web.Compilation.BuildManager.GetVPathBuildResultWithNoAssert(HttpContext context, VirtualPath virtualPath, Boolean noBuild, Boolean allowCrossApp, Boolean allowBuildInPrecompile, Boolean throwIfNotFound, Boolean ensureIsUpToDate)
   at System.Web.Compilation.BuildManager.GetVPathBuildResult(HttpContext context, VirtualPath virtualPath, Boolean noBuild, Boolean allowCrossApp, Boolean allowBuildInPrecompile, Boolean ensureIsUpToDate)
   at System.Web.Compilation.BuildManager.GetCompiledAssembly(String virtualPath)
   at Orchard.Environment.DefaultBuildManager.GetCompiledAssembly(String virtualPath) in f:\Orchard\www.showdigs.co.uk\src\Orchard\Environment\IBuildManager.cs:line 53
2015-04-01 14:47:32,965 [7] Orchard.Environment.DefaultBuildManager - (null) - Error when compiling assembly under ~/Modules/ivNet.Listing/ivNet.Listing.csproj.
System.Web.HttpCompileException (0x80004005): f:\Orchard\www.showdigs.co.uk\src\Orchard.Web\Modules\ivNet.Listing\Service\RegistrationServices.cs(32): error CS1061: 'ivNet.Listing.Models.RegistrationViewModel' does not contain a definition for 'e' and no extension method 'e' accepting a first argument of type 'ivNet.Listing.Models.RegistrationViewModel' could be found (are you missing a using directive or an assembly reference?)
   at System.Web.Compilation.BuildManager.PostProcessFoundBuildResult(BuildResult result, Boolean keyFromVPP, VirtualPath virtualPath)
   at System.Web.Compilation.BuildManager.GetBuildResultFromCacheInternal(String cacheKey, Boolean keyFromVPP, VirtualPath virtualPath, Int64 hashCode, Boolean ensureIsUpToDate)
   at System.Web.Compilation.BuildManager.GetVPathBuildResultFromCacheInternal(VirtualPath virtualPath, Boolean ensureIsUpToDate)
   at System.Web.Compilation.BuildManager.GetVPathBuildResultInternal(VirtualPath virtualPath, Boolean noBuild, Boolean allowCrossApp, Boolean allowBuildInPrecompile, Boolean throwIfNotFound, Boolean ensureIsUpToDate)
   at System.Web.Compilation.BuildManager.GetVPathBuildResultWithNoAssert(HttpContext context, VirtualPath virtualPath, Boolean noBuild, Boolean allowCrossApp, Boolean allowBuildInPrecompile, Boolean throwIfNotFound, Boolean ensureIsUpToDate)
   at System.Web.Compilation.BuildManager.GetVPathBuildResult(HttpContext context, VirtualPath virtualPath, Boolean noBuild, Boolean allowCrossApp, Boolean allowBuildInPrecompile, Boolean ensureIsUpToDate)
   at System.Web.Compilation.BuildManager.GetCompiledAssembly(String virtualPath)
   at Orchard.Environment.DefaultBuildManager.GetCompiledAssembly(String virtualPath) in f:\Orchard\www.showdigs.co.uk\src\Orchard\Environment\IBuildManager.cs:line 53
2015-04-01 14:47:34,337 [7] Orchard.Environment.DefaultBuildManager - (null) - Error when compiling assembly under ~/Modules/ivNet.Listing/ivNet.Listing.csproj.
System.Web.HttpCompileException (0x80004005): f:\Orchard\www.showdigs.co.uk\src\Orchard.Web\Modules\ivNet.Listing\Service\RegistrationServices.cs(32): error CS1061: 'ivNet.Listing.Models.RegistrationViewModel' does not contain a definition for 'e' and no extension method 'e' accepting a first argument of type 'ivNet.Listing.Models.RegistrationViewModel' could be found (are you missing a using directive or an assembly reference?)
   at System.Web.Compilation.BuildManager.PostProcessFoundBuildResult(BuildResult result, Boolean keyFromVPP, VirtualPath virtualPath)
   at System.Web.Compilation.BuildManager.GetBuildResultFromCacheInternal(String cacheKey, Boolean keyFromVPP, VirtualPath virtualPath, Int64 hashCode, Boolean ensureIsUpToDate)
   at System.Web.Compilation.BuildManager.GetVPathBuildResultFromCacheInternal(VirtualPath virtualPath, Boolean ensureIsUpToDate)
   at System.Web.Compilation.BuildManager.GetVPathBuildResultInternal(VirtualPath virtualPath, Boolean noBuild, Boolean allowCrossApp, Boolean allowBuildInPrecompile, Boolean throwIfNotFound, Boolean ensureIsUpToDate)
   at System.Web.Compilation.BuildManager.GetVPathBuildResultWithNoAssert(HttpContext context, VirtualPath virtualPath, Boolean noBuild, Boolean allowCrossApp, Boolean allowBuildInPrecompile, Boolean throwIfNotFound, Boolean ensureIsUpToDate)
   at System.Web.Compilation.BuildManager.GetVPathBuildResult(HttpContext context, VirtualPath virtualPath, Boolean noBuild, Boolean allowCrossApp, Boolean allowBuildInPrecompile, Boolean ensureIsUpToDate)
   at System.Web.Compilation.BuildManager.GetCompiledAssembly(String virtualPath)
   at Orchard.Environment.DefaultBuildManager.GetCompiledAssembly(String virtualPath) in f:\Orchard\www.showdigs.co.uk\src\Orchard\Environment\IBuildManager.cs:line 53
2015-04-01 14:47:34,388 [7] Orchard.Environment.DefaultBuildManager - (null) - Error when compiling assembly under ~/Modules/ivNet.Listing/ivNet.Listing.csproj.
System.Web.HttpCompileException (0x80004005): f:\Orchard\www.showdigs.co.uk\src\Orchard.Web\Modules\ivNet.Listing\Service\RegistrationServices.cs(32): error CS1061: 'ivNet.Listing.Models.RegistrationViewModel' does not contain a definition for 'e' and no extension method 'e' accepting a first argument of type 'ivNet.Listing.Models.RegistrationViewModel' could be found (are you missing a using directive or an assembly reference?)
   at System.Web.Compilation.BuildManager.PostProcessFoundBuildResult(BuildResult result, Boolean keyFromVPP, VirtualPath virtualPath)
   at System.Web.Compilation.BuildManager.GetBuildResultFromCacheInternal(String cacheKey, Boolean keyFromVPP, VirtualPath virtualPath, Int64 hashCode, Boolean ensureIsUpToDate)
   at System.Web.Compilation.BuildManager.GetVPathBuildResultFromCacheInternal(VirtualPath virtualPath, Boolean ensureIsUpToDate)
   at System.Web.Compilation.BuildManager.GetVPathBuildResultInternal(VirtualPath virtualPath, Boolean noBuild, Boolean allowCrossApp, Boolean allowBuildInPrecompile, Boolean throwIfNotFound, Boolean ensureIsUpToDate)
   at System.Web.Compilation.BuildManager.GetVPathBuildResultWithNoAssert(HttpContext context, VirtualPath virtualPath, Boolean noBuild, Boolean allowCrossApp, Boolean allowBuildInPrecompile, Boolean throwIfNotFound, Boolean ensureIsUpToDate)
   at System.Web.Compilation.BuildManager.GetVPathBuildResult(HttpContext context, VirtualPath virtualPath, Boolean noBuild, Boolean allowCrossApp, Boolean allowBuildInPrecompile, Boolean ensureIsUpToDate)
   at System.Web.Compilation.BuildManager.GetCompiledAssembly(String virtualPath)
   at Orchard.Environment.DefaultBuildManager.GetCompiledAssembly(String virtualPath) in f:\Orchard\www.showdigs.co.uk\src\Orchard\Environment\IBuildManager.cs:line 53
2015-04-01 14:47:34,428 [7] Orchard.Environment.DefaultBuildManager - (null) - Error when compiling assembly under ~/Modules/ivNet.Listing/ivNet.Listing.csproj.
System.Web.HttpCompileException (0x80004005): f:\Orchard\www.showdigs.co.uk\src\Orchard.Web\Modules\ivNet.Listing\Service\RegistrationServices.cs(32): error CS1061: 'ivNet.Listing.Models.RegistrationViewModel' does not contain a definition for 'e' and no extension method 'e' accepting a first argument of type 'ivNet.Listing.Models.RegistrationViewModel' could be found (are you missing a using directive or an assembly reference?)
   at System.Web.Compilation.BuildManager.PostProcessFoundBuildResult(BuildResult result, Boolean keyFromVPP, VirtualPath virtualPath)
   at System.Web.Compilation.BuildManager.GetBuildResultFromCacheInternal(String cacheKey, Boolean keyFromVPP, VirtualPath virtualPath, Int64 hashCode, Boolean ensureIsUpToDate)
   at System.Web.Compilation.BuildManager.GetVPathBuildResultFromCacheInternal(VirtualPath virtualPath, Boolean ensureIsUpToDate)
   at System.Web.Compilation.BuildManager.GetVPathBuildResultInternal(VirtualPath virtualPath, Boolean noBuild, Boolean allowCrossApp, Boolean allowBuildInPrecompile, Boolean throwIfNotFound, Boolean ensureIsUpToDate)
   at System.Web.Compilation.BuildManager.GetVPathBuildResultWithNoAssert(HttpContext context, VirtualPath virtualPath, Boolean noBuild, Boolean allowCrossApp, Boolean allowBuildInPrecompile, Boolean throwIfNotFound, Boolean ensureIsUpToDate)
   at System.Web.Compilation.BuildManager.GetVPathBuildResult(HttpContext context, VirtualPath virtualPath, Boolean noBuild, Boolean allowCrossApp, Boolean allowBuildInPrecompile, Boolean ensureIsUpToDate)
   at System.Web.Compilation.BuildManager.GetCompiledAssembly(String virtualPath)
   at Orchard.Environment.DefaultBuildManager.GetCompiledAssembly(String virtualPath) in f:\Orchard\www.showdigs.co.uk\src\Orchard\Environment\IBuildManager.cs:line 53
2015-04-01 14:47:34,473 [7] Orchard.Environment.DefaultBuildManager - (null) - Error when compiling assembly under ~/Modules/ivNet.Listing/ivNet.Listing.csproj.
System.Web.HttpCompileException (0x80004005): f:\Orchard\www.showdigs.co.uk\src\Orchard.Web\Modules\ivNet.Listing\Service\RegistrationServices.cs(32): error CS1061: 'ivNet.Listing.Models.RegistrationViewModel' does not contain a definition for 'e' and no extension method 'e' accepting a first argument of type 'ivNet.Listing.Models.RegistrationViewModel' could be found (are you missing a using directive or an assembly reference?)
   at System.Web.Compilation.BuildManager.PostProcessFoundBuildResult(BuildResult result, Boolean keyFromVPP, VirtualPath virtualPath)
   at System.Web.Compilation.BuildManager.GetBuildResultFromCacheInternal(String cacheKey, Boolean keyFromVPP, VirtualPath virtualPath, Int64 hashCode, Boolean ensureIsUpToDate)
   at System.Web.Compilation.BuildManager.GetVPathBuildResultFromCacheInternal(VirtualPath virtualPath, Boolean ensureIsUpToDate)
   at System.Web.Compilation.BuildManager.GetVPathBuildResultInternal(VirtualPath virtualPath, Boolean noBuild, Boolean allowCrossApp, Boolean allowBuildInPrecompile, Boolean throwIfNotFound, Boolean ensureIsUpToDate)
   at System.Web.Compilation.BuildManager.GetVPathBuildResultWithNoAssert(HttpContext context, VirtualPath virtualPath, Boolean noBuild, Boolean allowCrossApp, Boolean allowBuildInPrecompile, Boolean throwIfNotFound, Boolean ensureIsUpToDate)
   at System.Web.Compilation.BuildManager.GetVPathBuildResult(HttpContext context, VirtualPath virtualPath, Boolean noBuild, Boolean allowCrossApp, Boolean allowBuildInPrecompile, Boolean ensureIsUpToDate)
   at System.Web.Compilation.BuildManager.GetCompiledAssembly(String virtualPath)
   at Orchard.Environment.DefaultBuildManager.GetCompiledAssembly(String virtualPath) in f:\Orchard\www.showdigs.co.uk\src\Orchard\Environment\IBuildManager.cs:line 53
2015-04-01 14:48:34,659 [5] Orchard.Environment.Extensions.ExtensionManager - (null) - No suitable loader found for extension "ivNet.ShowDigs"
2015-04-01 14:50:03,319 [5] Orchard.Exceptions.DefaultExceptionPolicy - Default - An unexpected exception was caught
System.Data.DuplicateNameException: Duplicate name not allowed.
   at ivNet.Listing.Service.RegistrationServices.UpdateOwner(RegistrationViewModel viewModel) in f:\Orchard\www.showdigs.co.uk\src\Orchard.Web\Modules\ivNet.Listing\Service\RegistrationServices.cs:line 41
   at ivNet.Listing.Controllers.SiteController.Registration(RegistrationViewModel model) in f:\Orchard\www.showdigs.co.uk\src\Orchard.Web\Modules\ivNet.Listing\Controllers\SiteController.cs:line 43
   at lambda_method(Closure , ControllerBase , Object[] )
   at System.Web.Mvc.ActionMethodDispatcher.Execute(ControllerBase controller, Object[] parameters)
   at System.Web.Mvc.ReflectedActionDescriptor.Execute(ControllerContext controllerContext, IDictionary`2 parameters)
   at System.Web.Mvc.ControllerActionInvoker.InvokeActionMethod(ControllerContext controllerContext, ActionDescriptor actionDescriptor, IDictionary`2 parameters)
   at System.Web.Mvc.Async.AsyncControllerActionInvoker.ActionInvocation.InvokeSynchronousActionMethod()
   at System.Web.Mvc.Async.AsyncControllerActionInvoker.<BeginInvokeSynchronousActionMethod>b__39(IAsyncResult asyncResult, ActionInvocation innerInvokeState)
   at System.Web.Mvc.Async.AsyncResultWrapper.WrappedAsyncResult`2.CallEndDelegate(IAsyncResult asyncResult)
   at System.Web.Mvc.Async.AsyncResultWrapper.WrappedAsyncResultBase`1.End()
   at System.Web.Mvc.Async.AsyncResultWrapper.End[TResult](IAsyncResult asyncResult, Object tag)
   at System.Web.Mvc.Async.AsyncControllerActionInvoker.EndInvokeActionMethod(IAsyncResult asyncResult)
   at System.Web.Mvc.Async.AsyncControllerActionInvoker.AsyncInvocationWithFilters.<InvokeActionMethodFilterAsynchronouslyRecursive>b__3f()
   at System.Web.Mvc.Async.AsyncControllerActionInvoker.AsyncInvocationWithFilters.<>c__DisplayClass48.<InvokeActionMethodFilterAsynchronouslyRecursive>b__41()
   at System.Web.Mvc.Async.AsyncControllerActionInvoker.AsyncInvocationWithFilters.<>c__DisplayClass48.<InvokeActionMethodFilterAsynchronouslyRecursive>b__41()
   at System.Web.Mvc.Async.AsyncControllerActionInvoker.AsyncInvocationWithFilters.<>c__DisplayClass48.<InvokeActionMethodFilterAsynchronouslyRecursive>b__41()
2015-04-01 14:57:37,445 [7] Orchard.Environment.Extensions.ExtensionManager - (null) - No suitable loader found for extension "ivNet.ShowDigs"
2015-04-01 14:58:50,232 [9] Orchard.Exceptions.DefaultExceptionPolicy - Default - An unexpected exception was caught
System.ArgumentException: Value does not fall within the expected range.
   at ivNet.Listing.Service.RegistrationServices.UpdateOwner(RegistrationViewModel viewModel) in f:\Orchard\www.showdigs.co.uk\src\Orchard.Web\Modules\ivNet.Listing\Service\RegistrationServices.cs:line 42
   at ivNet.Listing.Controllers.SiteController.Registration(RegistrationViewModel model) in f:\Orchard\www.showdigs.co.uk\src\Orchard.Web\Modules\ivNet.Listing\Controllers\SiteController.cs:line 43
   at lambda_method(Closure , ControllerBase , Object[] )
   at System.Web.Mvc.ActionMethodDispatcher.Execute(ControllerBase controller, Object[] parameters)
   at System.Web.Mvc.ReflectedActionDescriptor.Execute(ControllerContext controllerContext, IDictionary`2 parameters)
   at System.Web.Mvc.ControllerActionInvoker.InvokeActionMethod(ControllerContext controllerContext, ActionDescriptor actionDescriptor, IDictionary`2 parameters)
   at System.Web.Mvc.Async.AsyncControllerActionInvoker.ActionInvocation.InvokeSynchronousActionMethod()
   at System.Web.Mvc.Async.AsyncControllerActionInvoker.<BeginInvokeSynchronousActionMethod>b__39(IAsyncResult asyncResult, ActionInvocation innerInvokeState)
   at System.Web.Mvc.Async.AsyncResultWrapper.WrappedAsyncResult`2.CallEndDelegate(IAsyncResult asyncResult)
   at System.Web.Mvc.Async.AsyncResultWrapper.WrappedAsyncResultBase`1.End()
   at System.Web.Mvc.Async.AsyncResultWrapper.End[TResult](IAsyncResult asyncResult, Object tag)
   at System.Web.Mvc.Async.AsyncControllerActionInvoker.EndInvokeActionMethod(IAsyncResult asyncResult)
   at System.Web.Mvc.Async.AsyncControllerActionInvoker.AsyncInvocationWithFilters.<InvokeActionMethodFilterAsynchronouslyRecursive>b__3f()
   at System.Web.Mvc.Async.AsyncControllerActionInvoker.AsyncInvocationWithFilters.<>c__DisplayClass48.<InvokeActionMethodFilterAsynchronouslyRecursive>b__41()
   at System.Web.Mvc.Async.AsyncControllerActionInvoker.AsyncInvocationWithFilters.<>c__DisplayClass48.<InvokeActionMethodFilterAsynchronouslyRecursive>b__41()
   at System.Web.Mvc.Async.AsyncControllerActionInvoker.AsyncInvocationWithFilters.<>c__DisplayClass48.<InvokeActionMethodFilterAsynchronouslyRecursive>b__41()
2015-04-01 15:00:00,055 [7] Orchard.Environment.Extensions.ExtensionManager - (null) - No suitable loader found for extension "ivNet.ShowDigs"
2015-04-01 15:16:57,916 [6] Orchard.Environment.Extensions.ExtensionManager - (null) - No suitable loader found for extension "ivNet.ShowDigs"
2015-04-01 15:20:58,460 [6] Orchard.Environment.Extensions.ExtensionManager - (null) - No suitable loader found for extension "ivNet.ShowDigs"
2015-04-01 15:33:46,158 [7] Orchard.Environment.DefaultBuildManager - (null) - Error when compiling assembly under ~/Modules/ivNet.Listing/ivNet.Listing.csproj.
System.Web.HttpCompileException (0x80004005): f:\Orchard\www.showdigs.co.uk\src\Orchard.Web\Modules\ivNet.Listing\Controllers\SiteController.cs(74): error CS1002: ; expected
   at System.Web.Compilation.AssemblyBuilder.Compile()
   at System.Web.Compilation.BuildProvidersCompiler.PerformBuild()
   at System.Web.Compilation.BuildManager.CompileWebFile(VirtualPath virtualPath)
   at System.Web.Compilation.BuildManager.GetVPathBuildResultInternal(VirtualPath virtualPath, Boolean noBuild, Boolean allowCrossApp, Boolean allowBuildInPrecompile, Boolean throwIfNotFound, Boolean ensureIsUpToDate)
   at System.Web.Compilation.BuildManager.GetVPathBuildResultWithNoAssert(HttpContext context, VirtualPath virtualPath, Boolean noBuild, Boolean allowCrossApp, Boolean allowBuildInPrecompile, Boolean throwIfNotFound, Boolean ensureIsUpToDate)
   at System.Web.Compilation.BuildManager.GetVPathBuildResult(HttpContext context, VirtualPath virtualPath, Boolean noBuild, Boolean allowCrossApp, Boolean allowBuildInPrecompile, Boolean ensureIsUpToDate)
   at System.Web.Compilation.BuildManager.GetCompiledAssembly(String virtualPath)
   at Orchard.Environment.DefaultBuildManager.GetCompiledAssembly(String virtualPath) in f:\Orchard\www.showdigs.co.uk\src\Orchard\Environment\IBuildManager.cs:line 53
2015-04-01 15:33:46,173 [8] Orchard.Environment.Extensions.ExtensionManager - (null) - No suitable loader found for extension "ivNet.ShowDigs"
2015-04-01 15:33:46,214 [7] Orchard.Environment.Extensions.ExtensionManager - (null) - No suitable loader found for extension "ivNet.Listing"
2015-04-01 15:33:58,890 [7] Orchard.Environment.DefaultBuildManager - (null) - Error when compiling assembly under ~/Modules/ivNet.Listing/ivNet.Listing.csproj.
System.Web.HttpCompileException (0x80004005): f:\Orchard\www.showdigs.co.uk\src\Orchard.Web\Modules\ivNet.Listing\Controllers\SiteController.cs(74): error CS1002: ; expected
   at System.Web.Compilation.AssemblyBuilder.Compile()
   at System.Web.Compilation.BuildProvidersCompiler.PerformBuild()
   at System.Web.Compilation.BuildManager.CompileWebFile(VirtualPath virtualPath)
   at System.Web.Compilation.BuildManager.GetVPathBuildResultInternal(VirtualPath virtualPath, Boolean noBuild, Boolean allowCrossApp, Boolean allowBuildInPrecompile, Boolean throwIfNotFound, Boolean ensureIsUpToDate)
   at System.Web.Compilation.BuildManager.GetVPathBuildResultWithNoAssert(HttpContext context, VirtualPath virtualPath, Boolean noBuild, Boolean allowCrossApp, Boolean allowBuildInPrecompile, Boolean throwIfNotFound, Boolean ensureIsUpToDate)
   at System.Web.Compilation.BuildManager.GetVPathBuildResult(HttpContext context, VirtualPath virtualPath, Boolean noBuild, Boolean allowCrossApp, Boolean allowBuildInPrecompile, Boolean ensureIsUpToDate)
   at System.Web.Compilation.BuildManager.GetCompiledAssembly(String virtualPath)
   at Orchard.Environment.DefaultBuildManager.GetCompiledAssembly(String virtualPath) in f:\Orchard\www.showdigs.co.uk\src\Orchard\Environment\IBuildManager.cs:line 53
2015-04-01 15:33:59,072 [7] Orchard.Environment.DefaultBuildManager - (null) - Error when compiling assembly under ~/Modules/ivNet.Listing/ivNet.Listing.csproj.
System.Web.HttpCompileException (0x80004005): f:\Orchard\www.showdigs.co.uk\src\Orchard.Web\Modules\ivNet.Listing\Controllers\SiteController.cs(74): error CS1002: ; expected
   at System.Web.Compilation.BuildManager.PostProcessFoundBuildResult(BuildResult result, Boolean keyFromVPP, VirtualPath virtualPath)
   at System.Web.Compilation.BuildManager.GetBuildResultFromCacheInternal(String cacheKey, Boolean keyFromVPP, VirtualPath virtualPath, Int64 hashCode, Boolean ensureIsUpToDate)
   at System.Web.Compilation.BuildManager.GetVPathBuildResultFromCacheInternal(VirtualPath virtualPath, Boolean ensureIsUpToDate)
   at System.Web.Compilation.BuildManager.GetVPathBuildResultInternal(VirtualPath virtualPath, Boolean noBuild, Boolean allowCrossApp, Boolean allowBuildInPrecompile, Boolean throwIfNotFound, Boolean ensureIsUpToDate)
   at System.Web.Compilation.BuildManager.GetVPathBuildResultWithNoAssert(HttpContext context, VirtualPath virtualPath, Boolean noBuild, Boolean allowCrossApp, Boolean allowBuildInPrecompile, Boolean throwIfNotFound, Boolean ensureIsUpToDate)
   at System.Web.Compilation.BuildManager.GetVPathBuildResult(HttpContext context, VirtualPath virtualPath, Boolean noBuild, Boolean allowCrossApp, Boolean allowBuildInPrecompile, Boolean ensureIsUpToDate)
   at System.Web.Compilation.BuildManager.GetCompiledAssembly(String virtualPath)
   at Orchard.Environment.DefaultBuildManager.GetCompiledAssembly(String virtualPath) in f:\Orchard\www.showdigs.co.uk\src\Orchard\Environment\IBuildManager.cs:line 53
2015-04-01 15:33:59,121 [7] Orchard.Environment.DefaultBuildManager - (null) - Error when compiling assembly under ~/Modules/ivNet.Listing/ivNet.Listing.csproj.
System.Web.HttpCompileException (0x80004005): f:\Orchard\www.showdigs.co.uk\src\Orchard.Web\Modules\ivNet.Listing\Controllers\SiteController.cs(74): error CS1002: ; expected
   at System.Web.Compilation.BuildManager.PostProcessFoundBuildResult(BuildResult result, Boolean keyFromVPP, VirtualPath virtualPath)
   at System.Web.Compilation.BuildManager.GetBuildResultFromCacheInternal(String cacheKey, Boolean keyFromVPP, VirtualPath virtualPath, Int64 hashCode, Boolean ensureIsUpToDate)
   at System.Web.Compilation.BuildManager.GetVPathBuildResultFromCacheInternal(VirtualPath virtualPath, Boolean ensureIsUpToDate)
   at System.Web.Compilation.BuildManager.GetVPathBuildResultInternal(VirtualPath virtualPath, Boolean noBuild, Boolean allowCrossApp, Boolean allowBuildInPrecompile, Boolean throwIfNotFound, Boolean ensureIsUpToDate)
   at System.Web.Compilation.BuildManager.GetVPathBuildResultWithNoAssert(HttpContext context, VirtualPath virtualPath, Boolean noBuild, Boolean allowCrossApp, Boolean allowBuildInPrecompile, Boolean throwIfNotFound, Boolean ensureIsUpToDate)
   at System.Web.Compilation.BuildManager.GetVPathBuildResult(HttpContext context, VirtualPath virtualPath, Boolean noBuild, Boolean allowCrossApp, Boolean allowBuildInPrecompile, Boolean ensureIsUpToDate)
   at System.Web.Compilation.BuildManager.GetCompiledAssembly(String virtualPath)
   at Orchard.Environment.DefaultBuildManager.GetCompiledAssembly(String virtualPath) in f:\Orchard\www.showdigs.co.uk\src\Orchard\Environment\IBuildManager.cs:line 53
2015-04-01 15:33:59,163 [7] Orchard.Environment.DefaultBuildManager - (null) - Error when compiling assembly under ~/Modules/ivNet.Listing/ivNet.Listing.csproj.
System.Web.HttpCompileException (0x80004005): f:\Orchard\www.showdigs.co.uk\src\Orchard.Web\Modules\ivNet.Listing\Controllers\SiteController.cs(74): error CS1002: ; expected
   at System.Web.Compilation.BuildManager.PostProcessFoundBuildResult(BuildResult result, Boolean keyFromVPP, VirtualPath virtualPath)
   at System.Web.Compilation.BuildManager.GetBuildResultFromCacheInternal(String cacheKey, Boolean keyFromVPP, VirtualPath virtualPath, Int64 hashCode, Boolean ensureIsUpToDate)
   at System.Web.Compilation.BuildManager.GetVPathBuildResultFromCacheInternal(VirtualPath virtualPath, Boolean ensureIsUpToDate)
   at System.Web.Compilation.BuildManager.GetVPathBuildResultInternal(VirtualPath virtualPath, Boolean noBuild, Boolean allowCrossApp, Boolean allowBuildInPrecompile, Boolean throwIfNotFound, Boolean ensureIsUpToDate)
   at System.Web.Compilation.BuildManager.GetVPathBuildResultWithNoAssert(HttpContext context, VirtualPath virtualPath, Boolean noBuild, Boolean allowCrossApp, Boolean allowBuildInPrecompile, Boolean throwIfNotFound, Boolean ensureIsUpToDate)
   at System.Web.Compilation.BuildManager.GetVPathBuildResult(HttpContext context, VirtualPath virtualPath, Boolean noBuild, Boolean allowCrossApp, Boolean allowBuildInPrecompile, Boolean ensureIsUpToDate)
   at System.Web.Compilation.BuildManager.GetCompiledAssembly(String virtualPath)
   at Orchard.Environment.DefaultBuildManager.GetCompiledAssembly(String virtualPath) in f:\Orchard\www.showdigs.co.uk\src\Orchard\Environment\IBuildManager.cs:line 53
2015-04-01 15:33:59,219 [7] Orchard.Environment.DefaultBuildManager - (null) - Error when compiling assembly under ~/Modules/ivNet.Listing/ivNet.Listing.csproj.
System.Web.HttpCompileException (0x80004005): f:\Orchard\www.showdigs.co.uk\src\Orchard.Web\Modules\ivNet.Listing\Controllers\SiteController.cs(74): error CS1002: ; expected
   at System.Web.Compilation.BuildManager.PostProcessFoundBuildResult(BuildResult result, Boolean keyFromVPP, VirtualPath virtualPath)
   at System.Web.Compilation.BuildManager.GetBuildResultFromCacheInternal(String cacheKey, Boolean keyFromVPP, VirtualPath virtualPath, Int64 hashCode, Boolean ensureIsUpToDate)
   at System.Web.Compilation.BuildManager.GetVPathBuildResultFromCacheInternal(VirtualPath virtualPath, Boolean ensureIsUpToDate)
   at System.Web.Compilation.BuildManager.GetVPathBuildResultInternal(VirtualPath virtualPath, Boolean noBuild, Boolean allowCrossApp, Boolean allowBuildInPrecompile, Boolean throwIfNotFound, Boolean ensureIsUpToDate)
   at System.Web.Compilation.BuildManager.GetVPathBuildResultWithNoAssert(HttpContext context, VirtualPath virtualPath, Boolean noBuild, Boolean allowCrossApp, Boolean allowBuildInPrecompile, Boolean throwIfNotFound, Boolean ensureIsUpToDate)
   at System.Web.Compilation.BuildManager.GetVPathBuildResult(HttpContext context, VirtualPath virtualPath, Boolean noBuild, Boolean allowCrossApp, Boolean allowBuildInPrecompile, Boolean ensureIsUpToDate)
   at System.Web.Compilation.BuildManager.GetCompiledAssembly(String virtualPath)
   at Orchard.Environment.DefaultBuildManager.GetCompiledAssembly(String virtualPath) in f:\Orchard\www.showdigs.co.uk\src\Orchard\Environment\IBuildManager.cs:line 53
2015-04-01 15:33:59,283 [7] Orchard.Environment.DefaultBuildManager - (null) - Error when compiling assembly under ~/Modules/ivNet.Listing/ivNet.Listing.csproj.
System.Web.HttpCompileException (0x80004005): f:\Orchard\www.showdigs.co.uk\src\Orchard.Web\Modules\ivNet.Listing\Controllers\SiteController.cs(74): error CS1002: ; expected
   at System.Web.Compilation.BuildManager.PostProcessFoundBuildResult(BuildResult result, Boolean keyFromVPP, VirtualPath virtualPath)
   at System.Web.Compilation.BuildManager.GetBuildResultFromCacheInternal(String cacheKey, Boolean keyFromVPP, VirtualPath virtualPath, Int64 hashCode, Boolean ensureIsUpToDate)
   at System.Web.Compilation.BuildManager.GetVPathBuildResultFromCacheInternal(VirtualPath virtualPath, Boolean ensureIsUpToDate)
   at System.Web.Compilation.BuildManager.GetVPathBuildResultInternal(VirtualPath virtualPath, Boolean noBuild, Boolean allowCrossApp, Boolean allowBuildInPrecompile, Boolean throwIfNotFound, Boolean ensureIsUpToDate)
   at System.Web.Compilation.BuildManager.GetVPathBuildResultWithNoAssert(HttpContext context, VirtualPath virtualPath, Boolean noBuild, Boolean allowCrossApp, Boolean allowBuildInPrecompile, Boolean throwIfNotFound, Boolean ensureIsUpToDate)
   at System.Web.Compilation.BuildManager.GetVPathBuildResult(HttpContext context, VirtualPath virtualPath, Boolean noBuild, Boolean allowCrossApp, Boolean allowBuildInPrecompile, Boolean ensureIsUpToDate)
   at System.Web.Compilation.BuildManager.GetCompiledAssembly(String virtualPath)
   at Orchard.Environment.DefaultBuildManager.GetCompiledAssembly(String virtualPath) in f:\Orchard\www.showdigs.co.uk\src\Orchard\Environment\IBuildManager.cs:line 53
2015-04-01 15:33:59,342 [7] Orchard.Environment.DefaultBuildManager - (null) - Error when compiling assembly under ~/Modules/ivNet.Listing/ivNet.Listing.csproj.
System.Web.HttpCompileException (0x80004005): f:\Orchard\www.showdigs.co.uk\src\Orchard.Web\Modules\ivNet.Listing\Controllers\SiteController.cs(74): error CS1002: ; expected
   at System.Web.Compilation.BuildManager.PostProcessFoundBuildResult(BuildResult result, Boolean keyFromVPP, VirtualPath virtualPath)
   at System.Web.Compilation.BuildManager.GetBuildResultFromCacheInternal(String cacheKey, Boolean keyFromVPP, VirtualPath virtualPath, Int64 hashCode, Boolean ensureIsUpToDate)
   at System.Web.Compilation.BuildManager.GetVPathBuildResultFromCacheInternal(VirtualPath virtualPath, Boolean ensureIsUpToDate)
   at System.Web.Compilation.BuildManager.GetVPathBuildResultInternal(VirtualPath virtualPath, Boolean noBuild, Boolean allowCrossApp, Boolean allowBuildInPrecompile, Boolean throwIfNotFound, Boolean ensureIsUpToDate)
   at System.Web.Compilation.BuildManager.GetVPathBuildResultWithNoAssert(HttpContext context, VirtualPath virtualPath, Boolean noBuild, Boolean allowCrossApp, Boolean allowBuildInPrecompile, Boolean throwIfNotFound, Boolean ensureIsUpToDate)
   at System.Web.Compilation.BuildManager.GetVPathBuildResult(HttpContext context, VirtualPath virtualPath, Boolean noBuild, Boolean allowCrossApp, Boolean allowBuildInPrecompile, Boolean ensureIsUpToDate)
   at System.Web.Compilation.BuildManager.GetCompiledAssembly(String virtualPath)
   at Orchard.Environment.DefaultBuildManager.GetCompiledAssembly(String virtualPath) in f:\Orchard\www.showdigs.co.uk\src\Orchard\Environment\IBuildManager.cs:line 53
2015-04-01 15:33:59,400 [7] Orchard.Environment.DefaultBuildManager - (null) - Error when compiling assembly under ~/Modules/ivNet.Listing/ivNet.Listing.csproj.
System.Web.HttpCompileException (0x80004005): f:\Orchard\www.showdigs.co.uk\src\Orchard.Web\Modules\ivNet.Listing\Controllers\SiteController.cs(74): error CS1002: ; expected
   at System.Web.Compilation.BuildManager.PostProcessFoundBuildResult(BuildResult result, Boolean keyFromVPP, VirtualPath virtualPath)
   at System.Web.Compilation.BuildManager.GetBuildResultFromCacheInternal(String cacheKey, Boolean keyFromVPP, VirtualPath virtualPath, Int64 hashCode, Boolean ensureIsUpToDate)
   at System.Web.Compilation.BuildManager.GetVPathBuildResultFromCacheInternal(VirtualPath virtualPath, Boolean ensureIsUpToDate)
   at System.Web.Compilation.BuildManager.GetVPathBuildResultInternal(VirtualPath virtualPath, Boolean noBuild, Boolean allowCrossApp, Boolean allowBuildInPrecompile, Boolean throwIfNotFound, Boolean ensureIsUpToDate)
   at System.Web.Compilation.BuildManager.GetVPathBuildResultWithNoAssert(HttpContext context, VirtualPath virtualPath, Boolean noBuild, Boolean allowCrossApp, Boolean allowBuildInPrecompile, Boolean throwIfNotFound, Boolean ensureIsUpToDate)
   at System.Web.Compilation.BuildManager.GetVPathBuildResult(HttpContext context, VirtualPath virtualPath, Boolean noBuild, Boolean allowCrossApp, Boolean allowBuildInPrecompile, Boolean ensureIsUpToDate)
   at System.Web.Compilation.BuildManager.GetCompiledAssembly(String virtualPath)
   at Orchard.Environment.DefaultBuildManager.GetCompiledAssembly(String virtualPath) in f:\Orchard\www.showdigs.co.uk\src\Orchard\Environment\IBuildManager.cs:line 53
2015-04-01 15:33:59,458 [7] Orchard.Environment.DefaultBuildManager - (null) - Error when compiling assembly under ~/Modules/ivNet.Listing/ivNet.Listing.csproj.
System.Web.HttpCompileException (0x80004005): f:\Orchard\www.showdigs.co.uk\src\Orchard.Web\Modules\ivNet.Listing\Controllers\SiteController.cs(74): error CS1002: ; expected
   at System.Web.Compilation.BuildManager.PostProcessFoundBuildResult(BuildResult result, Boolean keyFromVPP, VirtualPath virtualPath)
   at System.Web.Compilation.BuildManager.GetBuildResultFromCacheInternal(String cacheKey, Boolean keyFromVPP, VirtualPath virtualPath, Int64 hashCode, Boolean ensureIsUpToDate)
   at System.Web.Compilation.BuildManager.GetVPathBuildResultFromCacheInternal(VirtualPath virtualPath, Boolean ensureIsUpToDate)
   at System.Web.Compilation.BuildManager.GetVPathBuildResultInternal(VirtualPath virtualPath, Boolean noBuild, Boolean allowCrossApp, Boolean allowBuildInPrecompile, Boolean throwIfNotFound, Boolean ensureIsUpToDate)
   at System.Web.Compilation.BuildManager.GetVPathBuildResultWithNoAssert(HttpContext context, VirtualPath virtualPath, Boolean noBuild, Boolean allowCrossApp, Boolean allowBuildInPrecompile, Boolean throwIfNotFound, Boolean ensureIsUpToDate)
   at System.Web.Compilation.BuildManager.GetVPathBuildResult(HttpContext context, VirtualPath virtualPath, Boolean noBuild, Boolean allowCrossApp, Boolean allowBuildInPrecompile, Boolean ensureIsUpToDate)
   at System.Web.Compilation.BuildManager.GetCompiledAssembly(String virtualPath)
   at Orchard.Environment.DefaultBuildManager.GetCompiledAssembly(String virtualPath) in f:\Orchard\www.showdigs.co.uk\src\Orchard\Environment\IBuildManager.cs:line 53
2015-04-01 15:33:59,559 [7] Orchard.Environment.DefaultBuildManager - (null) - Error when compiling assembly under ~/Modules/ivNet.Listing/ivNet.Listing.csproj.
System.Web.HttpCompileException (0x80004005): f:\Orchard\www.showdigs.co.uk\src\Orchard.Web\Modules\ivNet.Listing\Controllers\SiteController.cs(74): error CS1002: ; expected
   at System.Web.Compilation.BuildManager.PostProcessFoundBuildResult(BuildResult result, Boolean keyFromVPP, VirtualPath virtualPath)
   at System.Web.Compilation.BuildManager.GetBuildResultFromCacheInternal(String cacheKey, Boolean keyFromVPP, VirtualPath virtualPath, Int64 hashCode, Boolean ensureIsUpToDate)
   at System.Web.Compilation.BuildManager.GetVPathBuildResultFromCacheInternal(VirtualPath virtualPath, Boolean ensureIsUpToDate)
   at System.Web.Compilation.BuildManager.GetVPathBuildResultInternal(VirtualPath virtualPath, Boolean noBuild, Boolean allowCrossApp, Boolean allowBuildInPrecompile, Boolean throwIfNotFound, Boolean ensureIsUpToDate)
   at System.Web.Compilation.BuildManager.GetVPathBuildResultWithNoAssert(HttpContext context, VirtualPath virtualPath, Boolean noBuild, Boolean allowCrossApp, Boolean allowBuildInPrecompile, Boolean throwIfNotFound, Boolean ensureIsUpToDate)
   at System.Web.Compilation.BuildManager.GetVPathBuildResult(HttpContext context, VirtualPath virtualPath, Boolean noBuild, Boolean allowCrossApp, Boolean allowBuildInPrecompile, Boolean ensureIsUpToDate)
   at System.Web.Compilation.BuildManager.GetCompiledAssembly(String virtualPath)
   at Orchard.Environment.DefaultBuildManager.GetCompiledAssembly(String virtualPath) in f:\Orchard\www.showdigs.co.uk\src\Orchard\Environment\IBuildManager.cs:line 53
2015-04-01 15:33:59,623 [7] Orchard.Environment.DefaultBuildManager - (null) - Error when compiling assembly under ~/Modules/ivNet.Listing/ivNet.Listing.csproj.
System.Web.HttpCompileException (0x80004005): f:\Orchard\www.showdigs.co.uk\src\Orchard.Web\Modules\ivNet.Listing\Controllers\SiteController.cs(74): error CS1002: ; expected
   at System.Web.Compilation.BuildManager.PostProcessFoundBuildResult(BuildResult result, Boolean keyFromVPP, VirtualPath virtualPath)
   at System.Web.Compilation.BuildManager.GetBuildResultFromCacheInternal(String cacheKey, Boolean keyFromVPP, VirtualPath virtualPath, Int64 hashCode, Boolean ensureIsUpToDate)
   at System.Web.Compilation.BuildManager.GetVPathBuildResultFromCacheInternal(VirtualPath virtualPath, Boolean ensureIsUpToDate)
   at System.Web.Compilation.BuildManager.GetVPathBuildResultInternal(VirtualPath virtualPath, Boolean noBuild, Boolean allowCrossApp, Boolean allowBuildInPrecompile, Boolean throwIfNotFound, Boolean ensureIsUpToDate)
   at System.Web.Compilation.BuildManager.GetVPathBuildResultWithNoAssert(HttpContext context, VirtualPath virtualPath, Boolean noBuild, Boolean allowCrossApp, Boolean allowBuildInPrecompile, Boolean throwIfNotFound, Boolean ensureIsUpToDate)
   at System.Web.Compilation.BuildManager.GetVPathBuildResult(HttpContext context, VirtualPath virtualPath, Boolean noBuild, Boolean allowCrossApp, Boolean allowBuildInPrecompile, Boolean ensureIsUpToDate)
   at System.Web.Compilation.BuildManager.GetCompiledAssembly(String virtualPath)
   at Orchard.Environment.DefaultBuildManager.GetCompiledAssembly(String virtualPath) in f:\Orchard\www.showdigs.co.uk\src\Orchard\Environment\IBuildManager.cs:line 53
2015-04-01 15:33:59,673 [7] Orchard.Environment.DefaultBuildManager - (null) - Error when compiling assembly under ~/Modules/ivNet.Listing/ivNet.Listing.csproj.
System.Web.HttpCompileException (0x80004005): f:\Orchard\www.showdigs.co.uk\src\Orchard.Web\Modules\ivNet.Listing\Controllers\SiteController.cs(74): error CS1002: ; expected
   at System.Web.Compilation.BuildManager.PostProcessFoundBuildResult(BuildResult result, Boolean keyFromVPP, VirtualPath virtualPath)
   at System.Web.Compilation.BuildManager.GetBuildResultFromCacheInternal(String cacheKey, Boolean keyFromVPP, VirtualPath virtualPath, Int64 hashCode, Boolean ensureIsUpToDate)
   at System.Web.Compilation.BuildManager.GetVPathBuildResultFromCacheInternal(VirtualPath virtualPath, Boolean ensureIsUpToDate)
   at System.Web.Compilation.BuildManager.GetVPathBuildResultInternal(VirtualPath virtualPath, Boolean noBuild, Boolean allowCrossApp, Boolean allowBuildInPrecompile, Boolean throwIfNotFound, Boolean ensureIsUpToDate)
   at System.Web.Compilation.BuildManager.GetVPathBuildResultWithNoAssert(HttpContext context, VirtualPath virtualPath, Boolean noBuild, Boolean allowCrossApp, Boolean allowBuildInPrecompile, Boolean throwIfNotFound, Boolean ensureIsUpToDate)
   at System.Web.Compilation.BuildManager.GetVPathBuildResult(HttpContext context, VirtualPath virtualPath, Boolean noBuild, Boolean allowCrossApp, Boolean allowBuildInPrecompile, Boolean ensureIsUpToDate)
   at System.Web.Compilation.BuildManager.GetCompiledAssembly(String virtualPath)
   at Orchard.Environment.DefaultBuildManager.GetCompiledAssembly(String virtualPath) in f:\Orchard\www.showdigs.co.uk\src\Orchard\Environment\IBuildManager.cs:line 53
2015-04-01 15:33:59,733 [7] Orchard.Environment.DefaultBuildManager - (null) - Error when compiling assembly under ~/Modules/ivNet.Listing/ivNet.Listing.csproj.
System.Web.HttpCompileException (0x80004005): f:\Orchard\www.showdigs.co.uk\src\Orchard.Web\Modules\ivNet.Listing\Controllers\SiteController.cs(74): error CS1002: ; expected
   at System.Web.Compilation.BuildManager.PostProcessFoundBuildResult(BuildResult result, Boolean keyFromVPP, VirtualPath virtualPath)
   at System.Web.Compilation.BuildManager.GetBuildResultFromCacheInternal(String cacheKey, Boolean keyFromVPP, VirtualPath virtualPath, Int64 hashCode, Boolean ensureIsUpToDate)
   at System.Web.Compilation.BuildManager.GetVPathBuildResultFromCacheInternal(VirtualPath virtualPath, Boolean ensureIsUpToDate)
   at System.Web.Compilation.BuildManager.GetVPathBuildResultInternal(VirtualPath virtualPath, Boolean noBuild, Boolean allowCrossApp, Boolean allowBuildInPrecompile, Boolean throwIfNotFound, Boolean ensureIsUpToDate)
   at System.Web.Compilation.BuildManager.GetVPathBuildResultWithNoAssert(HttpContext context, VirtualPath virtualPath, Boolean noBuild, Boolean allowCrossApp, Boolean allowBuildInPrecompile, Boolean throwIfNotFound, Boolean ensureIsUpToDate)
   at System.Web.Compilation.BuildManager.GetVPathBuildResult(HttpContext context, VirtualPath virtualPath, Boolean noBuild, Boolean allowCrossApp, Boolean allowBuildInPrecompile, Boolean ensureIsUpToDate)
   at System.Web.Compilation.BuildManager.GetCompiledAssembly(String virtualPath)
   at Orchard.Environment.DefaultBuildManager.GetCompiledAssembly(String virtualPath) in f:\Orchard\www.showdigs.co.uk\src\Orchard\Environment\IBuildManager.cs:line 53
2015-04-01 15:33:59,794 [7] Orchard.Environment.DefaultBuildManager - (null) - Error when compiling assembly under ~/Modules/ivNet.Listing/ivNet.Listing.csproj.
System.Web.HttpCompileException (0x80004005): f:\Orchard\www.showdigs.co.uk\src\Orchard.Web\Modules\ivNet.Listing\Controllers\SiteController.cs(74): error CS1002: ; expected
   at System.Web.Compilation.BuildManager.PostProcessFoundBuildResult(BuildResult result, Boolean keyFromVPP, VirtualPath virtualPath)
   at System.Web.Compilation.BuildManager.GetBuildResultFromCacheInternal(String cacheKey, Boolean keyFromVPP, VirtualPath virtualPath, Int64 hashCode, Boolean ensureIsUpToDate)
   at System.Web.Compilation.BuildManager.GetVPathBuildResultFromCacheInternal(VirtualPath virtualPath, Boolean ensureIsUpToDate)
   at System.Web.Compilation.BuildManager.GetVPathBuildResultInternal(VirtualPath virtualPath, Boolean noBuild, Boolean allowCrossApp, Boolean allowBuildInPrecompile, Boolean throwIfNotFound, Boolean ensureIsUpToDate)
   at System.Web.Compilation.BuildManager.GetVPathBuildResultWithNoAssert(HttpContext context, VirtualPath virtualPath, Boolean noBuild, Boolean allowCrossApp, Boolean allowBuildInPrecompile, Boolean throwIfNotFound, Boolean ensureIsUpToDate)
   at System.Web.Compilation.BuildManager.GetVPathBuildResult(HttpContext context, VirtualPath virtualPath, Boolean noBuild, Boolean allowCrossApp, Boolean allowBuildInPrecompile, Boolean ensureIsUpToDate)
   at System.Web.Compilation.BuildManager.GetCompiledAssembly(String virtualPath)
   at Orchard.Environment.DefaultBuildManager.GetCompiledAssembly(String virtualPath) in f:\Orchard\www.showdigs.co.uk\src\Orchard\Environment\IBuildManager.cs:line 53
2015-04-01 15:33:59,886 [7] Orchard.Environment.DefaultBuildManager - (null) - Error when compiling assembly under ~/Modules/ivNet.Listing/ivNet.Listing.csproj.
System.Web.HttpCompileException (0x80004005): f:\Orchard\www.showdigs.co.uk\src\Orchard.Web\Modules\ivNet.Listing\Controllers\SiteController.cs(74): error CS1002: ; expected
   at System.Web.Compilation.BuildManager.PostProcessFoundBuildResult(BuildResult result, Boolean keyFromVPP, VirtualPath virtualPath)
   at System.Web.Compilation.BuildManager.GetBuildResultFromCacheInternal(String cacheKey, Boolean keyFromVPP, VirtualPath virtualPath, Int64 hashCode, Boolean ensureIsUpToDate)
   at System.Web.Compilation.BuildManager.GetVPathBuildResultFromCacheInternal(VirtualPath virtualPath, Boolean ensureIsUpToDate)
   at System.Web.Compilation.BuildManager.GetVPathBuildResultInternal(VirtualPath virtualPath, Boolean noBuild, Boolean allowCrossApp, Boolean allowBuildInPrecompile, Boolean throwIfNotFound, Boolean ensureIsUpToDate)
   at System.Web.Compilation.BuildManager.GetVPathBuildResultWithNoAssert(HttpContext context, VirtualPath virtualPath, Boolean noBuild, Boolean allowCrossApp, Boolean allowBuildInPrecompile, Boolean throwIfNotFound, Boolean ensureIsUpToDate)
   at System.Web.Compilation.BuildManager.GetVPathBuildResult(HttpContext context, VirtualPath virtualPath, Boolean noBuild, Boolean allowCrossApp, Boolean allowBuildInPrecompile, Boolean ensureIsUpToDate)
   at System.Web.Compilation.BuildManager.GetCompiledAssembly(String virtualPath)
   at Orchard.Environment.DefaultBuildManager.GetCompiledAssembly(String virtualPath) in f:\Orchard\www.showdigs.co.uk\src\Orchard\Environment\IBuildManager.cs:line 53
2015-04-01 15:33:59,973 [7] Orchard.Environment.DefaultBuildManager - (null) - Error when compiling assembly under ~/Modules/ivNet.Listing/ivNet.Listing.csproj.
System.Web.HttpCompileException (0x80004005): f:\Orchard\www.showdigs.co.uk\src\Orchard.Web\Modules\ivNet.Listing\Controllers\SiteController.cs(74): error CS1002: ; expected
   at System.Web.Compilation.BuildManager.PostProcessFoundBuildResult(BuildResult result, Boolean keyFromVPP, VirtualPath virtualPath)
   at System.Web.Compilation.BuildManager.GetBuildResultFromCacheInternal(String cacheKey, Boolean keyFromVPP, VirtualPath virtualPath, Int64 hashCode, Boolean ensureIsUpToDate)
   at System.Web.Compilation.BuildManager.GetVPathBuildResultFromCacheInternal(VirtualPath virtualPath, Boolean ensureIsUpToDate)
   at System.Web.Compilation.BuildManager.GetVPathBuildResultInternal(VirtualPath virtualPath, Boolean noBuild, Boolean allowCrossApp, Boolean allowBuildInPrecompile, Boolean throwIfNotFound, Boolean ensureIsUpToDate)
   at System.Web.Compilation.BuildManager.GetVPathBuildResultWithNoAssert(HttpContext context, VirtualPath virtualPath, Boolean noBuild, Boolean allowCrossApp, Boolean allowBuildInPrecompile, Boolean throwIfNotFound, Boolean ensureIsUpToDate)
   at System.Web.Compilation.BuildManager.GetVPathBuildResult(HttpContext context, VirtualPath virtualPath, Boolean noBuild, Boolean allowCrossApp, Boolean allowBuildInPrecompile, Boolean ensureIsUpToDate)
   at System.Web.Compilation.BuildManager.GetCompiledAssembly(String virtualPath)
   at Orchard.Environment.DefaultBuildManager.GetCompiledAssembly(String virtualPath) in f:\Orchard\www.showdigs.co.uk\src\Orchard\Environment\IBuildManager.cs:line 53
2015-04-01 15:34:00,038 [7] Orchard.Environment.DefaultBuildManager - (null) - Error when compiling assembly under ~/Modules/ivNet.Listing/ivNet.Listing.csproj.
System.Web.HttpCompileException (0x80004005): f:\Orchard\www.showdigs.co.uk\src\Orchard.Web\Modules\ivNet.Listing\Controllers\SiteController.cs(74): error CS1002: ; expected
   at System.Web.Compilation.BuildManager.PostProcessFoundBuildResult(BuildResult result, Boolean keyFromVPP, VirtualPath virtualPath)
   at System.Web.Compilation.BuildManager.GetBuildResultFromCacheInternal(String cacheKey, Boolean keyFromVPP, VirtualPath virtualPath, Int64 hashCode, Boolean ensureIsUpToDate)
   at System.Web.Compilation.BuildManager.GetVPathBuildResultFromCacheInternal(VirtualPath virtualPath, Boolean ensureIsUpToDate)
   at System.Web.Compilation.BuildManager.GetVPathBuildResultInternal(VirtualPath virtualPath, Boolean noBuild, Boolean allowCrossApp, Boolean allowBuildInPrecompile, Boolean throwIfNotFound, Boolean ensureIsUpToDate)
   at System.Web.Compilation.BuildManager.GetVPathBuildResultWithNoAssert(HttpContext context, VirtualPath virtualPath, Boolean noBuild, Boolean allowCrossApp, Boolean allowBuildInPrecompile, Boolean throwIfNotFound, Boolean ensureIsUpToDate)
   at System.Web.Compilation.BuildManager.GetVPathBuildResult(HttpContext context, VirtualPath virtualPath, Boolean noBuild, Boolean allowCrossApp, Boolean allowBuildInPrecompile, Boolean ensureIsUpToDate)
   at System.Web.Compilation.BuildManager.GetCompiledAssembly(String virtualPath)
   at Orchard.Environment.DefaultBuildManager.GetCompiledAssembly(String virtualPath) in f:\Orchard\www.showdigs.co.uk\src\Orchard\Environment\IBuildManager.cs:line 53
2015-04-01 15:34:00,103 [7] Orchard.Environment.DefaultBuildManager - (null) - Error when compiling assembly under ~/Modules/ivNet.Listing/ivNet.Listing.csproj.
System.Web.HttpCompileException (0x80004005): f:\Orchard\www.showdigs.co.uk\src\Orchard.Web\Modules\ivNet.Listing\Controllers\SiteController.cs(74): error CS1002: ; expected
   at System.Web.Compilation.BuildManager.PostProcessFoundBuildResult(BuildResult result, Boolean keyFromVPP, VirtualPath virtualPath)
   at System.Web.Compilation.BuildManager.GetBuildResultFromCacheInternal(String cacheKey, Boolean keyFromVPP, VirtualPath virtualPath, Int64 hashCode, Boolean ensureIsUpToDate)
   at System.Web.Compilation.BuildManager.GetVPathBuildResultFromCacheInternal(VirtualPath virtualPath, Boolean ensureIsUpToDate)
   at System.Web.Compilation.BuildManager.GetVPathBuildResultInternal(VirtualPath virtualPath, Boolean noBuild, Boolean allowCrossApp, Boolean allowBuildInPrecompile, Boolean throwIfNotFound, Boolean ensureIsUpToDate)
   at System.Web.Compilation.BuildManager.GetVPathBuildResultWithNoAssert(HttpContext context, VirtualPath virtualPath, Boolean noBuild, Boolean allowCrossApp, Boolean allowBuildInPrecompile, Boolean throwIfNotFound, Boolean ensureIsUpToDate)
   at System.Web.Compilation.BuildManager.GetVPathBuildResult(HttpContext context, VirtualPath virtualPath, Boolean noBuild, Boolean allowCrossApp, Boolean allowBuildInPrecompile, Boolean ensureIsUpToDate)
   at System.Web.Compilation.BuildManager.GetCompiledAssembly(String virtualPath)
   at Orchard.Environment.DefaultBuildManager.GetCompiledAssembly(String virtualPath) in f:\Orchard\www.showdigs.co.uk\src\Orchard\Environment\IBuildManager.cs:line 53
2015-04-01 15:34:00,164 [7] Orchard.Environment.DefaultBuildManager - (null) - Error when compiling assembly under ~/Modules/ivNet.Listing/ivNet.Listing.csproj.
System.Web.HttpCompileException (0x80004005): f:\Orchard\www.showdigs.co.uk\src\Orchard.Web\Modules\ivNet.Listing\Controllers\SiteController.cs(74): error CS1002: ; expected
   at System.Web.Compilation.BuildManager.PostProcessFoundBuildResult(BuildResult result, Boolean keyFromVPP, VirtualPath virtualPath)
   at System.Web.Compilation.BuildManager.GetBuildResultFromCacheInternal(String cacheKey, Boolean keyFromVPP, VirtualPath virtualPath, Int64 hashCode, Boolean ensureIsUpToDate)
   at System.Web.Compilation.BuildManager.GetVPathBuildResultFromCacheInternal(VirtualPath virtualPath, Boolean ensureIsUpToDate)
   at System.Web.Compilation.BuildManager.GetVPathBuildResultInternal(VirtualPath virtualPath, Boolean noBuild, Boolean allowCrossApp, Boolean allowBuildInPrecompile, Boolean throwIfNotFound, Boolean ensureIsUpToDate)
   at System.Web.Compilation.BuildManager.GetVPathBuildResultWithNoAssert(HttpContext context, VirtualPath virtualPath, Boolean noBuild, Boolean allowCrossApp, Boolean allowBuildInPrecompile, Boolean throwIfNotFound, Boolean ensureIsUpToDate)
   at System.Web.Compilation.BuildManager.GetVPathBuildResult(HttpContext context, VirtualPath virtualPath, Boolean noBuild, Boolean allowCrossApp, Boolean allowBuildInPrecompile, Boolean ensureIsUpToDate)
   at System.Web.Compilation.BuildManager.GetCompiledAssembly(String virtualPath)
   at Orchard.Environment.DefaultBuildManager.GetCompiledAssembly(String virtualPath) in f:\Orchard\www.showdigs.co.uk\src\Orchard\Environment\IBuildManager.cs:line 53
2015-04-01 15:34:00,247 [7] Orchard.Environment.DefaultBuildManager - (null) - Error when compiling assembly under ~/Modules/ivNet.Listing/ivNet.Listing.csproj.
System.Web.HttpCompileException (0x80004005): f:\Orchard\www.showdigs.co.uk\src\Orchard.Web\Modules\ivNet.Listing\Controllers\SiteController.cs(74): error CS1002: ; expected
   at System.Web.Compilation.BuildManager.PostProcessFoundBuildResult(BuildResult result, Boolean keyFromVPP, VirtualPath virtualPath)
   at System.Web.Compilation.BuildManager.GetBuildResultFromCacheInternal(String cacheKey, Boolean keyFromVPP, VirtualPath virtualPath, Int64 hashCode, Boolean ensureIsUpToDate)
   at System.Web.Compilation.BuildManager.GetVPathBuildResultFromCacheInternal(VirtualPath virtualPath, Boolean ensureIsUpToDate)
   at System.Web.Compilation.BuildManager.GetVPathBuildResultInternal(VirtualPath virtualPath, Boolean noBuild, Boolean allowCrossApp, Boolean allowBuildInPrecompile, Boolean throwIfNotFound, Boolean ensureIsUpToDate)
   at System.Web.Compilation.BuildManager.GetVPathBuildResultWithNoAssert(HttpContext context, VirtualPath virtualPath, Boolean noBuild, Boolean allowCrossApp, Boolean allowBuildInPrecompile, Boolean throwIfNotFound, Boolean ensureIsUpToDate)
   at System.Web.Compilation.BuildManager.GetVPathBuildResult(HttpContext context, VirtualPath virtualPath, Boolean noBuild, Boolean allowCrossApp, Boolean allowBuildInPrecompile, Boolean ensureIsUpToDate)
   at System.Web.Compilation.BuildManager.GetCompiledAssembly(String virtualPath)
   at Orchard.Environment.DefaultBuildManager.GetCompiledAssembly(String virtualPath) in f:\Orchard\www.showdigs.co.uk\src\Orchard\Environment\IBuildManager.cs:line 53
2015-04-01 15:34:00,336 [7] Orchard.Environment.DefaultBuildManager - (null) - Error when compiling assembly under ~/Modules/ivNet.Listing/ivNet.Listing.csproj.
System.Web.HttpCompileException (0x80004005): f:\Orchard\www.showdigs.co.uk\src\Orchard.Web\Modules\ivNet.Listing\Controllers\SiteController.cs(74): error CS1002: ; expected
   at System.Web.Compilation.BuildManager.PostProcessFoundBuildResult(BuildResult result, Boolean keyFromVPP, VirtualPath virtualPath)
   at System.Web.Compilation.BuildManager.GetBuildResultFromCacheInternal(String cacheKey, Boolean keyFromVPP, VirtualPath virtualPath, Int64 hashCode, Boolean ensureIsUpToDate)
   at System.Web.Compilation.BuildManager.GetVPathBuildResultFromCacheInternal(VirtualPath virtualPath, Boolean ensureIsUpToDate)
   at System.Web.Compilation.BuildManager.GetVPathBuildResultInternal(VirtualPath virtualPath, Boolean noBuild, Boolean allowCrossApp, Boolean allowBuildInPrecompile, Boolean throwIfNotFound, Boolean ensureIsUpToDate)
   at System.Web.Compilation.BuildManager.GetVPathBuildResultWithNoAssert(HttpContext context, VirtualPath virtualPath, Boolean noBuild, Boolean allowCrossApp, Boolean allowBuildInPrecompile, Boolean throwIfNotFound, Boolean ensureIsUpToDate)
   at System.Web.Compilation.BuildManager.GetVPathBuildResult(HttpContext context, VirtualPath virtualPath, Boolean noBuild, Boolean allowCrossApp, Boolean allowBuildInPrecompile, Boolean ensureIsUpToDate)
   at System.Web.Compilation.BuildManager.GetCompiledAssembly(String virtualPath)
   at Orchard.Environment.DefaultBuildManager.GetCompiledAssembly(String virtualPath) in f:\Orchard\www.showdigs.co.uk\src\Orchard\Environment\IBuildManager.cs:line 53
2015-04-01 15:34:00,408 [7] Orchard.Environment.DefaultBuildManager - (null) - Error when compiling assembly under ~/Modules/ivNet.Listing/ivNet.Listing.csproj.
System.Web.HttpCompileException (0x80004005): f:\Orchard\www.showdigs.co.uk\src\Orchard.Web\Modules\ivNet.Listing\Controllers\SiteController.cs(74): error CS1002: ; expected
   at System.Web.Compilation.BuildManager.PostProcessFoundBuildResult(BuildResult result, Boolean keyFromVPP, VirtualPath virtualPath)
   at System.Web.Compilation.BuildManager.GetBuildResultFromCacheInternal(String cacheKey, Boolean keyFromVPP, VirtualPath virtualPath, Int64 hashCode, Boolean ensureIsUpToDate)
   at System.Web.Compilation.BuildManager.GetVPathBuildResultFromCacheInternal(VirtualPath virtualPath, Boolean ensureIsUpToDate)
   at System.Web.Compilation.BuildManager.GetVPathBuildResultInternal(VirtualPath virtualPath, Boolean noBuild, Boolean allowCrossApp, Boolean allowBuildInPrecompile, Boolean throwIfNotFound, Boolean ensureIsUpToDate)
   at System.Web.Compilation.BuildManager.GetVPathBuildResultWithNoAssert(HttpContext context, VirtualPath virtualPath, Boolean noBuild, Boolean allowCrossApp, Boolean allowBuildInPrecompile, Boolean throwIfNotFound, Boolean ensureIsUpToDate)
   at System.Web.Compilation.BuildManager.GetVPathBuildResult(HttpContext context, VirtualPath virtualPath, Boolean noBuild, Boolean allowCrossApp, Boolean allowBuildInPrecompile, Boolean ensureIsUpToDate)
   at System.Web.Compilation.BuildManager.GetCompiledAssembly(String virtualPath)
   at Orchard.Environment.DefaultBuildManager.GetCompiledAssembly(String virtualPath) in f:\Orchard\www.showdigs.co.uk\src\Orchard\Environment\IBuildManager.cs:line 53
2015-04-01 15:34:00,482 [7] Orchard.Environment.DefaultBuildManager - (null) - Error when compiling assembly under ~/Modules/ivNet.Listing/ivNet.Listing.csproj.
System.Web.HttpCompileException (0x80004005): f:\Orchard\www.showdigs.co.uk\src\Orchard.Web\Modules\ivNet.Listing\Controllers\SiteController.cs(74): error CS1002: ; expected
   at System.Web.Compilation.BuildManager.PostProcessFoundBuildResult(BuildResult result, Boolean keyFromVPP, VirtualPath virtualPath)
   at System.Web.Compilation.BuildManager.GetBuildResultFromCacheInternal(String cacheKey, Boolean keyFromVPP, VirtualPath virtualPath, Int64 hashCode, Boolean ensureIsUpToDate)
   at System.Web.Compilation.BuildManager.GetVPathBuildResultFromCacheInternal(VirtualPath virtualPath, Boolean ensureIsUpToDate)
   at System.Web.Compilation.BuildManager.GetVPathBuildResultInternal(VirtualPath virtualPath, Boolean noBuild, Boolean allowCrossApp, Boolean allowBuildInPrecompile, Boolean throwIfNotFound, Boolean ensureIsUpToDate)
   at System.Web.Compilation.BuildManager.GetVPathBuildResultWithNoAssert(HttpContext context, VirtualPath virtualPath, Boolean noBuild, Boolean allowCrossApp, Boolean allowBuildInPrecompile, Boolean throwIfNotFound, Boolean ensureIsUpToDate)
   at System.Web.Compilation.BuildManager.GetVPathBuildResult(HttpContext context, VirtualPath virtualPath, Boolean noBuild, Boolean allowCrossApp, Boolean allowBuildInPrecompile, Boolean ensureIsUpToDate)
   at System.Web.Compilation.BuildManager.GetCompiledAssembly(String virtualPath)
   at Orchard.Environment.DefaultBuildManager.GetCompiledAssembly(String virtualPath) in f:\Orchard\www.showdigs.co.uk\src\Orchard\Environment\IBuildManager.cs:line 53
2015-04-01 15:34:00,545 [7] Orchard.Environment.DefaultBuildManager - (null) - Error when compiling assembly under ~/Modules/ivNet.Listing/ivNet.Listing.csproj.
System.Web.HttpCompileException (0x80004005): f:\Orchard\www.showdigs.co.uk\src\Orchard.Web\Modules\ivNet.Listing\Controllers\SiteController.cs(74): error CS1002: ; expected
   at System.Web.Compilation.BuildManager.PostProcessFoundBuildResult(BuildResult result, Boolean keyFromVPP, VirtualPath virtualPath)
   at System.Web.Compilation.BuildManager.GetBuildResultFromCacheInternal(String cacheKey, Boolean keyFromVPP, VirtualPath virtualPath, Int64 hashCode, Boolean ensureIsUpToDate)
   at System.Web.Compilation.BuildManager.GetVPathBuildResultFromCacheInternal(VirtualPath virtualPath, Boolean ensureIsUpToDate)
   at System.Web.Compilation.BuildManager.GetVPathBuildResultInternal(VirtualPath virtualPath, Boolean noBuild, Boolean allowCrossApp, Boolean allowBuildInPrecompile, Boolean throwIfNotFound, Boolean ensureIsUpToDate)
   at System.Web.Compilation.BuildManager.GetVPathBuildResultWithNoAssert(HttpContext context, VirtualPath virtualPath, Boolean noBuild, Boolean allowCrossApp, Boolean allowBuildInPrecompile, Boolean throwIfNotFound, Boolean ensureIsUpToDate)
   at System.Web.Compilation.BuildManager.GetVPathBuildResult(HttpContext context, VirtualPath virtualPath, Boolean noBuild, Boolean allowCrossApp, Boolean allowBuildInPrecompile, Boolean ensureIsUpToDate)
   at System.Web.Compilation.BuildManager.GetCompiledAssembly(String virtualPath)
   at Orchard.Environment.DefaultBuildManager.GetCompiledAssembly(String virtualPath) in f:\Orchard\www.showdigs.co.uk\src\Orchard\Environment\IBuildManager.cs:line 53
2015-04-01 15:34:00,627 [7] Orchard.Environment.DefaultBuildManager - (null) - Error when compiling assembly under ~/Modules/ivNet.Listing/ivNet.Listing.csproj.
System.Web.HttpCompileException (0x80004005): f:\Orchard\www.showdigs.co.uk\src\Orchard.Web\Modules\ivNet.Listing\Controllers\SiteController.cs(74): error CS1002: ; expected
   at System.Web.Compilation.BuildManager.PostProcessFoundBuildResult(BuildResult result, Boolean keyFromVPP, VirtualPath virtualPath)
   at System.Web.Compilation.BuildManager.GetBuildResultFromCacheInternal(String cacheKey, Boolean keyFromVPP, VirtualPath virtualPath, Int64 hashCode, Boolean ensureIsUpToDate)
   at System.Web.Compilation.BuildManager.GetVPathBuildResultFromCacheInternal(VirtualPath virtualPath, Boolean ensureIsUpToDate)
   at System.Web.Compilation.BuildManager.GetVPathBuildResultInternal(VirtualPath virtualPath, Boolean noBuild, Boolean allowCrossApp, Boolean allowBuildInPrecompile, Boolean throwIfNotFound, Boolean ensureIsUpToDate)
   at System.Web.Compilation.BuildManager.GetVPathBuildResultWithNoAssert(HttpContext context, VirtualPath virtualPath, Boolean noBuild, Boolean allowCrossApp, Boolean allowBuildInPrecompile, Boolean throwIfNotFound, Boolean ensureIsUpToDate)
   at System.Web.Compilation.BuildManager.GetVPathBuildResult(HttpContext context, VirtualPath virtualPath, Boolean noBuild, Boolean allowCrossApp, Boolean allowBuildInPrecompile, Boolean ensureIsUpToDate)
   at System.Web.Compilation.BuildManager.GetCompiledAssembly(String virtualPath)
   at Orchard.Environment.DefaultBuildManager.GetCompiledAssembly(String virtualPath) in f:\Orchard\www.showdigs.co.uk\src\Orchard\Environment\IBuildManager.cs:line 53
2015-04-01 15:34:00,686 [7] Orchard.Environment.DefaultBuildManager - (null) - Error when compiling assembly under ~/Modules/ivNet.Listing/ivNet.Listing.csproj.
System.Web.HttpCompileException (0x80004005): f:\Orchard\www.showdigs.co.uk\src\Orchard.Web\Modules\ivNet.Listing\Controllers\SiteController.cs(74): error CS1002: ; expected
   at System.Web.Compilation.BuildManager.PostProcessFoundBuildResult(BuildResult result, Boolean keyFromVPP, VirtualPath virtualPath)
   at System.Web.Compilation.BuildManager.GetBuildResultFromCacheInternal(String cacheKey, Boolean keyFromVPP, VirtualPath virtualPath, Int64 hashCode, Boolean ensureIsUpToDate)
   at System.Web.Compilation.BuildManager.GetVPathBuildResultFromCacheInternal(VirtualPath virtualPath, Boolean ensureIsUpToDate)
   at System.Web.Compilation.BuildManager.GetVPathBuildResultInternal(VirtualPath virtualPath, Boolean noBuild, Boolean allowCrossApp, Boolean allowBuildInPrecompile, Boolean throwIfNotFound, Boolean ensureIsUpToDate)
   at System.Web.Compilation.BuildManager.GetVPathBuildResultWithNoAssert(HttpContext context, VirtualPath virtualPath, Boolean noBuild, Boolean allowCrossApp, Boolean allowBuildInPrecompile, Boolean throwIfNotFound, Boolean ensureIsUpToDate)
   at System.Web.Compilation.BuildManager.GetVPathBuildResult(HttpContext context, VirtualPath virtualPath, Boolean noBuild, Boolean allowCrossApp, Boolean allowBuildInPrecompile, Boolean ensureIsUpToDate)
   at System.Web.Compilation.BuildManager.GetCompiledAssembly(String virtualPath)
   at Orchard.Environment.DefaultBuildManager.GetCompiledAssembly(String virtualPath) in f:\Orchard\www.showdigs.co.uk\src\Orchard\Environment\IBuildManager.cs:line 53
2015-04-01 15:34:00,760 [7] Orchard.Environment.DefaultBuildManager - (null) - Error when compiling assembly under ~/Modules/ivNet.Listing/ivNet.Listing.csproj.
System.Web.HttpCompileException (0x80004005): f:\Orchard\www.showdigs.co.uk\src\Orchard.Web\Modules\ivNet.Listing\Controllers\SiteController.cs(74): error CS1002: ; expected
   at System.Web.Compilation.BuildManager.PostProcessFoundBuildResult(BuildResult result, Boolean keyFromVPP, VirtualPath virtualPath)
   at System.Web.Compilation.BuildManager.GetBuildResultFromCacheInternal(String cacheKey, Boolean keyFromVPP, VirtualPath virtualPath, Int64 hashCode, Boolean ensureIsUpToDate)
   at System.Web.Compilation.BuildManager.GetVPathBuildResultFromCacheInternal(VirtualPath virtualPath, Boolean ensureIsUpToDate)
   at System.Web.Compilation.BuildManager.GetVPathBuildResultInternal(VirtualPath virtualPath, Boolean noBuild, Boolean allowCrossApp, Boolean allowBuildInPrecompile, Boolean throwIfNotFound, Boolean ensureIsUpToDate)
   at System.Web.Compilation.BuildManager.GetVPathBuildResultWithNoAssert(HttpContext context, VirtualPath virtualPath, Boolean noBuild, Boolean allowCrossApp, Boolean allowBuildInPrecompile, Boolean throwIfNotFound, Boolean ensureIsUpToDate)
   at System.Web.Compilation.BuildManager.GetVPathBuildResult(HttpContext context, VirtualPath virtualPath, Boolean noBuild, Boolean allowCrossApp, Boolean allowBuildInPrecompile, Boolean ensureIsUpToDate)
   at System.Web.Compilation.BuildManager.GetCompiledAssembly(String virtualPath)
   at Orchard.Environment.DefaultBuildManager.GetCompiledAssembly(String virtualPath) in f:\Orchard\www.showdigs.co.uk\src\Orchard\Environment\IBuildManager.cs:line 53
2015-04-01 15:34:00,855 [7] Orchard.Environment.DefaultBuildManager - (null) - Error when compiling assembly under ~/Modules/ivNet.Listing/ivNet.Listing.csproj.
System.Web.HttpCompileException (0x80004005): f:\Orchard\www.showdigs.co.uk\src\Orchard.Web\Modules\ivNet.Listing\Controllers\SiteController.cs(74): error CS1002: ; expected
   at System.Web.Compilation.BuildManager.PostProcessFoundBuildResult(BuildResult result, Boolean keyFromVPP, VirtualPath virtualPath)
   at System.Web.Compilation.BuildManager.GetBuildResultFromCacheInternal(String cacheKey, Boolean keyFromVPP, VirtualPath virtualPath, Int64 hashCode, Boolean ensureIsUpToDate)
   at System.Web.Compilation.BuildManager.GetVPathBuildResultFromCacheInternal(VirtualPath virtualPath, Boolean ensureIsUpToDate)
   at System.Web.Compilation.BuildManager.GetVPathBuildResultInternal(VirtualPath virtualPath, Boolean noBuild, Boolean allowCrossApp, Boolean allowBuildInPrecompile, Boolean throwIfNotFound, Boolean ensureIsUpToDate)
   at System.Web.Compilation.BuildManager.GetVPathBuildResultWithNoAssert(HttpContext context, VirtualPath virtualPath, Boolean noBuild, Boolean allowCrossApp, Boolean allowBuildInPrecompile, Boolean throwIfNotFound, Boolean ensureIsUpToDate)
   at System.Web.Compilation.BuildManager.GetVPathBuildResult(HttpContext context, VirtualPath virtualPath, Boolean noBuild, Boolean allowCrossApp, Boolean allowBuildInPrecompile, Boolean ensureIsUpToDate)
   at System.Web.Compilation.BuildManager.GetCompiledAssembly(String virtualPath)
   at Orchard.Environment.DefaultBuildManager.GetCompiledAssembly(String virtualPath) in f:\Orchard\www.showdigs.co.uk\src\Orchard\Environment\IBuildManager.cs:line 53
2015-04-01 15:34:00,924 [7] Orchard.Environment.DefaultBuildManager - (null) - Error when compiling assembly under ~/Modules/ivNet.Listing/ivNet.Listing.csproj.
System.Web.HttpCompileException (0x80004005): f:\Orchard\www.showdigs.co.uk\src\Orchard.Web\Modules\ivNet.Listing\Controllers\SiteController.cs(74): error CS1002: ; expected
   at System.Web.Compilation.BuildManager.PostProcessFoundBuildResult(BuildResult result, Boolean keyFromVPP, VirtualPath virtualPath)
   at System.Web.Compilation.BuildManager.GetBuildResultFromCacheInternal(String cacheKey, Boolean keyFromVPP, VirtualPath virtualPath, Int64 hashCode, Boolean ensureIsUpToDate)
   at System.Web.Compilation.BuildManager.GetVPathBuildResultFromCacheInternal(VirtualPath virtualPath, Boolean ensureIsUpToDate)
   at System.Web.Compilation.BuildManager.GetVPathBuildResultInternal(VirtualPath virtualPath, Boolean noBuild, Boolean allowCrossApp, Boolean allowBuildInPrecompile, Boolean throwIfNotFound, Boolean ensureIsUpToDate)
   at System.Web.Compilation.BuildManager.GetVPathBuildResultWithNoAssert(HttpContext context, VirtualPath virtualPath, Boolean noBuild, Boolean allowCrossApp, Boolean allowBuildInPrecompile, Boolean throwIfNotFound, Boolean ensureIsUpToDate)
   at System.Web.Compilation.BuildManager.GetVPathBuildResult(HttpContext context, VirtualPath virtualPath, Boolean noBuild, Boolean allowCrossApp, Boolean allowBuildInPrecompile, Boolean ensureIsUpToDate)
   at System.Web.Compilation.BuildManager.GetCompiledAssembly(String virtualPath)
   at Orchard.Environment.DefaultBuildManager.GetCompiledAssembly(String virtualPath) in f:\Orchard\www.showdigs.co.uk\src\Orchard\Environment\IBuildManager.cs:line 53
2015-04-01 15:34:01,000 [7] Orchard.Environment.DefaultBuildManager - (null) - Error when compiling assembly under ~/Modules/ivNet.Listing/ivNet.Listing.csproj.
System.Web.HttpCompileException (0x80004005): f:\Orchard\www.showdigs.co.uk\src\Orchard.Web\Modules\ivNet.Listing\Controllers\SiteController.cs(74): error CS1002: ; expected
   at System.Web.Compilation.BuildManager.PostProcessFoundBuildResult(BuildResult result, Boolean keyFromVPP, VirtualPath virtualPath)
   at System.Web.Compilation.BuildManager.GetBuildResultFromCacheInternal(String cacheKey, Boolean keyFromVPP, VirtualPath virtualPath, Int64 hashCode, Boolean ensureIsUpToDate)
   at System.Web.Compilation.BuildManager.GetVPathBuildResultFromCacheInternal(VirtualPath virtualPath, Boolean ensureIsUpToDate)
   at System.Web.Compilation.BuildManager.GetVPathBuildResultInternal(VirtualPath virtualPath, Boolean noBuild, Boolean allowCrossApp, Boolean allowBuildInPrecompile, Boolean throwIfNotFound, Boolean ensureIsUpToDate)
   at System.Web.Compilation.BuildManager.GetVPathBuildResultWithNoAssert(HttpContext context, VirtualPath virtualPath, Boolean noBuild, Boolean allowCrossApp, Boolean allowBuildInPrecompile, Boolean throwIfNotFound, Boolean ensureIsUpToDate)
   at System.Web.Compilation.BuildManager.GetVPathBuildResult(HttpContext context, VirtualPath virtualPath, Boolean noBuild, Boolean allowCrossApp, Boolean allowBuildInPrecompile, Boolean ensureIsUpToDate)
   at System.Web.Compilation.BuildManager.GetCompiledAssembly(String virtualPath)
   at Orchard.Environment.DefaultBuildManager.GetCompiledAssembly(String virtualPath) in f:\Orchard\www.showdigs.co.uk\src\Orchard\Environment\IBuildManager.cs:line 53
2015-04-01 15:34:01,064 [7] Orchard.Environment.DefaultBuildManager - (null) - Error when compiling assembly under ~/Modules/ivNet.Listing/ivNet.Listing.csproj.
System.Web.HttpCompileException (0x80004005): f:\Orchard\www.showdigs.co.uk\src\Orchard.Web\Modules\ivNet.Listing\Controllers\SiteController.cs(74): error CS1002: ; expected
   at System.Web.Compilation.BuildManager.PostProcessFoundBuildResult(BuildResult result, Boolean keyFromVPP, VirtualPath virtualPath)
   at System.Web.Compilation.BuildManager.GetBuildResultFromCacheInternal(String cacheKey, Boolean keyFromVPP, VirtualPath virtualPath, Int64 hashCode, Boolean ensureIsUpToDate)
   at System.Web.Compilation.BuildManager.GetVPathBuildResultFromCacheInternal(VirtualPath virtualPath, Boolean ensureIsUpToDate)
   at System.Web.Compilation.BuildManager.GetVPathBuildResultInternal(VirtualPath virtualPath, Boolean noBuild, Boolean allowCrossApp, Boolean allowBuildInPrecompile, Boolean throwIfNotFound, Boolean ensureIsUpToDate)
   at System.Web.Compilation.BuildManager.GetVPathBuildResultWithNoAssert(HttpContext context, VirtualPath virtualPath, Boolean noBuild, Boolean allowCrossApp, Boolean allowBuildInPrecompile, Boolean throwIfNotFound, Boolean ensureIsUpToDate)
   at System.Web.Compilation.BuildManager.GetVPathBuildResult(HttpContext context, VirtualPath virtualPath, Boolean noBuild, Boolean allowCrossApp, Boolean allowBuildInPrecompile, Boolean ensureIsUpToDate)
   at System.Web.Compilation.BuildManager.GetCompiledAssembly(String virtualPath)
   at Orchard.Environment.DefaultBuildManager.GetCompiledAssembly(String virtualPath) in f:\Orchard\www.showdigs.co.uk\src\Orchard\Environment\IBuildManager.cs:line 53
2015-04-01 15:34:01,139 [7] Orchard.Environment.DefaultBuildManager - (null) - Error when compiling assembly under ~/Modules/ivNet.Listing/ivNet.Listing.csproj.
System.Web.HttpCompileException (0x80004005): f:\Orchard\www.showdigs.co.uk\src\Orchard.Web\Modules\ivNet.Listing\Controllers\SiteController.cs(74): error CS1002: ; expected
   at System.Web.Compilation.BuildManager.PostProcessFoundBuildResult(BuildResult result, Boolean keyFromVPP, VirtualPath virtualPath)
   at System.Web.Compilation.BuildManager.GetBuildResultFromCacheInternal(String cacheKey, Boolean keyFromVPP, VirtualPath virtualPath, Int64 hashCode, Boolean ensureIsUpToDate)
   at System.Web.Compilation.BuildManager.GetVPathBuildResultFromCacheInternal(VirtualPath virtualPath, Boolean ensureIsUpToDate)
   at System.Web.Compilation.BuildManager.GetVPathBuildResultInternal(VirtualPath virtualPath, Boolean noBuild, Boolean allowCrossApp, Boolean allowBuildInPrecompile, Boolean throwIfNotFound, Boolean ensureIsUpToDate)
   at System.Web.Compilation.BuildManager.GetVPathBuildResultWithNoAssert(HttpContext context, VirtualPath virtualPath, Boolean noBuild, Boolean allowCrossApp, Boolean allowBuildInPrecompile, Boolean throwIfNotFound, Boolean ensureIsUpToDate)
   at System.Web.Compilation.BuildManager.GetVPathBuildResult(HttpContext context, VirtualPath virtualPath, Boolean noBuild, Boolean allowCrossApp, Boolean allowBuildInPrecompile, Boolean ensureIsUpToDate)
   at System.Web.Compilation.BuildManager.GetCompiledAssembly(String virtualPath)
   at Orchard.Environment.DefaultBuildManager.GetCompiledAssembly(String virtualPath) in f:\Orchard\www.showdigs.co.uk\src\Orchard\Environment\IBuildManager.cs:line 53
2015-04-01 15:34:01,218 [7] Orchard.Environment.DefaultBuildManager - (null) - Error when compiling assembly under ~/Modules/ivNet.Listing/ivNet.Listing.csproj.
System.Web.HttpCompileException (0x80004005): f:\Orchard\www.showdigs.co.uk\src\Orchard.Web\Modules\ivNet.Listing\Controllers\SiteController.cs(74): error CS1002: ; expected
   at System.Web.Compilation.BuildManager.PostProcessFoundBuildResult(BuildResult result, Boolean keyFromVPP, VirtualPath virtualPath)
   at System.Web.Compilation.BuildManager.GetBuildResultFromCacheInternal(String cacheKey, Boolean keyFromVPP, VirtualPath virtualPath, Int64 hashCode, Boolean ensureIsUpToDate)
   at System.Web.Compilation.BuildManager.GetVPathBuildResultFromCacheInternal(VirtualPath virtualPath, Boolean ensureIsUpToDate)
   at System.Web.Compilation.BuildManager.GetVPathBuildResultInternal(VirtualPath virtualPath, Boolean noBuild, Boolean allowCrossApp, Boolean allowBuildInPrecompile, Boolean throwIfNotFound, Boolean ensureIsUpToDate)
   at System.Web.Compilation.BuildManager.GetVPathBuildResultWithNoAssert(HttpContext context, VirtualPath virtualPath, Boolean noBuild, Boolean allowCrossApp, Boolean allowBuildInPrecompile, Boolean throwIfNotFound, Boolean ensureIsUpToDate)
   at System.Web.Compilation.BuildManager.GetVPathBuildResult(HttpContext context, VirtualPath virtualPath, Boolean noBuild, Boolean allowCrossApp, Boolean allowBuildInPrecompile, Boolean ensureIsUpToDate)
   at System.Web.Compilation.BuildManager.GetCompiledAssembly(String virtualPath)
   at Orchard.Environment.DefaultBuildManager.GetCompiledAssembly(String virtualPath) in f:\Orchard\www.showdigs.co.uk\src\Orchard\Environment\IBuildManager.cs:line 53
2015-04-01 15:34:01,288 [7] Orchard.Environment.DefaultBuildManager - (null) - Error when compiling assembly under ~/Modules/ivNet.Listing/ivNet.Listing.csproj.
System.Web.HttpCompileException (0x80004005): f:\Orchard\www.showdigs.co.uk\src\Orchard.Web\Modules\ivNet.Listing\Controllers\SiteController.cs(74): error CS1002: ; expected
   at System.Web.Compilation.BuildManager.PostProcessFoundBuildResult(BuildResult result, Boolean keyFromVPP, VirtualPath virtualPath)
   at System.Web.Compilation.BuildManager.GetBuildResultFromCacheInternal(String cacheKey, Boolean keyFromVPP, VirtualPath virtualPath, Int64 hashCode, Boolean ensureIsUpToDate)
   at System.Web.Compilation.BuildManager.GetVPathBuildResultFromCacheInternal(VirtualPath virtualPath, Boolean ensureIsUpToDate)
   at System.Web.Compilation.BuildManager.GetVPathBuildResultInternal(VirtualPath virtualPath, Boolean noBuild, Boolean allowCrossApp, Boolean allowBuildInPrecompile, Boolean throwIfNotFound, Boolean ensureIsUpToDate)
   at System.Web.Compilation.BuildManager.GetVPathBuildResultWithNoAssert(HttpContext context, VirtualPath virtualPath, Boolean noBuild, Boolean allowCrossApp, Boolean allowBuildInPrecompile, Boolean throwIfNotFound, Boolean ensureIsUpToDate)
   at System.Web.Compilation.BuildManager.GetVPathBuildResult(HttpContext context, VirtualPath virtualPath, Boolean noBuild, Boolean allowCrossApp, Boolean allowBuildInPrecompile, Boolean ensureIsUpToDate)
   at System.Web.Compilation.BuildManager.GetCompiledAssembly(String virtualPath)
   at Orchard.Environment.DefaultBuildManager.GetCompiledAssembly(String virtualPath) in f:\Orchard\www.showdigs.co.uk\src\Orchard\Environment\IBuildManager.cs:line 53
2015-04-01 15:34:01,351 [7] Orchard.Environment.DefaultBuildManager - (null) - Error when compiling assembly under ~/Modules/ivNet.Listing/ivNet.Listing.csproj.
System.Web.HttpCompileException (0x80004005): f:\Orchard\www.showdigs.co.uk\src\Orchard.Web\Modules\ivNet.Listing\Controllers\SiteController.cs(74): error CS1002: ; expected
   at System.Web.Compilation.BuildManager.PostProcessFoundBuildResult(BuildResult result, Boolean keyFromVPP, VirtualPath virtualPath)
   at System.Web.Compilation.BuildManager.GetBuildResultFromCacheInternal(String cacheKey, Boolean keyFromVPP, VirtualPath virtualPath, Int64 hashCode, Boolean ensureIsUpToDate)
   at System.Web.Compilation.BuildManager.GetVPathBuildResultFromCacheInternal(VirtualPath virtualPath, Boolean ensureIsUpToDate)
   at System.Web.Compilation.BuildManager.GetVPathBuildResultInternal(VirtualPath virtualPath, Boolean noBuild, Boolean allowCrossApp, Boolean allowBuildInPrecompile, Boolean throwIfNotFound, Boolean ensureIsUpToDate)
   at System.Web.Compilation.BuildManager.GetVPathBuildResultWithNoAssert(HttpContext context, VirtualPath virtualPath, Boolean noBuild, Boolean allowCrossApp, Boolean allowBuildInPrecompile, Boolean throwIfNotFound, Boolean ensureIsUpToDate)
   at System.Web.Compilation.BuildManager.GetVPathBuildResult(HttpContext context, VirtualPath virtualPath, Boolean noBuild, Boolean allowCrossApp, Boolean allowBuildInPrecompile, Boolean ensureIsUpToDate)
   at System.Web.Compilation.BuildManager.GetCompiledAssembly(String virtualPath)
   at Orchard.Environment.DefaultBuildManager.GetCompiledAssembly(String virtualPath) in f:\Orchard\www.showdigs.co.uk\src\Orchard\Environment\IBuildManager.cs:line 53
2015-04-01 15:34:01,407 [7] Orchard.Environment.DefaultBuildManager - (null) - Error when compiling assembly under ~/Modules/ivNet.Listing/ivNet.Listing.csproj.
System.Web.HttpCompileException (0x80004005): f:\Orchard\www.showdigs.co.uk\src\Orchard.Web\Modules\ivNet.Listing\Controllers\SiteController.cs(74): error CS1002: ; expected
   at System.Web.Compilation.BuildManager.PostProcessFoundBuildResult(BuildResult result, Boolean keyFromVPP, VirtualPath virtualPath)
   at System.Web.Compilation.BuildManager.GetBuildResultFromCacheInternal(String cacheKey, Boolean keyFromVPP, VirtualPath virtualPath, Int64 hashCode, Boolean ensureIsUpToDate)
   at System.Web.Compilation.BuildManager.GetVPathBuildResultFromCacheInternal(VirtualPath virtualPath, Boolean ensureIsUpToDate)
   at System.Web.Compilation.BuildManager.GetVPathBuildResultInternal(VirtualPath virtualPath, Boolean noBuild, Boolean allowCrossApp, Boolean allowBuildInPrecompile, Boolean throwIfNotFound, Boolean ensureIsUpToDate)
   at System.Web.Compilation.BuildManager.GetVPathBuildResultWithNoAssert(HttpContext context, VirtualPath virtualPath, Boolean noBuild, Boolean allowCrossApp, Boolean allowBuildInPrecompile, Boolean throwIfNotFound, Boolean ensureIsUpToDate)
   at System.Web.Compilation.BuildManager.GetVPathBuildResult(HttpContext context, VirtualPath virtualPath, Boolean noBuild, Boolean allowCrossApp, Boolean allowBuildInPrecompile, Boolean ensureIsUpToDate)
   at System.Web.Compilation.BuildManager.GetCompiledAssembly(String virtualPath)
   at Orchard.Environment.DefaultBuildManager.GetCompiledAssembly(String virtualPath) in f:\Orchard\www.showdigs.co.uk\src\Orchard\Environment\IBuildManager.cs:line 53
2015-04-01 15:34:03,734 [7] Orchard.Environment.DefaultBuildManager - (null) - Error when compiling assembly under ~/Modules/ivNet.Listing/ivNet.Listing.csproj.
System.Web.HttpCompileException (0x80004005): f:\Orchard\www.showdigs.co.uk\src\Orchard.Web\Modules\ivNet.Listing\Controllers\SiteController.cs(74): error CS1002: ; expected
   at System.Web.Compilation.BuildManager.PostProcessFoundBuildResult(BuildResult result, Boolean keyFromVPP, VirtualPath virtualPath)
   at System.Web.Compilation.BuildManager.GetBuildResultFromCacheInternal(String cacheKey, Boolean keyFromVPP, VirtualPath virtualPath, Int64 hashCode, Boolean ensureIsUpToDate)
   at System.Web.Compilation.BuildManager.GetVPathBuildResultFromCacheInternal(VirtualPath virtualPath, Boolean ensureIsUpToDate)
   at System.Web.Compilation.BuildManager.GetVPathBuildResultInternal(VirtualPath virtualPath, Boolean noBuild, Boolean allowCrossApp, Boolean allowBuildInPrecompile, Boolean throwIfNotFound, Boolean ensureIsUpToDate)
   at System.Web.Compilation.BuildManager.GetVPathBuildResultWithNoAssert(HttpContext context, VirtualPath virtualPath, Boolean noBuild, Boolean allowCrossApp, Boolean allowBuildInPrecompile, Boolean throwIfNotFound, Boolean ensureIsUpToDate)
   at System.Web.Compilation.BuildManager.GetVPathBuildResult(HttpContext context, VirtualPath virtualPath, Boolean noBuild, Boolean allowCrossApp, Boolean allowBuildInPrecompile, Boolean ensureIsUpToDate)
   at System.Web.Compilation.BuildManager.GetCompiledAssembly(String virtualPath)
   at Orchard.Environment.DefaultBuildManager.GetCompiledAssembly(String virtualPath) in f:\Orchard\www.showdigs.co.uk\src\Orchard\Environment\IBuildManager.cs:line 53
2015-04-01 15:34:03,834 [7] Orchard.Environment.DefaultBuildManager - (null) - Error when compiling assembly under ~/Modules/ivNet.Listing/ivNet.Listing.csproj.
System.Web.HttpCompileException (0x80004005): f:\Orchard\www.showdigs.co.uk\src\Orchard.Web\Modules\ivNet.Listing\Controllers\SiteController.cs(74): error CS1002: ; expected
   at System.Web.Compilation.BuildManager.PostProcessFoundBuildResult(BuildResult result, Boolean keyFromVPP, VirtualPath virtualPath)
   at System.Web.Compilation.BuildManager.GetBuildResultFromCacheInternal(String cacheKey, Boolean keyFromVPP, VirtualPath virtualPath, Int64 hashCode, Boolean ensureIsUpToDate)
   at System.Web.Compilation.BuildManager.GetVPathBuildResultFromCacheInternal(VirtualPath virtualPath, Boolean ensureIsUpToDate)
   at System.Web.Compilation.BuildManager.GetVPathBuildResultInternal(VirtualPath virtualPath, Boolean noBuild, Boolean allowCrossApp, Boolean allowBuildInPrecompile, Boolean throwIfNotFound, Boolean ensureIsUpToDate)
   at System.Web.Compilation.BuildManager.GetVPathBuildResultWithNoAssert(HttpContext context, VirtualPath virtualPath, Boolean noBuild, Boolean allowCrossApp, Boolean allowBuildInPrecompile, Boolean throwIfNotFound, Boolean ensureIsUpToDate)
   at System.Web.Compilation.BuildManager.GetVPathBuildResult(HttpContext context, VirtualPath virtualPath, Boolean noBuild, Boolean allowCrossApp, Boolean allowBuildInPrecompile, Boolean ensureIsUpToDate)
   at System.Web.Compilation.BuildManager.GetCompiledAssembly(String virtualPath)
   at Orchard.Environment.DefaultBuildManager.GetCompiledAssembly(String virtualPath) in f:\Orchard\www.showdigs.co.uk\src\Orchard\Environment\IBuildManager.cs:line 53
2015-04-01 15:34:03,926 [7] Orchard.Environment.DefaultBuildManager - (null) - Error when compiling assembly under ~/Modules/ivNet.Listing/ivNet.Listing.csproj.
System.Web.HttpCompileException (0x80004005): f:\Orchard\www.showdigs.co.uk\src\Orchard.Web\Modules\ivNet.Listing\Controllers\SiteController.cs(74): error CS1002: ; expected
   at System.Web.Compilation.BuildManager.PostProcessFoundBuildResult(BuildResult result, Boolean keyFromVPP, VirtualPath virtualPath)
   at System.Web.Compilation.BuildManager.GetBuildResultFromCacheInternal(String cacheKey, Boolean keyFromVPP, VirtualPath virtualPath, Int64 hashCode, Boolean ensureIsUpToDate)
   at System.Web.Compilation.BuildManager.GetVPathBuildResultFromCacheInternal(VirtualPath virtualPath, Boolean ensureIsUpToDate)
   at System.Web.Compilation.BuildManager.GetVPathBuildResultInternal(VirtualPath virtualPath, Boolean noBuild, Boolean allowCrossApp, Boolean allowBuildInPrecompile, Boolean throwIfNotFound, Boolean ensureIsUpToDate)
   at System.Web.Compilation.BuildManager.GetVPathBuildResultWithNoAssert(HttpContext context, VirtualPath virtualPath, Boolean noBuild, Boolean allowCrossApp, Boolean allowBuildInPrecompile, Boolean throwIfNotFound, Boolean ensureIsUpToDate)
   at System.Web.Compilation.BuildManager.GetVPathBuildResult(HttpContext context, VirtualPath virtualPath, Boolean noBuild, Boolean allowCrossApp, Boolean allowBuildInPrecompile, Boolean ensureIsUpToDate)
   at System.Web.Compilation.BuildManager.GetCompiledAssembly(String virtualPath)
   at Orchard.Environment.DefaultBuildManager.GetCompiledAssembly(String virtualPath) in f:\Orchard\www.showdigs.co.uk\src\Orchard\Environment\IBuildManager.cs:line 53
2015-04-01 15:34:03,978 [7] Orchard.Environment.DefaultBuildManager - (null) - Error when compiling assembly under ~/Modules/ivNet.Listing/ivNet.Listing.csproj.
System.Web.HttpCompileException (0x80004005): f:\Orchard\www.showdigs.co.uk\src\Orchard.Web\Modules\ivNet.Listing\Controllers\SiteController.cs(74): error CS1002: ; expected
   at System.Web.Compilation.BuildManager.PostProcessFoundBuildResult(BuildResult result, Boolean keyFromVPP, VirtualPath virtualPath)
   at System.Web.Compilation.BuildManager.GetBuildResultFromCacheInternal(String cacheKey, Boolean keyFromVPP, VirtualPath virtualPath, Int64 hashCode, Boolean ensureIsUpToDate)
   at System.Web.Compilation.BuildManager.GetVPathBuildResultFromCacheInternal(VirtualPath virtualPath, Boolean ensureIsUpToDate)
   at System.Web.Compilation.BuildManager.GetVPathBuildResultInternal(VirtualPath virtualPath, Boolean noBuild, Boolean allowCrossApp, Boolean allowBuildInPrecompile, Boolean throwIfNotFound, Boolean ensureIsUpToDate)
   at System.Web.Compilation.BuildManager.GetVPathBuildResultWithNoAssert(HttpContext context, VirtualPath virtualPath, Boolean noBuild, Boolean allowCrossApp, Boolean allowBuildInPrecompile, Boolean throwIfNotFound, Boolean ensureIsUpToDate)
   at System.Web.Compilation.BuildManager.GetVPathBuildResult(HttpContext context, VirtualPath virtualPath, Boolean noBuild, Boolean allowCrossApp, Boolean allowBuildInPrecompile, Boolean ensureIsUpToDate)
   at System.Web.Compilation.BuildManager.GetCompiledAssembly(String virtualPath)
   at Orchard.Environment.DefaultBuildManager.GetCompiledAssembly(String virtualPath) in f:\Orchard\www.showdigs.co.uk\src\Orchard\Environment\IBuildManager.cs:line 53
2015-04-01 15:34:55,176 [6] Orchard.Environment.Extensions.ExtensionManager - (null) - No suitable loader found for extension "ivNet.ShowDigs"
2015-04-01 15:38:47,469 [6] Orchard.Environment.Extensions.ExtensionManager - (null) - No suitable loader found for extension "ivNet.ShowDigs"
2015-04-01 15:43:49,568 [6] Orchard.Environment.Extensions.ExtensionManager - (null) - No suitable loader found for extension "ivNet.ShowDigs"
2015-04-01 15:48:37,784 [6] Orchard.Environment.Extensions.ExtensionManager - (null) - No suitable loader found for extension "ivNet.ShowDigs"
2015-04-01 15:53:21,158 [8] Orchard.Environment.DefaultBuildManager - (null) - Error when compiling assembly under ~/Modules/ivNet.Listing/ivNet.Listing.csproj.
System.Web.HttpCompileException (0x80004005): f:\Orchard\www.showdigs.co.uk\src\Orchard.Web\Modules\ivNet.Listing\Controllers\SiteController.cs(81): error CS0161: 'ivNet.Listing.Controllers.SiteController.Registration(ivNet.Listing.Models.ActivationViewModel)': not all code paths return a value
   at System.Web.Compilation.AssemblyBuilder.Compile()
   at System.Web.Compilation.BuildProvidersCompiler.PerformBuild()
   at System.Web.Compilation.BuildManager.CompileWebFile(VirtualPath virtualPath)
   at System.Web.Compilation.BuildManager.GetVPathBuildResultInternal(VirtualPath virtualPath, Boolean noBuild, Boolean allowCrossApp, Boolean allowBuildInPrecompile, Boolean throwIfNotFound, Boolean ensureIsUpToDate)
   at System.Web.Compilation.BuildManager.GetVPathBuildResultWithNoAssert(HttpContext context, VirtualPath virtualPath, Boolean noBuild, Boolean allowCrossApp, Boolean allowBuildInPrecompile, Boolean throwIfNotFound, Boolean ensureIsUpToDate)
   at System.Web.Compilation.BuildManager.GetVPathBuildResult(HttpContext context, VirtualPath virtualPath, Boolean noBuild, Boolean allowCrossApp, Boolean allowBuildInPrecompile, Boolean ensureIsUpToDate)
   at System.Web.Compilation.BuildManager.GetCompiledAssembly(String virtualPath)
   at Orchard.Environment.DefaultBuildManager.GetCompiledAssembly(String virtualPath) in f:\Orchard\www.showdigs.co.uk\src\Orchard\Environment\IBuildManager.cs:line 53
2015-04-01 15:53:21,194 [6] Orchard.Environment.Extensions.ExtensionManager - (null) - No suitable loader found for extension "ivNet.ShowDigs"
2015-04-01 15:53:21,216 [8] Orchard.Environment.Extensions.ExtensionManager - (null) - No suitable loader found for extension "ivNet.Listing"
2015-04-01 15:53:32,354 [7] Orchard.Environment.DefaultBuildManager - (null) - Error when compiling assembly under ~/Modules/ivNet.Listing/ivNet.Listing.csproj.
System.Web.HttpCompileException (0x80004005): f:\Orchard\www.showdigs.co.uk\src\Orchard.Web\Modules\ivNet.Listing\Controllers\SiteController.cs(81): error CS0161: 'ivNet.Listing.Controllers.SiteController.Registration(ivNet.Listing.Models.ActivationViewModel)': not all code paths return a value
   at System.Web.Compilation.AssemblyBuilder.Compile()
   at System.Web.Compilation.BuildProvidersCompiler.PerformBuild()
   at System.Web.Compilation.BuildManager.CompileWebFile(VirtualPath virtualPath)
   at System.Web.Compilation.BuildManager.GetVPathBuildResultInternal(VirtualPath virtualPath, Boolean noBuild, Boolean allowCrossApp, Boolean allowBuildInPrecompile, Boolean throwIfNotFound, Boolean ensureIsUpToDate)
   at System.Web.Compilation.BuildManager.GetVPathBuildResultWithNoAssert(HttpContext context, VirtualPath virtualPath, Boolean noBuild, Boolean allowCrossApp, Boolean allowBuildInPrecompile, Boolean throwIfNotFound, Boolean ensureIsUpToDate)
   at System.Web.Compilation.BuildManager.GetVPathBuildResult(HttpContext context, VirtualPath virtualPath, Boolean noBuild, Boolean allowCrossApp, Boolean allowBuildInPrecompile, Boolean ensureIsUpToDate)
   at System.Web.Compilation.BuildManager.GetCompiledAssembly(String virtualPath)
   at Orchard.Environment.DefaultBuildManager.GetCompiledAssembly(String virtualPath) in f:\Orchard\www.showdigs.co.uk\src\Orchard\Environment\IBuildManager.cs:line 53
2015-04-01 15:53:32,576 [7] Orchard.Environment.DefaultBuildManager - (null) - Error when compiling assembly under ~/Modules/ivNet.Listing/ivNet.Listing.csproj.
System.Web.HttpCompileException (0x80004005): f:\Orchard\www.showdigs.co.uk\src\Orchard.Web\Modules\ivNet.Listing\Controllers\SiteController.cs(81): error CS0161: 'ivNet.Listing.Controllers.SiteController.Registration(ivNet.Listing.Models.ActivationViewModel)': not all code paths return a value
   at System.Web.Compilation.BuildManager.PostProcessFoundBuildResult(BuildResult result, Boolean keyFromVPP, VirtualPath virtualPath)
   at System.Web.Compilation.BuildManager.GetBuildResultFromCacheInternal(String cacheKey, Boolean keyFromVPP, VirtualPath virtualPath, Int64 hashCode, Boolean ensureIsUpToDate)
   at System.Web.Compilation.BuildManager.GetVPathBuildResultFromCacheInternal(VirtualPath virtualPath, Boolean ensureIsUpToDate)
   at System.Web.Compilation.BuildManager.GetVPathBuildResultInternal(VirtualPath virtualPath, Boolean noBuild, Boolean allowCrossApp, Boolean allowBuildInPrecompile, Boolean throwIfNotFound, Boolean ensureIsUpToDate)
   at System.Web.Compilation.BuildManager.GetVPathBuildResultWithNoAssert(HttpContext context, VirtualPath virtualPath, Boolean noBuild, Boolean allowCrossApp, Boolean allowBuildInPrecompile, Boolean throwIfNotFound, Boolean ensureIsUpToDate)
   at System.Web.Compilation.BuildManager.GetVPathBuildResult(HttpContext context, VirtualPath virtualPath, Boolean noBuild, Boolean allowCrossApp, Boolean allowBuildInPrecompile, Boolean ensureIsUpToDate)
   at System.Web.Compilation.BuildManager.GetCompiledAssembly(String virtualPath)
   at Orchard.Environment.DefaultBuildManager.GetCompiledAssembly(String virtualPath) in f:\Orchard\www.showdigs.co.uk\src\Orchard\Environment\IBuildManager.cs:line 53
2015-04-01 15:53:32,630 [7] Orchard.Environment.DefaultBuildManager - (null) - Error when compiling assembly under ~/Modules/ivNet.Listing/ivNet.Listing.csproj.
System.Web.HttpCompileException (0x80004005): f:\Orchard\www.showdigs.co.uk\src\Orchard.Web\Modules\ivNet.Listing\Controllers\SiteController.cs(81): error CS0161: 'ivNet.Listing.Controllers.SiteController.Registration(ivNet.Listing.Models.ActivationViewModel)': not all code paths return a value
   at System.Web.Compilation.BuildManager.PostProcessFoundBuildResult(BuildResult result, Boolean keyFromVPP, VirtualPath virtualPath)
   at System.Web.Compilation.BuildManager.GetBuildResultFromCacheInternal(String cacheKey, Boolean keyFromVPP, VirtualPath virtualPath, Int64 hashCode, Boolean ensureIsUpToDate)
   at System.Web.Compilation.BuildManager.GetVPathBuildResultFromCacheInternal(VirtualPath virtualPath, Boolean ensureIsUpToDate)
   at System.Web.Compilation.BuildManager.GetVPathBuildResultInternal(VirtualPath virtualPath, Boolean noBuild, Boolean allowCrossApp, Boolean allowBuildInPrecompile, Boolean throwIfNotFound, Boolean ensureIsUpToDate)
   at System.Web.Compilation.BuildManager.GetVPathBuildResultWithNoAssert(HttpContext context, VirtualPath virtualPath, Boolean noBuild, Boolean allowCrossApp, Boolean allowBuildInPrecompile, Boolean throwIfNotFound, Boolean ensureIsUpToDate)
   at System.Web.Compilation.BuildManager.GetVPathBuildResult(HttpContext context, VirtualPath virtualPath, Boolean noBuild, Boolean allowCrossApp, Boolean allowBuildInPrecompile, Boolean ensureIsUpToDate)
   at System.Web.Compilation.BuildManager.GetCompiledAssembly(String virtualPath)
   at Orchard.Environment.DefaultBuildManager.GetCompiledAssembly(String virtualPath) in f:\Orchard\www.showdigs.co.uk\src\Orchard\Environment\IBuildManager.cs:line 53
2015-04-01 15:53:32,730 [7] Orchard.Environment.DefaultBuildManager - (null) - Error when compiling assembly under ~/Modules/ivNet.Listing/ivNet.Listing.csproj.
System.Web.HttpCompileException (0x80004005): f:\Orchard\www.showdigs.co.uk\src\Orchard.Web\Modules\ivNet.Listing\Controllers\SiteController.cs(81): error CS0161: 'ivNet.Listing.Controllers.SiteController.Registration(ivNet.Listing.Models.ActivationViewModel)': not all code paths return a value
   at System.Web.Compilation.BuildManager.PostProcessFoundBuildResult(BuildResult result, Boolean keyFromVPP, VirtualPath virtualPath)
   at System.Web.Compilation.BuildManager.GetBuildResultFromCacheInternal(String cacheKey, Boolean keyFromVPP, VirtualPath virtualPath, Int64 hashCode, Boolean ensureIsUpToDate)
   at System.Web.Compilation.BuildManager.GetVPathBuildResultFromCacheInternal(VirtualPath virtualPath, Boolean ensureIsUpToDate)
   at System.Web.Compilation.BuildManager.GetVPathBuildResultInternal(VirtualPath virtualPath, Boolean noBuild, Boolean allowCrossApp, Boolean allowBuildInPrecompile, Boolean throwIfNotFound, Boolean ensureIsUpToDate)
   at System.Web.Compilation.BuildManager.GetVPathBuildResultWithNoAssert(HttpContext context, VirtualPath virtualPath, Boolean noBuild, Boolean allowCrossApp, Boolean allowBuildInPrecompile, Boolean throwIfNotFound, Boolean ensureIsUpToDate)
   at System.Web.Compilation.BuildManager.GetVPathBuildResult(HttpContext context, VirtualPath virtualPath, Boolean noBuild, Boolean allowCrossApp, Boolean allowBuildInPrecompile, Boolean ensureIsUpToDate)
   at System.Web.Compilation.BuildManager.GetCompiledAssembly(String virtualPath)
   at Orchard.Environment.DefaultBuildManager.GetCompiledAssembly(String virtualPath) in f:\Orchard\www.showdigs.co.uk\src\Orchard\Environment\IBuildManager.cs:line 53
2015-04-01 15:53:32,792 [7] Orchard.Environment.DefaultBuildManager - (null) - Error when compiling assembly under ~/Modules/ivNet.Listing/ivNet.Listing.csproj.
System.Web.HttpCompileException (0x80004005): f:\Orchard\www.showdigs.co.uk\src\Orchard.Web\Modules\ivNet.Listing\Controllers\SiteController.cs(81): error CS0161: 'ivNet.Listing.Controllers.SiteController.Registration(ivNet.Listing.Models.ActivationViewModel)': not all code paths return a value
   at System.Web.Compilation.BuildManager.PostProcessFoundBuildResult(BuildResult result, Boolean keyFromVPP, VirtualPath virtualPath)
   at System.Web.Compilation.BuildManager.GetBuildResultFromCacheInternal(String cacheKey, Boolean keyFromVPP, VirtualPath virtualPath, Int64 hashCode, Boolean ensureIsUpToDate)
   at System.Web.Compilation.BuildManager.GetVPathBuildResultFromCacheInternal(VirtualPath virtualPath, Boolean ensureIsUpToDate)
   at System.Web.Compilation.BuildManager.GetVPathBuildResultInternal(VirtualPath virtualPath, Boolean noBuild, Boolean allowCrossApp, Boolean allowBuildInPrecompile, Boolean throwIfNotFound, Boolean ensureIsUpToDate)
   at System.Web.Compilation.BuildManager.GetVPathBuildResultWithNoAssert(HttpContext context, VirtualPath virtualPath, Boolean noBuild, Boolean allowCrossApp, Boolean allowBuildInPrecompile, Boolean throwIfNotFound, Boolean ensureIsUpToDate)
   at System.Web.Compilation.BuildManager.GetVPathBuildResult(HttpContext context, VirtualPath virtualPath, Boolean noBuild, Boolean allowCrossApp, Boolean allowBuildInPrecompile, Boolean ensureIsUpToDate)
   at System.Web.Compilation.BuildManager.GetCompiledAssembly(String virtualPath)
   at Orchard.Environment.DefaultBuildManager.GetCompiledAssembly(String virtualPath) in f:\Orchard\www.showdigs.co.uk\src\Orchard\Environment\IBuildManager.cs:line 53
2015-04-01 15:53:32,849 [7] Orchard.Environment.DefaultBuildManager - (null) - Error when compiling assembly under ~/Modules/ivNet.Listing/ivNet.Listing.csproj.
System.Web.HttpCompileException (0x80004005): f:\Orchard\www.showdigs.co.uk\src\Orchard.Web\Modules\ivNet.Listing\Controllers\SiteController.cs(81): error CS0161: 'ivNet.Listing.Controllers.SiteController.Registration(ivNet.Listing.Models.ActivationViewModel)': not all code paths return a value
   at System.Web.Compilation.BuildManager.PostProcessFoundBuildResult(BuildResult result, Boolean keyFromVPP, VirtualPath virtualPath)
   at System.Web.Compilation.BuildManager.GetBuildResultFromCacheInternal(String cacheKey, Boolean keyFromVPP, VirtualPath virtualPath, Int64 hashCode, Boolean ensureIsUpToDate)
   at System.Web.Compilation.BuildManager.GetVPathBuildResultFromCacheInternal(VirtualPath virtualPath, Boolean ensureIsUpToDate)
   at System.Web.Compilation.BuildManager.GetVPathBuildResultInternal(VirtualPath virtualPath, Boolean noBuild, Boolean allowCrossApp, Boolean allowBuildInPrecompile, Boolean throwIfNotFound, Boolean ensureIsUpToDate)
   at System.Web.Compilation.BuildManager.GetVPathBuildResultWithNoAssert(HttpContext context, VirtualPath virtualPath, Boolean noBuild, Boolean allowCrossApp, Boolean allowBuildInPrecompile, Boolean throwIfNotFound, Boolean ensureIsUpToDate)
   at System.Web.Compilation.BuildManager.GetVPathBuildResult(HttpContext context, VirtualPath virtualPath, Boolean noBuild, Boolean allowCrossApp, Boolean allowBuildInPrecompile, Boolean ensureIsUpToDate)
   at System.Web.Compilation.BuildManager.GetCompiledAssembly(String virtualPath)
   at Orchard.Environment.DefaultBuildManager.GetCompiledAssembly(String virtualPath) in f:\Orchard\www.showdigs.co.uk\src\Orchard\Environment\IBuildManager.cs:line 53
2015-04-01 15:53:32,895 [7] Orchard.Environment.DefaultBuildManager - (null) - Error when compiling assembly under ~/Modules/ivNet.Listing/ivNet.Listing.csproj.
System.Web.HttpCompileException (0x80004005): f:\Orchard\www.showdigs.co.uk\src\Orchard.Web\Modules\ivNet.Listing\Controllers\SiteController.cs(81): error CS0161: 'ivNet.Listing.Controllers.SiteController.Registration(ivNet.Listing.Models.ActivationViewModel)': not all code paths return a value
   at System.Web.Compilation.BuildManager.PostProcessFoundBuildResult(BuildResult result, Boolean keyFromVPP, VirtualPath virtualPath)
   at System.Web.Compilation.BuildManager.GetBuildResultFromCacheInternal(String cacheKey, Boolean keyFromVPP, VirtualPath virtualPath, Int64 hashCode, Boolean ensureIsUpToDate)
   at System.Web.Compilation.BuildManager.GetVPathBuildResultFromCacheInternal(VirtualPath virtualPath, Boolean ensureIsUpToDate)
   at System.Web.Compilation.BuildManager.GetVPathBuildResultInternal(VirtualPath virtualPath, Boolean noBuild, Boolean allowCrossApp, Boolean allowBuildInPrecompile, Boolean throwIfNotFound, Boolean ensureIsUpToDate)
   at System.Web.Compilation.BuildManager.GetVPathBuildResultWithNoAssert(HttpContext context, VirtualPath virtualPath, Boolean noBuild, Boolean allowCrossApp, Boolean allowBuildInPrecompile, Boolean throwIfNotFound, Boolean ensureIsUpToDate)
   at System.Web.Compilation.BuildManager.GetVPathBuildResult(HttpContext context, VirtualPath virtualPath, Boolean noBuild, Boolean allowCrossApp, Boolean allowBuildInPrecompile, Boolean ensureIsUpToDate)
   at System.Web.Compilation.BuildManager.GetCompiledAssembly(String virtualPath)
   at Orchard.Environment.DefaultBuildManager.GetCompiledAssembly(String virtualPath) in f:\Orchard\www.showdigs.co.uk\src\Orchard\Environment\IBuildManager.cs:line 53
2015-04-01 15:53:32,944 [7] Orchard.Environment.DefaultBuildManager - (null) - Error when compiling assembly under ~/Modules/ivNet.Listing/ivNet.Listing.csproj.
System.Web.HttpCompileException (0x80004005): f:\Orchard\www.showdigs.co.uk\src\Orchard.Web\Modules\ivNet.Listing\Controllers\SiteController.cs(81): error CS0161: 'ivNet.Listing.Controllers.SiteController.Registration(ivNet.Listing.Models.ActivationViewModel)': not all code paths return a value
   at System.Web.Compilation.BuildManager.PostProcessFoundBuildResult(BuildResult result, Boolean keyFromVPP, VirtualPath virtualPath)
   at System.Web.Compilation.BuildManager.GetBuildResultFromCacheInternal(String cacheKey, Boolean keyFromVPP, VirtualPath virtualPath, Int64 hashCode, Boolean ensureIsUpToDate)
   at System.Web.Compilation.BuildManager.GetVPathBuildResultFromCacheInternal(VirtualPath virtualPath, Boolean ensureIsUpToDate)
   at System.Web.Compilation.BuildManager.GetVPathBuildResultInternal(VirtualPath virtualPath, Boolean noBuild, Boolean allowCrossApp, Boolean allowBuildInPrecompile, Boolean throwIfNotFound, Boolean ensureIsUpToDate)
   at System.Web.Compilation.BuildManager.GetVPathBuildResultWithNoAssert(HttpContext context, VirtualPath virtualPath, Boolean noBuild, Boolean allowCrossApp, Boolean allowBuildInPrecompile, Boolean throwIfNotFound, Boolean ensureIsUpToDate)
   at System.Web.Compilation.BuildManager.GetVPathBuildResult(HttpContext context, VirtualPath virtualPath, Boolean noBuild, Boolean allowCrossApp, Boolean allowBuildInPrecompile, Boolean ensureIsUpToDate)
   at System.Web.Compilation.BuildManager.GetCompiledAssembly(String virtualPath)
   at Orchard.Environment.DefaultBuildManager.GetCompiledAssembly(String virtualPath) in f:\Orchard\www.showdigs.co.uk\src\Orchard\Environment\IBuildManager.cs:line 53
2015-04-01 15:53:32,993 [7] Orchard.Environment.DefaultBuildManager - (null) - Error when compiling assembly under ~/Modules/ivNet.Listing/ivNet.Listing.csproj.
System.Web.HttpCompileException (0x80004005): f:\Orchard\www.showdigs.co.uk\src\Orchard.Web\Modules\ivNet.Listing\Controllers\SiteController.cs(81): error CS0161: 'ivNet.Listing.Controllers.SiteController.Registration(ivNet.Listing.Models.ActivationViewModel)': not all code paths return a value
   at System.Web.Compilation.BuildManager.PostProcessFoundBuildResult(BuildResult result, Boolean keyFromVPP, VirtualPath virtualPath)
   at System.Web.Compilation.BuildManager.GetBuildResultFromCacheInternal(String cacheKey, Boolean keyFromVPP, VirtualPath virtualPath, Int64 hashCode, Boolean ensureIsUpToDate)
   at System.Web.Compilation.BuildManager.GetVPathBuildResultFromCacheInternal(VirtualPath virtualPath, Boolean ensureIsUpToDate)
   at System.Web.Compilation.BuildManager.GetVPathBuildResultInternal(VirtualPath virtualPath, Boolean noBuild, Boolean allowCrossApp, Boolean allowBuildInPrecompile, Boolean throwIfNotFound, Boolean ensureIsUpToDate)
   at System.Web.Compilation.BuildManager.GetVPathBuildResultWithNoAssert(HttpContext context, VirtualPath virtualPath, Boolean noBuild, Boolean allowCrossApp, Boolean allowBuildInPrecompile, Boolean throwIfNotFound, Boolean ensureIsUpToDate)
   at System.Web.Compilation.BuildManager.GetVPathBuildResult(HttpContext context, VirtualPath virtualPath, Boolean noBuild, Boolean allowCrossApp, Boolean allowBuildInPrecompile, Boolean ensureIsUpToDate)
   at System.Web.Compilation.BuildManager.GetCompiledAssembly(String virtualPath)
   at Orchard.Environment.DefaultBuildManager.GetCompiledAssembly(String virtualPath) in f:\Orchard\www.showdigs.co.uk\src\Orchard\Environment\IBuildManager.cs:line 53
2015-04-01 15:53:33,037 [7] Orchard.Environment.DefaultBuildManager - (null) - Error when compiling assembly under ~/Modules/ivNet.Listing/ivNet.Listing.csproj.
System.Web.HttpCompileException (0x80004005): f:\Orchard\www.showdigs.co.uk\src\Orchard.Web\Modules\ivNet.Listing\Controllers\SiteController.cs(81): error CS0161: 'ivNet.Listing.Controllers.SiteController.Registration(ivNet.Listing.Models.ActivationViewModel)': not all code paths return a value
   at System.Web.Compilation.BuildManager.PostProcessFoundBuildResult(BuildResult result, Boolean keyFromVPP, VirtualPath virtualPath)
   at System.Web.Compilation.BuildManager.GetBuildResultFromCacheInternal(String cacheKey, Boolean keyFromVPP, VirtualPath virtualPath, Int64 hashCode, Boolean ensureIsUpToDate)
   at System.Web.Compilation.BuildManager.GetVPathBuildResultFromCacheInternal(VirtualPath virtualPath, Boolean ensureIsUpToDate)
   at System.Web.Compilation.BuildManager.GetVPathBuildResultInternal(VirtualPath virtualPath, Boolean noBuild, Boolean allowCrossApp, Boolean allowBuildInPrecompile, Boolean throwIfNotFound, Boolean ensureIsUpToDate)
   at System.Web.Compilation.BuildManager.GetVPathBuildResultWithNoAssert(HttpContext context, VirtualPath virtualPath, Boolean noBuild, Boolean allowCrossApp, Boolean allowBuildInPrecompile, Boolean throwIfNotFound, Boolean ensureIsUpToDate)
   at System.Web.Compilation.BuildManager.GetVPathBuildResult(HttpContext context, VirtualPath virtualPath, Boolean noBuild, Boolean allowCrossApp, Boolean allowBuildInPrecompile, Boolean ensureIsUpToDate)
   at System.Web.Compilation.BuildManager.GetCompiledAssembly(String virtualPath)
   at Orchard.Environment.DefaultBuildManager.GetCompiledAssembly(String virtualPath) in f:\Orchard\www.showdigs.co.uk\src\Orchard\Environment\IBuildManager.cs:line 53
2015-04-01 15:53:33,083 [7] Orchard.Environment.DefaultBuildManager - (null) - Error when compiling assembly under ~/Modules/ivNet.Listing/ivNet.Listing.csproj.
System.Web.HttpCompileException (0x80004005): f:\Orchard\www.showdigs.co.uk\src\Orchard.Web\Modules\ivNet.Listing\Controllers\SiteController.cs(81): error CS0161: 'ivNet.Listing.Controllers.SiteController.Registration(ivNet.Listing.Models.ActivationViewModel)': not all code paths return a value
   at System.Web.Compilation.BuildManager.PostProcessFoundBuildResult(BuildResult result, Boolean keyFromVPP, VirtualPath virtualPath)
   at System.Web.Compilation.BuildManager.GetBuildResultFromCacheInternal(String cacheKey, Boolean keyFromVPP, VirtualPath virtualPath, Int64 hashCode, Boolean ensureIsUpToDate)
   at System.Web.Compilation.BuildManager.GetVPathBuildResultFromCacheInternal(VirtualPath virtualPath, Boolean ensureIsUpToDate)
   at System.Web.Compilation.BuildManager.GetVPathBuildResultInternal(VirtualPath virtualPath, Boolean noBuild, Boolean allowCrossApp, Boolean allowBuildInPrecompile, Boolean throwIfNotFound, Boolean ensureIsUpToDate)
   at System.Web.Compilation.BuildManager.GetVPathBuildResultWithNoAssert(HttpContext context, VirtualPath virtualPath, Boolean noBuild, Boolean allowCrossApp, Boolean allowBuildInPrecompile, Boolean throwIfNotFound, Boolean ensureIsUpToDate)
   at System.Web.Compilation.BuildManager.GetVPathBuildResult(HttpContext context, VirtualPath virtualPath, Boolean noBuild, Boolean allowCrossApp, Boolean allowBuildInPrecompile, Boolean ensureIsUpToDate)
   at System.Web.Compilation.BuildManager.GetCompiledAssembly(String virtualPath)
   at Orchard.Environment.DefaultBuildManager.GetCompiledAssembly(String virtualPath) in f:\Orchard\www.showdigs.co.uk\src\Orchard\Environment\IBuildManager.cs:line 53
2015-04-01 15:53:33,130 [7] Orchard.Environment.DefaultBuildManager - (null) - Error when compiling assembly under ~/Modules/ivNet.Listing/ivNet.Listing.csproj.
System.Web.HttpCompileException (0x80004005): f:\Orchard\www.showdigs.co.uk\src\Orchard.Web\Modules\ivNet.Listing\Controllers\SiteController.cs(81): error CS0161: 'ivNet.Listing.Controllers.SiteController.Registration(ivNet.Listing.Models.ActivationViewModel)': not all code paths return a value
   at System.Web.Compilation.BuildManager.PostProcessFoundBuildResult(BuildResult result, Boolean keyFromVPP, VirtualPath virtualPath)
   at System.Web.Compilation.BuildManager.GetBuildResultFromCacheInternal(String cacheKey, Boolean keyFromVPP, VirtualPath virtualPath, Int64 hashCode, Boolean ensureIsUpToDate)
   at System.Web.Compilation.BuildManager.GetVPathBuildResultFromCacheInternal(VirtualPath virtualPath, Boolean ensureIsUpToDate)
   at System.Web.Compilation.BuildManager.GetVPathBuildResultInternal(VirtualPath virtualPath, Boolean noBuild, Boolean allowCrossApp, Boolean allowBuildInPrecompile, Boolean throwIfNotFound, Boolean ensureIsUpToDate)
   at System.Web.Compilation.BuildManager.GetVPathBuildResultWithNoAssert(HttpContext context, VirtualPath virtualPath, Boolean noBuild, Boolean allowCrossApp, Boolean allowBuildInPrecompile, Boolean throwIfNotFound, Boolean ensureIsUpToDate)
   at System.Web.Compilation.BuildManager.GetVPathBuildResult(HttpContext context, VirtualPath virtualPath, Boolean noBuild, Boolean allowCrossApp, Boolean allowBuildInPrecompile, Boolean ensureIsUpToDate)
   at System.Web.Compilation.BuildManager.GetCompiledAssembly(String virtualPath)
   at Orchard.Environment.DefaultBuildManager.GetCompiledAssembly(String virtualPath) in f:\Orchard\www.showdigs.co.uk\src\Orchard\Environment\IBuildManager.cs:line 53
2015-04-01 15:53:33,182 [7] Orchard.Environment.DefaultBuildManager - (null) - Error when compiling assembly under ~/Modules/ivNet.Listing/ivNet.Listing.csproj.
System.Web.HttpCompileException (0x80004005): f:\Orchard\www.showdigs.co.uk\src\Orchard.Web\Modules\ivNet.Listing\Controllers\SiteController.cs(81): error CS0161: 'ivNet.Listing.Controllers.SiteController.Registration(ivNet.Listing.Models.ActivationViewModel)': not all code paths return a value
   at System.Web.Compilation.BuildManager.PostProcessFoundBuildResult(BuildResult result, Boolean keyFromVPP, VirtualPath virtualPath)
   at System.Web.Compilation.BuildManager.GetBuildResultFromCacheInternal(String cacheKey, Boolean keyFromVPP, VirtualPath virtualPath, Int64 hashCode, Boolean ensureIsUpToDate)
   at System.Web.Compilation.BuildManager.GetVPathBuildResultFromCacheInternal(VirtualPath virtualPath, Boolean ensureIsUpToDate)
   at System.Web.Compilation.BuildManager.GetVPathBuildResultInternal(VirtualPath virtualPath, Boolean noBuild, Boolean allowCrossApp, Boolean allowBuildInPrecompile, Boolean throwIfNotFound, Boolean ensureIsUpToDate)
   at System.Web.Compilation.BuildManager.GetVPathBuildResultWithNoAssert(HttpContext context, VirtualPath virtualPath, Boolean noBuild, Boolean allowCrossApp, Boolean allowBuildInPrecompile, Boolean throwIfNotFound, Boolean ensureIsUpToDate)
   at System.Web.Compilation.BuildManager.GetVPathBuildResult(HttpContext context, VirtualPath virtualPath, Boolean noBuild, Boolean allowCrossApp, Boolean allowBuildInPrecompile, Boolean ensureIsUpToDate)
   at System.Web.Compilation.BuildManager.GetCompiledAssembly(String virtualPath)
   at Orchard.Environment.DefaultBuildManager.GetCompiledAssembly(String virtualPath) in f:\Orchard\www.showdigs.co.uk\src\Orchard\Environment\IBuildManager.cs:line 53
2015-04-01 15:53:33,229 [7] Orchard.Environment.DefaultBuildManager - (null) - Error when compiling assembly under ~/Modules/ivNet.Listing/ivNet.Listing.csproj.
System.Web.HttpCompileException (0x80004005): f:\Orchard\www.showdigs.co.uk\src\Orchard.Web\Modules\ivNet.Listing\Controllers\SiteController.cs(81): error CS0161: 'ivNet.Listing.Controllers.SiteController.Registration(ivNet.Listing.Models.ActivationViewModel)': not all code paths return a value
   at System.Web.Compilation.BuildManager.PostProcessFoundBuildResult(BuildResult result, Boolean keyFromVPP, VirtualPath virtualPath)
   at System.Web.Compilation.BuildManager.GetBuildResultFromCacheInternal(String cacheKey, Boolean keyFromVPP, VirtualPath virtualPath, Int64 hashCode, Boolean ensureIsUpToDate)
   at System.Web.Compilation.BuildManager.GetVPathBuildResultFromCacheInternal(VirtualPath virtualPath, Boolean ensureIsUpToDate)
   at System.Web.Compilation.BuildManager.GetVPathBuildResultInternal(VirtualPath virtualPath, Boolean noBuild, Boolean allowCrossApp, Boolean allowBuildInPrecompile, Boolean throwIfNotFound, Boolean ensureIsUpToDate)
   at System.Web.Compilation.BuildManager.GetVPathBuildResultWithNoAssert(HttpContext context, VirtualPath virtualPath, Boolean noBuild, Boolean allowCrossApp, Boolean allowBuildInPrecompile, Boolean throwIfNotFound, Boolean ensureIsUpToDate)
   at System.Web.Compilation.BuildManager.GetVPathBuildResult(HttpContext context, VirtualPath virtualPath, Boolean noBuild, Boolean allowCrossApp, Boolean allowBuildInPrecompile, Boolean ensureIsUpToDate)
   at System.Web.Compilation.BuildManager.GetCompiledAssembly(String virtualPath)
   at Orchard.Environment.DefaultBuildManager.GetCompiledAssembly(String virtualPath) in f:\Orchard\www.showdigs.co.uk\src\Orchard\Environment\IBuildManager.cs:line 53
2015-04-01 15:53:33,278 [7] Orchard.Environment.DefaultBuildManager - (null) - Error when compiling assembly under ~/Modules/ivNet.Listing/ivNet.Listing.csproj.
System.Web.HttpCompileException (0x80004005): f:\Orchard\www.showdigs.co.uk\src\Orchard.Web\Modules\ivNet.Listing\Controllers\SiteController.cs(81): error CS0161: 'ivNet.Listing.Controllers.SiteController.Registration(ivNet.Listing.Models.ActivationViewModel)': not all code paths return a value
   at System.Web.Compilation.BuildManager.PostProcessFoundBuildResult(BuildResult result, Boolean keyFromVPP, VirtualPath virtualPath)
   at System.Web.Compilation.BuildManager.GetBuildResultFromCacheInternal(String cacheKey, Boolean keyFromVPP, VirtualPath virtualPath, Int64 hashCode, Boolean ensureIsUpToDate)
   at System.Web.Compilation.BuildManager.GetVPathBuildResultFromCacheInternal(VirtualPath virtualPath, Boolean ensureIsUpToDate)
   at System.Web.Compilation.BuildManager.GetVPathBuildResultInternal(VirtualPath virtualPath, Boolean noBuild, Boolean allowCrossApp, Boolean allowBuildInPrecompile, Boolean throwIfNotFound, Boolean ensureIsUpToDate)
   at System.Web.Compilation.BuildManager.GetVPathBuildResultWithNoAssert(HttpContext context, VirtualPath virtualPath, Boolean noBuild, Boolean allowCrossApp, Boolean allowBuildInPrecompile, Boolean throwIfNotFound, Boolean ensureIsUpToDate)
   at System.Web.Compilation.BuildManager.GetVPathBuildResult(HttpContext context, VirtualPath virtualPath, Boolean noBuild, Boolean allowCrossApp, Boolean allowBuildInPrecompile, Boolean ensureIsUpToDate)
   at System.Web.Compilation.BuildManager.GetCompiledAssembly(String virtualPath)
   at Orchard.Environment.DefaultBuildManager.GetCompiledAssembly(String virtualPath) in f:\Orchard\www.showdigs.co.uk\src\Orchard\Environment\IBuildManager.cs:line 53
2015-04-01 15:53:33,334 [7] Orchard.Environment.DefaultBuildManager - (null) - Error when compiling assembly under ~/Modules/ivNet.Listing/ivNet.Listing.csproj.
System.Web.HttpCompileException (0x80004005): f:\Orchard\www.showdigs.co.uk\src\Orchard.Web\Modules\ivNet.Listing\Controllers\SiteController.cs(81): error CS0161: 'ivNet.Listing.Controllers.SiteController.Registration(ivNet.Listing.Models.ActivationViewModel)': not all code paths return a value
   at System.Web.Compilation.BuildManager.PostProcessFoundBuildResult(BuildResult result, Boolean keyFromVPP, VirtualPath virtualPath)
   at System.Web.Compilation.BuildManager.GetBuildResultFromCacheInternal(String cacheKey, Boolean keyFromVPP, VirtualPath virtualPath, Int64 hashCode, Boolean ensureIsUpToDate)
   at System.Web.Compilation.BuildManager.GetVPathBuildResultFromCacheInternal(VirtualPath virtualPath, Boolean ensureIsUpToDate)
   at System.Web.Compilation.BuildManager.GetVPathBuildResultInternal(VirtualPath virtualPath, Boolean noBuild, Boolean allowCrossApp, Boolean allowBuildInPrecompile, Boolean throwIfNotFound, Boolean ensureIsUpToDate)
   at System.Web.Compilation.BuildManager.GetVPathBuildResultWithNoAssert(HttpContext context, VirtualPath virtualPath, Boolean noBuild, Boolean allowCrossApp, Boolean allowBuildInPrecompile, Boolean throwIfNotFound, Boolean ensureIsUpToDate)
   at System.Web.Compilation.BuildManager.GetVPathBuildResult(HttpContext context, VirtualPath virtualPath, Boolean noBuild, Boolean allowCrossApp, Boolean allowBuildInPrecompile, Boolean ensureIsUpToDate)
   at System.Web.Compilation.BuildManager.GetCompiledAssembly(String virtualPath)
   at Orchard.Environment.DefaultBuildManager.GetCompiledAssembly(String virtualPath) in f:\Orchard\www.showdigs.co.uk\src\Orchard\Environment\IBuildManager.cs:line 53
2015-04-01 15:53:33,387 [7] Orchard.Environment.DefaultBuildManager - (null) - Error when compiling assembly under ~/Modules/ivNet.Listing/ivNet.Listing.csproj.
System.Web.HttpCompileException (0x80004005): f:\Orchard\www.showdigs.co.uk\src\Orchard.Web\Modules\ivNet.Listing\Controllers\SiteController.cs(81): error CS0161: 'ivNet.Listing.Controllers.SiteController.Registration(ivNet.Listing.Models.ActivationViewModel)': not all code paths return a value
   at System.Web.Compilation.BuildManager.PostProcessFoundBuildResult(BuildResult result, Boolean keyFromVPP, VirtualPath virtualPath)
   at System.Web.Compilation.BuildManager.GetBuildResultFromCacheInternal(String cacheKey, Boolean keyFromVPP, VirtualPath virtualPath, Int64 hashCode, Boolean ensureIsUpToDate)
   at System.Web.Compilation.BuildManager.GetVPathBuildResultFromCacheInternal(VirtualPath virtualPath, Boolean ensureIsUpToDate)
   at System.Web.Compilation.BuildManager.GetVPathBuildResultInternal(VirtualPath virtualPath, Boolean noBuild, Boolean allowCrossApp, Boolean allowBuildInPrecompile, Boolean throwIfNotFound, Boolean ensureIsUpToDate)
   at System.Web.Compilation.BuildManager.GetVPathBuildResultWithNoAssert(HttpContext context, VirtualPath virtualPath, Boolean noBuild, Boolean allowCrossApp, Boolean allowBuildInPrecompile, Boolean throwIfNotFound, Boolean ensureIsUpToDate)
   at System.Web.Compilation.BuildManager.GetVPathBuildResult(HttpContext context, VirtualPath virtualPath, Boolean noBuild, Boolean allowCrossApp, Boolean allowBuildInPrecompile, Boolean ensureIsUpToDate)
   at System.Web.Compilation.BuildManager.GetCompiledAssembly(String virtualPath)
   at Orchard.Environment.DefaultBuildManager.GetCompiledAssembly(String virtualPath) in f:\Orchard\www.showdigs.co.uk\src\Orchard\Environment\IBuildManager.cs:line 53
2015-04-01 15:53:33,437 [7] Orchard.Environment.DefaultBuildManager - (null) - Error when compiling assembly under ~/Modules/ivNet.Listing/ivNet.Listing.csproj.
System.Web.HttpCompileException (0x80004005): f:\Orchard\www.showdigs.co.uk\src\Orchard.Web\Modules\ivNet.Listing\Controllers\SiteController.cs(81): error CS0161: 'ivNet.Listing.Controllers.SiteController.Registration(ivNet.Listing.Models.ActivationViewModel)': not all code paths return a value
   at System.Web.Compilation.BuildManager.PostProcessFoundBuildResult(BuildResult result, Boolean keyFromVPP, VirtualPath virtualPath)
   at System.Web.Compilation.BuildManager.GetBuildResultFromCacheInternal(String cacheKey, Boolean keyFromVPP, VirtualPath virtualPath, Int64 hashCode, Boolean ensureIsUpToDate)
   at System.Web.Compilation.BuildManager.GetVPathBuildResultFromCacheInternal(VirtualPath virtualPath, Boolean ensureIsUpToDate)
   at System.Web.Compilation.BuildManager.GetVPathBuildResultInternal(VirtualPath virtualPath, Boolean noBuild, Boolean allowCrossApp, Boolean allowBuildInPrecompile, Boolean throwIfNotFound, Boolean ensureIsUpToDate)
   at System.Web.Compilation.BuildManager.GetVPathBuildResultWithNoAssert(HttpContext context, VirtualPath virtualPath, Boolean noBuild, Boolean allowCrossApp, Boolean allowBuildInPrecompile, Boolean throwIfNotFound, Boolean ensureIsUpToDate)
   at System.Web.Compilation.BuildManager.GetVPathBuildResult(HttpContext context, VirtualPath virtualPath, Boolean noBuild, Boolean allowCrossApp, Boolean allowBuildInPrecompile, Boolean ensureIsUpToDate)
   at System.Web.Compilation.BuildManager.GetCompiledAssembly(String virtualPath)
   at Orchard.Environment.DefaultBuildManager.GetCompiledAssembly(String virtualPath) in f:\Orchard\www.showdigs.co.uk\src\Orchard\Environment\IBuildManager.cs:line 53
2015-04-01 15:53:33,498 [7] Orchard.Environment.DefaultBuildManager - (null) - Error when compiling assembly under ~/Modules/ivNet.Listing/ivNet.Listing.csproj.
System.Web.HttpCompileException (0x80004005): f:\Orchard\www.showdigs.co.uk\src\Orchard.Web\Modules\ivNet.Listing\Controllers\SiteController.cs(81): error CS0161: 'ivNet.Listing.Controllers.SiteController.Registration(ivNet.Listing.Models.ActivationViewModel)': not all code paths return a value
   at System.Web.Compilation.BuildManager.PostProcessFoundBuildResult(BuildResult result, Boolean keyFromVPP, VirtualPath virtualPath)
   at System.Web.Compilation.BuildManager.GetBuildResultFromCacheInternal(String cacheKey, Boolean keyFromVPP, VirtualPath virtualPath, Int64 hashCode, Boolean ensureIsUpToDate)
   at System.Web.Compilation.BuildManager.GetVPathBuildResultFromCacheInternal(VirtualPath virtualPath, Boolean ensureIsUpToDate)
   at System.Web.Compilation.BuildManager.GetVPathBuildResultInternal(VirtualPath virtualPath, Boolean noBuild, Boolean allowCrossApp, Boolean allowBuildInPrecompile, Boolean throwIfNotFound, Boolean ensureIsUpToDate)
   at System.Web.Compilation.BuildManager.GetVPathBuildResultWithNoAssert(HttpContext context, VirtualPath virtualPath, Boolean noBuild, Boolean allowCrossApp, Boolean allowBuildInPrecompile, Boolean throwIfNotFound, Boolean ensureIsUpToDate)
   at System.Web.Compilation.BuildManager.GetVPathBuildResult(HttpContext context, VirtualPath virtualPath, Boolean noBuild, Boolean allowCrossApp, Boolean allowBuildInPrecompile, Boolean ensureIsUpToDate)
   at System.Web.Compilation.BuildManager.GetCompiledAssembly(String virtualPath)
   at Orchard.Environment.DefaultBuildManager.GetCompiledAssembly(String virtualPath) in f:\Orchard\www.showdigs.co.uk\src\Orchard\Environment\IBuildManager.cs:line 53
2015-04-01 15:53:33,542 [7] Orchard.Environment.DefaultBuildManager - (null) - Error when compiling assembly under ~/Modules/ivNet.Listing/ivNet.Listing.csproj.
System.Web.HttpCompileException (0x80004005): f:\Orchard\www.showdigs.co.uk\src\Orchard.Web\Modules\ivNet.Listing\Controllers\SiteController.cs(81): error CS0161: 'ivNet.Listing.Controllers.SiteController.Registration(ivNet.Listing.Models.ActivationViewModel)': not all code paths return a value
   at System.Web.Compilation.BuildManager.PostProcessFoundBuildResult(BuildResult result, Boolean keyFromVPP, VirtualPath virtualPath)
   at System.Web.Compilation.BuildManager.GetBuildResultFromCacheInternal(String cacheKey, Boolean keyFromVPP, VirtualPath virtualPath, Int64 hashCode, Boolean ensureIsUpToDate)
   at System.Web.Compilation.BuildManager.GetVPathBuildResultFromCacheInternal(VirtualPath virtualPath, Boolean ensureIsUpToDate)
   at System.Web.Compilation.BuildManager.GetVPathBuildResultInternal(VirtualPath virtualPath, Boolean noBuild, Boolean allowCrossApp, Boolean allowBuildInPrecompile, Boolean throwIfNotFound, Boolean ensureIsUpToDate)
   at System.Web.Compilation.BuildManager.GetVPathBuildResultWithNoAssert(HttpContext context, VirtualPath virtualPath, Boolean noBuild, Boolean allowCrossApp, Boolean allowBuildInPrecompile, Boolean throwIfNotFound, Boolean ensureIsUpToDate)
   at System.Web.Compilation.BuildManager.GetVPathBuildResult(HttpContext context, VirtualPath virtualPath, Boolean noBuild, Boolean allowCrossApp, Boolean allowBuildInPrecompile, Boolean ensureIsUpToDate)
   at System.Web.Compilation.BuildManager.GetCompiledAssembly(String virtualPath)
   at Orchard.Environment.DefaultBuildManager.GetCompiledAssembly(String virtualPath) in f:\Orchard\www.showdigs.co.uk\src\Orchard\Environment\IBuildManager.cs:line 53
2015-04-01 15:53:33,608 [7] Orchard.Environment.DefaultBuildManager - (null) - Error when compiling assembly under ~/Modules/ivNet.Listing/ivNet.Listing.csproj.
System.Web.HttpCompileException (0x80004005): f:\Orchard\www.showdigs.co.uk\src\Orchard.Web\Modules\ivNet.Listing\Controllers\SiteController.cs(81): error CS0161: 'ivNet.Listing.Controllers.SiteController.Registration(ivNet.Listing.Models.ActivationViewModel)': not all code paths return a value
   at System.Web.Compilation.BuildManager.PostProcessFoundBuildResult(BuildResult result, Boolean keyFromVPP, VirtualPath virtualPath)
   at System.Web.Compilation.BuildManager.GetBuildResultFromCacheInternal(String cacheKey, Boolean keyFromVPP, VirtualPath virtualPath, Int64 hashCode, Boolean ensureIsUpToDate)
   at System.Web.Compilation.BuildManager.GetVPathBuildResultFromCacheInternal(VirtualPath virtualPath, Boolean ensureIsUpToDate)
   at System.Web.Compilation.BuildManager.GetVPathBuildResultInternal(VirtualPath virtualPath, Boolean noBuild, Boolean allowCrossApp, Boolean allowBuildInPrecompile, Boolean throwIfNotFound, Boolean ensureIsUpToDate)
   at System.Web.Compilation.BuildManager.GetVPathBuildResultWithNoAssert(HttpContext context, VirtualPath virtualPath, Boolean noBuild, Boolean allowCrossApp, Boolean allowBuildInPrecompile, Boolean throwIfNotFound, Boolean ensureIsUpToDate)
   at System.Web.Compilation.BuildManager.GetVPathBuildResult(HttpContext context, VirtualPath virtualPath, Boolean noBuild, Boolean allowCrossApp, Boolean allowBuildInPrecompile, Boolean ensureIsUpToDate)
   at System.Web.Compilation.BuildManager.GetCompiledAssembly(String virtualPath)
   at Orchard.Environment.DefaultBuildManager.GetCompiledAssembly(String virtualPath) in f:\Orchard\www.showdigs.co.uk\src\Orchard\Environment\IBuildManager.cs:line 53
2015-04-01 15:53:33,652 [7] Orchard.Environment.DefaultBuildManager - (null) - Error when compiling assembly under ~/Modules/ivNet.Listing/ivNet.Listing.csproj.
System.Web.HttpCompileException (0x80004005): f:\Orchard\www.showdigs.co.uk\src\Orchard.Web\Modules\ivNet.Listing\Controllers\SiteController.cs(81): error CS0161: 'ivNet.Listing.Controllers.SiteController.Registration(ivNet.Listing.Models.ActivationViewModel)': not all code paths return a value
   at System.Web.Compilation.BuildManager.PostProcessFoundBuildResult(BuildResult result, Boolean keyFromVPP, VirtualPath virtualPath)
   at System.Web.Compilation.BuildManager.GetBuildResultFromCacheInternal(String cacheKey, Boolean keyFromVPP, VirtualPath virtualPath, Int64 hashCode, Boolean ensureIsUpToDate)
   at System.Web.Compilation.BuildManager.GetVPathBuildResultFromCacheInternal(VirtualPath virtualPath, Boolean ensureIsUpToDate)
   at System.Web.Compilation.BuildManager.GetVPathBuildResultInternal(VirtualPath virtualPath, Boolean noBuild, Boolean allowCrossApp, Boolean allowBuildInPrecompile, Boolean throwIfNotFound, Boolean ensureIsUpToDate)
   at System.Web.Compilation.BuildManager.GetVPathBuildResultWithNoAssert(HttpContext context, VirtualPath virtualPath, Boolean noBuild, Boolean allowCrossApp, Boolean allowBuildInPrecompile, Boolean throwIfNotFound, Boolean ensureIsUpToDate)
   at System.Web.Compilation.BuildManager.GetVPathBuildResult(HttpContext context, VirtualPath virtualPath, Boolean noBuild, Boolean allowCrossApp, Boolean allowBuildInPrecompile, Boolean ensureIsUpToDate)
   at System.Web.Compilation.BuildManager.GetCompiledAssembly(String virtualPath)
   at Orchard.Environment.DefaultBuildManager.GetCompiledAssembly(String virtualPath) in f:\Orchard\www.showdigs.co.uk\src\Orchard\Environment\IBuildManager.cs:line 53
2015-04-01 15:53:33,700 [7] Orchard.Environment.DefaultBuildManager - (null) - Error when compiling assembly under ~/Modules/ivNet.Listing/ivNet.Listing.csproj.
System.Web.HttpCompileException (0x80004005): f:\Orchard\www.showdigs.co.uk\src\Orchard.Web\Modules\ivNet.Listing\Controllers\SiteController.cs(81): error CS0161: 'ivNet.Listing.Controllers.SiteController.Registration(ivNet.Listing.Models.ActivationViewModel)': not all code paths return a value
   at System.Web.Compilation.BuildManager.PostProcessFoundBuildResult(BuildResult result, Boolean keyFromVPP, VirtualPath virtualPath)
   at System.Web.Compilation.BuildManager.GetBuildResultFromCacheInternal(String cacheKey, Boolean keyFromVPP, VirtualPath virtualPath, Int64 hashCode, Boolean ensureIsUpToDate)
   at System.Web.Compilation.BuildManager.GetVPathBuildResultFromCacheInternal(VirtualPath virtualPath, Boolean ensureIsUpToDate)
   at System.Web.Compilation.BuildManager.GetVPathBuildResultInternal(VirtualPath virtualPath, Boolean noBuild, Boolean allowCrossApp, Boolean allowBuildInPrecompile, Boolean throwIfNotFound, Boolean ensureIsUpToDate)
   at System.Web.Compilation.BuildManager.GetVPathBuildResultWithNoAssert(HttpContext context, VirtualPath virtualPath, Boolean noBuild, Boolean allowCrossApp, Boolean allowBuildInPrecompile, Boolean throwIfNotFound, Boolean ensureIsUpToDate)
   at System.Web.Compilation.BuildManager.GetVPathBuildResult(HttpContext context, VirtualPath virtualPath, Boolean noBuild, Boolean allowCrossApp, Boolean allowBuildInPrecompile, Boolean ensureIsUpToDate)
   at System.Web.Compilation.BuildManager.GetCompiledAssembly(String virtualPath)
   at Orchard.Environment.DefaultBuildManager.GetCompiledAssembly(String virtualPath) in f:\Orchard\www.showdigs.co.uk\src\Orchard\Environment\IBuildManager.cs:line 53
2015-04-01 15:53:33,752 [7] Orchard.Environment.DefaultBuildManager - (null) - Error when compiling assembly under ~/Modules/ivNet.Listing/ivNet.Listing.csproj.
System.Web.HttpCompileException (0x80004005): f:\Orchard\www.showdigs.co.uk\src\Orchard.Web\Modules\ivNet.Listing\Controllers\SiteController.cs(81): error CS0161: 'ivNet.Listing.Controllers.SiteController.Registration(ivNet.Listing.Models.ActivationViewModel)': not all code paths return a value
   at System.Web.Compilation.BuildManager.PostProcessFoundBuildResult(BuildResult result, Boolean keyFromVPP, VirtualPath virtualPath)
   at System.Web.Compilation.BuildManager.GetBuildResultFromCacheInternal(String cacheKey, Boolean keyFromVPP, VirtualPath virtualPath, Int64 hashCode, Boolean ensureIsUpToDate)
   at System.Web.Compilation.BuildManager.GetVPathBuildResultFromCacheInternal(VirtualPath virtualPath, Boolean ensureIsUpToDate)
   at System.Web.Compilation.BuildManager.GetVPathBuildResultInternal(VirtualPath virtualPath, Boolean noBuild, Boolean allowCrossApp, Boolean allowBuildInPrecompile, Boolean throwIfNotFound, Boolean ensureIsUpToDate)
   at System.Web.Compilation.BuildManager.GetVPathBuildResultWithNoAssert(HttpContext context, VirtualPath virtualPath, Boolean noBuild, Boolean allowCrossApp, Boolean allowBuildInPrecompile, Boolean throwIfNotFound, Boolean ensureIsUpToDate)
   at System.Web.Compilation.BuildManager.GetVPathBuildResult(HttpContext context, VirtualPath virtualPath, Boolean noBuild, Boolean allowCrossApp, Boolean allowBuildInPrecompile, Boolean ensureIsUpToDate)
   at System.Web.Compilation.BuildManager.GetCompiledAssembly(String virtualPath)
   at Orchard.Environment.DefaultBuildManager.GetCompiledAssembly(String virtualPath) in f:\Orchard\www.showdigs.co.uk\src\Orchard\Environment\IBuildManager.cs:line 53
2015-04-01 15:53:33,797 [7] Orchard.Environment.DefaultBuildManager - (null) - Error when compiling assembly under ~/Modules/ivNet.Listing/ivNet.Listing.csproj.
System.Web.HttpCompileException (0x80004005): f:\Orchard\www.showdigs.co.uk\src\Orchard.Web\Modules\ivNet.Listing\Controllers\SiteController.cs(81): error CS0161: 'ivNet.Listing.Controllers.SiteController.Registration(ivNet.Listing.Models.ActivationViewModel)': not all code paths return a value
   at System.Web.Compilation.BuildManager.PostProcessFoundBuildResult(BuildResult result, Boolean keyFromVPP, VirtualPath virtualPath)
   at System.Web.Compilation.BuildManager.GetBuildResultFromCacheInternal(String cacheKey, Boolean keyFromVPP, VirtualPath virtualPath, Int64 hashCode, Boolean ensureIsUpToDate)
   at System.Web.Compilation.BuildManager.GetVPathBuildResultFromCacheInternal(VirtualPath virtualPath, Boolean ensureIsUpToDate)
   at System.Web.Compilation.BuildManager.GetVPathBuildResultInternal(VirtualPath virtualPath, Boolean noBuild, Boolean allowCrossApp, Boolean allowBuildInPrecompile, Boolean throwIfNotFound, Boolean ensureIsUpToDate)
   at System.Web.Compilation.BuildManager.GetVPathBuildResultWithNoAssert(HttpContext context, VirtualPath virtualPath, Boolean noBuild, Boolean allowCrossApp, Boolean allowBuildInPrecompile, Boolean throwIfNotFound, Boolean ensureIsUpToDate)
   at System.Web.Compilation.BuildManager.GetVPathBuildResult(HttpContext context, VirtualPath virtualPath, Boolean noBuild, Boolean allowCrossApp, Boolean allowBuildInPrecompile, Boolean ensureIsUpToDate)
   at System.Web.Compilation.BuildManager.GetCompiledAssembly(String virtualPath)
   at Orchard.Environment.DefaultBuildManager.GetCompiledAssembly(String virtualPath) in f:\Orchard\www.showdigs.co.uk\src\Orchard\Environment\IBuildManager.cs:line 53
2015-04-01 15:53:33,840 [7] Orchard.Environment.DefaultBuildManager - (null) - Error when compiling assembly under ~/Modules/ivNet.Listing/ivNet.Listing.csproj.
System.Web.HttpCompileException (0x80004005): f:\Orchard\www.showdigs.co.uk\src\Orchard.Web\Modules\ivNet.Listing\Controllers\SiteController.cs(81): error CS0161: 'ivNet.Listing.Controllers.SiteController.Registration(ivNet.Listing.Models.ActivationViewModel)': not all code paths return a value
   at System.Web.Compilation.BuildManager.PostProcessFoundBuildResult(BuildResult result, Boolean keyFromVPP, VirtualPath virtualPath)
   at System.Web.Compilation.BuildManager.GetBuildResultFromCacheInternal(String cacheKey, Boolean keyFromVPP, VirtualPath virtualPath, Int64 hashCode, Boolean ensureIsUpToDate)
   at System.Web.Compilation.BuildManager.GetVPathBuildResultFromCacheInternal(VirtualPath virtualPath, Boolean ensureIsUpToDate)
   at System.Web.Compilation.BuildManager.GetVPathBuildResultInternal(VirtualPath virtualPath, Boolean noBuild, Boolean allowCrossApp, Boolean allowBuildInPrecompile, Boolean throwIfNotFound, Boolean ensureIsUpToDate)
   at System.Web.Compilation.BuildManager.GetVPathBuildResultWithNoAssert(HttpContext context, VirtualPath virtualPath, Boolean noBuild, Boolean allowCrossApp, Boolean allowBuildInPrecompile, Boolean throwIfNotFound, Boolean ensureIsUpToDate)
   at System.Web.Compilation.BuildManager.GetVPathBuildResult(HttpContext context, VirtualPath virtualPath, Boolean noBuild, Boolean allowCrossApp, Boolean allowBuildInPrecompile, Boolean ensureIsUpToDate)
   at System.Web.Compilation.BuildManager.GetCompiledAssembly(String virtualPath)
   at Orchard.Environment.DefaultBuildManager.GetCompiledAssembly(String virtualPath) in f:\Orchard\www.showdigs.co.uk\src\Orchard\Environment\IBuildManager.cs:line 53
2015-04-01 15:53:33,892 [7] Orchard.Environment.DefaultBuildManager - (null) - Error when compiling assembly under ~/Modules/ivNet.Listing/ivNet.Listing.csproj.
System.Web.HttpCompileException (0x80004005): f:\Orchard\www.showdigs.co.uk\src\Orchard.Web\Modules\ivNet.Listing\Controllers\SiteController.cs(81): error CS0161: 'ivNet.Listing.Controllers.SiteController.Registration(ivNet.Listing.Models.ActivationViewModel)': not all code paths return a value
   at System.Web.Compilation.BuildManager.PostProcessFoundBuildResult(BuildResult result, Boolean keyFromVPP, VirtualPath virtualPath)
   at System.Web.Compilation.BuildManager.GetBuildResultFromCacheInternal(String cacheKey, Boolean keyFromVPP, VirtualPath virtualPath, Int64 hashCode, Boolean ensureIsUpToDate)
   at System.Web.Compilation.BuildManager.GetVPathBuildResultFromCacheInternal(VirtualPath virtualPath, Boolean ensureIsUpToDate)
   at System.Web.Compilation.BuildManager.GetVPathBuildResultInternal(VirtualPath virtualPath, Boolean noBuild, Boolean allowCrossApp, Boolean allowBuildInPrecompile, Boolean throwIfNotFound, Boolean ensureIsUpToDate)
   at System.Web.Compilation.BuildManager.GetVPathBuildResultWithNoAssert(HttpContext context, VirtualPath virtualPath, Boolean noBuild, Boolean allowCrossApp, Boolean allowBuildInPrecompile, Boolean throwIfNotFound, Boolean ensureIsUpToDate)
   at System.Web.Compilation.BuildManager.GetVPathBuildResult(HttpContext context, VirtualPath virtualPath, Boolean noBuild, Boolean allowCrossApp, Boolean allowBuildInPrecompile, Boolean ensureIsUpToDate)
   at System.Web.Compilation.BuildManager.GetCompiledAssembly(String virtualPath)
   at Orchard.Environment.DefaultBuildManager.GetCompiledAssembly(String virtualPath) in f:\Orchard\www.showdigs.co.uk\src\Orchard\Environment\IBuildManager.cs:line 53
2015-04-01 15:53:33,946 [7] Orchard.Environment.DefaultBuildManager - (null) - Error when compiling assembly under ~/Modules/ivNet.Listing/ivNet.Listing.csproj.
System.Web.HttpCompileException (0x80004005): f:\Orchard\www.showdigs.co.uk\src\Orchard.Web\Modules\ivNet.Listing\Controllers\SiteController.cs(81): error CS0161: 'ivNet.Listing.Controllers.SiteController.Registration(ivNet.Listing.Models.ActivationViewModel)': not all code paths return a value
   at System.Web.Compilation.BuildManager.PostProcessFoundBuildResult(BuildResult result, Boolean keyFromVPP, VirtualPath virtualPath)
   at System.Web.Compilation.BuildManager.GetBuildResultFromCacheInternal(String cacheKey, Boolean keyFromVPP, VirtualPath virtualPath, Int64 hashCode, Boolean ensureIsUpToDate)
   at System.Web.Compilation.BuildManager.GetVPathBuildResultFromCacheInternal(VirtualPath virtualPath, Boolean ensureIsUpToDate)
   at System.Web.Compilation.BuildManager.GetVPathBuildResultInternal(VirtualPath virtualPath, Boolean noBuild, Boolean allowCrossApp, Boolean allowBuildInPrecompile, Boolean throwIfNotFound, Boolean ensureIsUpToDate)
   at System.Web.Compilation.BuildManager.GetVPathBuildResultWithNoAssert(HttpContext context, VirtualPath virtualPath, Boolean noBuild, Boolean allowCrossApp, Boolean allowBuildInPrecompile, Boolean throwIfNotFound, Boolean ensureIsUpToDate)
   at System.Web.Compilation.BuildManager.GetVPathBuildResult(HttpContext context, VirtualPath virtualPath, Boolean noBuild, Boolean allowCrossApp, Boolean allowBuildInPrecompile, Boolean ensureIsUpToDate)
   at System.Web.Compilation.BuildManager.GetCompiledAssembly(String virtualPath)
   at Orchard.Environment.DefaultBuildManager.GetCompiledAssembly(String virtualPath) in f:\Orchard\www.showdigs.co.uk\src\Orchard\Environment\IBuildManager.cs:line 53
2015-04-01 15:53:33,989 [7] Orchard.Environment.DefaultBuildManager - (null) - Error when compiling assembly under ~/Modules/ivNet.Listing/ivNet.Listing.csproj.
System.Web.HttpCompileException (0x80004005): f:\Orchard\www.showdigs.co.uk\src\Orchard.Web\Modules\ivNet.Listing\Controllers\SiteController.cs(81): error CS0161: 'ivNet.Listing.Controllers.SiteController.Registration(ivNet.Listing.Models.ActivationViewModel)': not all code paths return a value
   at System.Web.Compilation.BuildManager.PostProcessFoundBuildResult(BuildResult result, Boolean keyFromVPP, VirtualPath virtualPath)
   at System.Web.Compilation.BuildManager.GetBuildResultFromCacheInternal(String cacheKey, Boolean keyFromVPP, VirtualPath virtualPath, Int64 hashCode, Boolean ensureIsUpToDate)
   at System.Web.Compilation.BuildManager.GetVPathBuildResultFromCacheInternal(VirtualPath virtualPath, Boolean ensureIsUpToDate)
   at System.Web.Compilation.BuildManager.GetVPathBuildResultInternal(VirtualPath virtualPath, Boolean noBuild, Boolean allowCrossApp, Boolean allowBuildInPrecompile, Boolean throwIfNotFound, Boolean ensureIsUpToDate)
   at System.Web.Compilation.BuildManager.GetVPathBuildResultWithNoAssert(HttpContext context, VirtualPath virtualPath, Boolean noBuild, Boolean allowCrossApp, Boolean allowBuildInPrecompile, Boolean throwIfNotFound, Boolean ensureIsUpToDate)
   at System.Web.Compilation.BuildManager.GetVPathBuildResult(HttpContext context, VirtualPath virtualPath, Boolean noBuild, Boolean allowCrossApp, Boolean allowBuildInPrecompile, Boolean ensureIsUpToDate)
   at System.Web.Compilation.BuildManager.GetCompiledAssembly(String virtualPath)
   at Orchard.Environment.DefaultBuildManager.GetCompiledAssembly(String virtualPath) in f:\Orchard\www.showdigs.co.uk\src\Orchard\Environment\IBuildManager.cs:line 53
2015-04-01 15:53:34,034 [7] Orchard.Environment.DefaultBuildManager - (null) - Error when compiling assembly under ~/Modules/ivNet.Listing/ivNet.Listing.csproj.
System.Web.HttpCompileException (0x80004005): f:\Orchard\www.showdigs.co.uk\src\Orchard.Web\Modules\ivNet.Listing\Controllers\SiteController.cs(81): error CS0161: 'ivNet.Listing.Controllers.SiteController.Registration(ivNet.Listing.Models.ActivationViewModel)': not all code paths return a value
   at System.Web.Compilation.BuildManager.PostProcessFoundBuildResult(BuildResult result, Boolean keyFromVPP, VirtualPath virtualPath)
   at System.Web.Compilation.BuildManager.GetBuildResultFromCacheInternal(String cacheKey, Boolean keyFromVPP, VirtualPath virtualPath, Int64 hashCode, Boolean ensureIsUpToDate)
   at System.Web.Compilation.BuildManager.GetVPathBuildResultFromCacheInternal(VirtualPath virtualPath, Boolean ensureIsUpToDate)
   at System.Web.Compilation.BuildManager.GetVPathBuildResultInternal(VirtualPath virtualPath, Boolean noBuild, Boolean allowCrossApp, Boolean allowBuildInPrecompile, Boolean throwIfNotFound, Boolean ensureIsUpToDate)
   at System.Web.Compilation.BuildManager.GetVPathBuildResultWithNoAssert(HttpContext context, VirtualPath virtualPath, Boolean noBuild, Boolean allowCrossApp, Boolean allowBuildInPrecompile, Boolean throwIfNotFound, Boolean ensureIsUpToDate)
   at System.Web.Compilation.BuildManager.GetVPathBuildResult(HttpContext context, VirtualPath virtualPath, Boolean noBuild, Boolean allowCrossApp, Boolean allowBuildInPrecompile, Boolean ensureIsUpToDate)
   at System.Web.Compilation.BuildManager.GetCompiledAssembly(String virtualPath)
   at Orchard.Environment.DefaultBuildManager.GetCompiledAssembly(String virtualPath) in f:\Orchard\www.showdigs.co.uk\src\Orchard\Environment\IBuildManager.cs:line 53
2015-04-01 15:53:34,079 [7] Orchard.Environment.DefaultBuildManager - (null) - Error when compiling assembly under ~/Modules/ivNet.Listing/ivNet.Listing.csproj.
System.Web.HttpCompileException (0x80004005): f:\Orchard\www.showdigs.co.uk\src\Orchard.Web\Modules\ivNet.Listing\Controllers\SiteController.cs(81): error CS0161: 'ivNet.Listing.Controllers.SiteController.Registration(ivNet.Listing.Models.ActivationViewModel)': not all code paths return a value
   at System.Web.Compilation.BuildManager.PostProcessFoundBuildResult(BuildResult result, Boolean keyFromVPP, VirtualPath virtualPath)
   at System.Web.Compilation.BuildManager.GetBuildResultFromCacheInternal(String cacheKey, Boolean keyFromVPP, VirtualPath virtualPath, Int64 hashCode, Boolean ensureIsUpToDate)
   at System.Web.Compilation.BuildManager.GetVPathBuildResultFromCacheInternal(VirtualPath virtualPath, Boolean ensureIsUpToDate)
   at System.Web.Compilation.BuildManager.GetVPathBuildResultInternal(VirtualPath virtualPath, Boolean noBuild, Boolean allowCrossApp, Boolean allowBuildInPrecompile, Boolean throwIfNotFound, Boolean ensureIsUpToDate)
   at System.Web.Compilation.BuildManager.GetVPathBuildResultWithNoAssert(HttpContext context, VirtualPath virtualPath, Boolean noBuild, Boolean allowCrossApp, Boolean allowBuildInPrecompile, Boolean throwIfNotFound, Boolean ensureIsUpToDate)
   at System.Web.Compilation.BuildManager.GetVPathBuildResult(HttpContext context, VirtualPath virtualPath, Boolean noBuild, Boolean allowCrossApp, Boolean allowBuildInPrecompile, Boolean ensureIsUpToDate)
   at System.Web.Compilation.BuildManager.GetCompiledAssembly(String virtualPath)
   at Orchard.Environment.DefaultBuildManager.GetCompiledAssembly(String virtualPath) in f:\Orchard\www.showdigs.co.uk\src\Orchard\Environment\IBuildManager.cs:line 53
2015-04-01 15:53:34,122 [7] Orchard.Environment.DefaultBuildManager - (null) - Error when compiling assembly under ~/Modules/ivNet.Listing/ivNet.Listing.csproj.
System.Web.HttpCompileException (0x80004005): f:\Orchard\www.showdigs.co.uk\src\Orchard.Web\Modules\ivNet.Listing\Controllers\SiteController.cs(81): error CS0161: 'ivNet.Listing.Controllers.SiteController.Registration(ivNet.Listing.Models.ActivationViewModel)': not all code paths return a value
   at System.Web.Compilation.BuildManager.PostProcessFoundBuildResult(BuildResult result, Boolean keyFromVPP, VirtualPath virtualPath)
   at System.Web.Compilation.BuildManager.GetBuildResultFromCacheInternal(String cacheKey, Boolean keyFromVPP, VirtualPath virtualPath, Int64 hashCode, Boolean ensureIsUpToDate)
   at System.Web.Compilation.BuildManager.GetVPathBuildResultFromCacheInternal(VirtualPath virtualPath, Boolean ensureIsUpToDate)
   at System.Web.Compilation.BuildManager.GetVPathBuildResultInternal(VirtualPath virtualPath, Boolean noBuild, Boolean allowCrossApp, Boolean allowBuildInPrecompile, Boolean throwIfNotFound, Boolean ensureIsUpToDate)
   at System.Web.Compilation.BuildManager.GetVPathBuildResultWithNoAssert(HttpContext context, VirtualPath virtualPath, Boolean noBuild, Boolean allowCrossApp, Boolean allowBuildInPrecompile, Boolean throwIfNotFound, Boolean ensureIsUpToDate)
   at System.Web.Compilation.BuildManager.GetVPathBuildResult(HttpContext context, VirtualPath virtualPath, Boolean noBuild, Boolean allowCrossApp, Boolean allowBuildInPrecompile, Boolean ensureIsUpToDate)
   at System.Web.Compilation.BuildManager.GetCompiledAssembly(String virtualPath)
   at Orchard.Environment.DefaultBuildManager.GetCompiledAssembly(String virtualPath) in f:\Orchard\www.showdigs.co.uk\src\Orchard\Environment\IBuildManager.cs:line 53
2015-04-01 15:53:34,169 [7] Orchard.Environment.DefaultBuildManager - (null) - Error when compiling assembly under ~/Modules/ivNet.Listing/ivNet.Listing.csproj.
System.Web.HttpCompileException (0x80004005): f:\Orchard\www.showdigs.co.uk\src\Orchard.Web\Modules\ivNet.Listing\Controllers\SiteController.cs(81): error CS0161: 'ivNet.Listing.Controllers.SiteController.Registration(ivNet.Listing.Models.ActivationViewModel)': not all code paths return a value
   at System.Web.Compilation.BuildManager.PostProcessFoundBuildResult(BuildResult result, Boolean keyFromVPP, VirtualPath virtualPath)
   at System.Web.Compilation.BuildManager.GetBuildResultFromCacheInternal(String cacheKey, Boolean keyFromVPP, VirtualPath virtualPath, Int64 hashCode, Boolean ensureIsUpToDate)
   at System.Web.Compilation.BuildManager.GetVPathBuildResultFromCacheInternal(VirtualPath virtualPath, Boolean ensureIsUpToDate)
   at System.Web.Compilation.BuildManager.GetVPathBuildResultInternal(VirtualPath virtualPath, Boolean noBuild, Boolean allowCrossApp, Boolean allowBuildInPrecompile, Boolean throwIfNotFound, Boolean ensureIsUpToDate)
   at System.Web.Compilation.BuildManager.GetVPathBuildResultWithNoAssert(HttpContext context, VirtualPath virtualPath, Boolean noBuild, Boolean allowCrossApp, Boolean allowBuildInPrecompile, Boolean throwIfNotFound, Boolean ensureIsUpToDate)
   at System.Web.Compilation.BuildManager.GetVPathBuildResult(HttpContext context, VirtualPath virtualPath, Boolean noBuild, Boolean allowCrossApp, Boolean allowBuildInPrecompile, Boolean ensureIsUpToDate)
   at System.Web.Compilation.BuildManager.GetCompiledAssembly(String virtualPath)
   at Orchard.Environment.DefaultBuildManager.GetCompiledAssembly(String virtualPath) in f:\Orchard\www.showdigs.co.uk\src\Orchard\Environment\IBuildManager.cs:line 53
2015-04-01 15:53:34,214 [7] Orchard.Environment.DefaultBuildManager - (null) - Error when compiling assembly under ~/Modules/ivNet.Listing/ivNet.Listing.csproj.
System.Web.HttpCompileException (0x80004005): f:\Orchard\www.showdigs.co.uk\src\Orchard.Web\Modules\ivNet.Listing\Controllers\SiteController.cs(81): error CS0161: 'ivNet.Listing.Controllers.SiteController.Registration(ivNet.Listing.Models.ActivationViewModel)': not all code paths return a value
   at System.Web.Compilation.BuildManager.PostProcessFoundBuildResult(BuildResult result, Boolean keyFromVPP, VirtualPath virtualPath)
   at System.Web.Compilation.BuildManager.GetBuildResultFromCacheInternal(String cacheKey, Boolean keyFromVPP, VirtualPath virtualPath, Int64 hashCode, Boolean ensureIsUpToDate)
   at System.Web.Compilation.BuildManager.GetVPathBuildResultFromCacheInternal(VirtualPath virtualPath, Boolean ensureIsUpToDate)
   at System.Web.Compilation.BuildManager.GetVPathBuildResultInternal(VirtualPath virtualPath, Boolean noBuild, Boolean allowCrossApp, Boolean allowBuildInPrecompile, Boolean throwIfNotFound, Boolean ensureIsUpToDate)
   at System.Web.Compilation.BuildManager.GetVPathBuildResultWithNoAssert(HttpContext context, VirtualPath virtualPath, Boolean noBuild, Boolean allowCrossApp, Boolean allowBuildInPrecompile, Boolean throwIfNotFound, Boolean ensureIsUpToDate)
   at System.Web.Compilation.BuildManager.GetVPathBuildResult(HttpContext context, VirtualPath virtualPath, Boolean noBuild, Boolean allowCrossApp, Boolean allowBuildInPrecompile, Boolean ensureIsUpToDate)
   at System.Web.Compilation.BuildManager.GetCompiledAssembly(String virtualPath)
   at Orchard.Environment.DefaultBuildManager.GetCompiledAssembly(String virtualPath) in f:\Orchard\www.showdigs.co.uk\src\Orchard\Environment\IBuildManager.cs:line 53
2015-04-01 15:53:34,272 [7] Orchard.Environment.DefaultBuildManager - (null) - Error when compiling assembly under ~/Modules/ivNet.Listing/ivNet.Listing.csproj.
System.Web.HttpCompileException (0x80004005): f:\Orchard\www.showdigs.co.uk\src\Orchard.Web\Modules\ivNet.Listing\Controllers\SiteController.cs(81): error CS0161: 'ivNet.Listing.Controllers.SiteController.Registration(ivNet.Listing.Models.ActivationViewModel)': not all code paths return a value
   at System.Web.Compilation.BuildManager.PostProcessFoundBuildResult(BuildResult result, Boolean keyFromVPP, VirtualPath virtualPath)
   at System.Web.Compilation.BuildManager.GetBuildResultFromCacheInternal(String cacheKey, Boolean keyFromVPP, VirtualPath virtualPath, Int64 hashCode, Boolean ensureIsUpToDate)
   at System.Web.Compilation.BuildManager.GetVPathBuildResultFromCacheInternal(VirtualPath virtualPath, Boolean ensureIsUpToDate)
   at System.Web.Compilation.BuildManager.GetVPathBuildResultInternal(VirtualPath virtualPath, Boolean noBuild, Boolean allowCrossApp, Boolean allowBuildInPrecompile, Boolean throwIfNotFound, Boolean ensureIsUpToDate)
   at System.Web.Compilation.BuildManager.GetVPathBuildResultWithNoAssert(HttpContext context, VirtualPath virtualPath, Boolean noBuild, Boolean allowCrossApp, Boolean allowBuildInPrecompile, Boolean throwIfNotFound, Boolean ensureIsUpToDate)
   at System.Web.Compilation.BuildManager.GetVPathBuildResult(HttpContext context, VirtualPath virtualPath, Boolean noBuild, Boolean allowCrossApp, Boolean allowBuildInPrecompile, Boolean ensureIsUpToDate)
   at System.Web.Compilation.BuildManager.GetCompiledAssembly(String virtualPath)
   at Orchard.Environment.DefaultBuildManager.GetCompiledAssembly(String virtualPath) in f:\Orchard\www.showdigs.co.uk\src\Orchard\Environment\IBuildManager.cs:line 53
2015-04-01 15:53:34,335 [7] Orchard.Environment.DefaultBuildManager - (null) - Error when compiling assembly under ~/Modules/ivNet.Listing/ivNet.Listing.csproj.
System.Web.HttpCompileException (0x80004005): f:\Orchard\www.showdigs.co.uk\src\Orchard.Web\Modules\ivNet.Listing\Controllers\SiteController.cs(81): error CS0161: 'ivNet.Listing.Controllers.SiteController.Registration(ivNet.Listing.Models.ActivationViewModel)': not all code paths return a value
   at System.Web.Compilation.BuildManager.PostProcessFoundBuildResult(BuildResult result, Boolean keyFromVPP, VirtualPath virtualPath)
   at System.Web.Compilation.BuildManager.GetBuildResultFromCacheInternal(String cacheKey, Boolean keyFromVPP, VirtualPath virtualPath, Int64 hashCode, Boolean ensureIsUpToDate)
   at System.Web.Compilation.BuildManager.GetVPathBuildResultFromCacheInternal(VirtualPath virtualPath, Boolean ensureIsUpToDate)
   at System.Web.Compilation.BuildManager.GetVPathBuildResultInternal(VirtualPath virtualPath, Boolean noBuild, Boolean allowCrossApp, Boolean allowBuildInPrecompile, Boolean throwIfNotFound, Boolean ensureIsUpToDate)
   at System.Web.Compilation.BuildManager.GetVPathBuildResultWithNoAssert(HttpContext context, VirtualPath virtualPath, Boolean noBuild, Boolean allowCrossApp, Boolean allowBuildInPrecompile, Boolean throwIfNotFound, Boolean ensureIsUpToDate)
   at System.Web.Compilation.BuildManager.GetVPathBuildResult(HttpContext context, VirtualPath virtualPath, Boolean noBuild, Boolean allowCrossApp, Boolean allowBuildInPrecompile, Boolean ensureIsUpToDate)
   at System.Web.Compilation.BuildManager.GetCompiledAssembly(String virtualPath)
   at Orchard.Environment.DefaultBuildManager.GetCompiledAssembly(String virtualPath) in f:\Orchard\www.showdigs.co.uk\src\Orchard\Environment\IBuildManager.cs:line 53
2015-04-01 15:53:35,705 [7] Orchard.Environment.DefaultBuildManager - (null) - Error when compiling assembly under ~/Modules/ivNet.Listing/ivNet.Listing.csproj.
System.Web.HttpCompileException (0x80004005): f:\Orchard\www.showdigs.co.uk\src\Orchard.Web\Modules\ivNet.Listing\Controllers\SiteController.cs(81): error CS0161: 'ivNet.Listing.Controllers.SiteController.Registration(ivNet.Listing.Models.ActivationViewModel)': not all code paths return a value
   at System.Web.Compilation.BuildManager.PostProcessFoundBuildResult(BuildResult result, Boolean keyFromVPP, VirtualPath virtualPath)
   at System.Web.Compilation.BuildManager.GetBuildResultFromCacheInternal(String cacheKey, Boolean keyFromVPP, VirtualPath virtualPath, Int64 hashCode, Boolean ensureIsUpToDate)
   at System.Web.Compilation.BuildManager.GetVPathBuildResultFromCacheInternal(VirtualPath virtualPath, Boolean ensureIsUpToDate)
   at System.Web.Compilation.BuildManager.GetVPathBuildResultInternal(VirtualPath virtualPath, Boolean noBuild, Boolean allowCrossApp, Boolean allowBuildInPrecompile, Boolean throwIfNotFound, Boolean ensureIsUpToDate)
   at System.Web.Compilation.BuildManager.GetVPathBuildResultWithNoAssert(HttpContext context, VirtualPath virtualPath, Boolean noBuild, Boolean allowCrossApp, Boolean allowBuildInPrecompile, Boolean throwIfNotFound, Boolean ensureIsUpToDate)
   at System.Web.Compilation.BuildManager.GetVPathBuildResult(HttpContext context, VirtualPath virtualPath, Boolean noBuild, Boolean allowCrossApp, Boolean allowBuildInPrecompile, Boolean ensureIsUpToDate)
   at System.Web.Compilation.BuildManager.GetCompiledAssembly(String virtualPath)
   at Orchard.Environment.DefaultBuildManager.GetCompiledAssembly(String virtualPath) in f:\Orchard\www.showdigs.co.uk\src\Orchard\Environment\IBuildManager.cs:line 53
2015-04-01 15:53:35,754 [7] Orchard.Environment.DefaultBuildManager - (null) - Error when compiling assembly under ~/Modules/ivNet.Listing/ivNet.Listing.csproj.
System.Web.HttpCompileException (0x80004005): f:\Orchard\www.showdigs.co.uk\src\Orchard.Web\Modules\ivNet.Listing\Controllers\SiteController.cs(81): error CS0161: 'ivNet.Listing.Controllers.SiteController.Registration(ivNet.Listing.Models.ActivationViewModel)': not all code paths return a value
   at System.Web.Compilation.BuildManager.PostProcessFoundBuildResult(BuildResult result, Boolean keyFromVPP, VirtualPath virtualPath)
   at System.Web.Compilation.BuildManager.GetBuildResultFromCacheInternal(String cacheKey, Boolean keyFromVPP, VirtualPath virtualPath, Int64 hashCode, Boolean ensureIsUpToDate)
   at System.Web.Compilation.BuildManager.GetVPathBuildResultFromCacheInternal(VirtualPath virtualPath, Boolean ensureIsUpToDate)
   at System.Web.Compilation.BuildManager.GetVPathBuildResultInternal(VirtualPath virtualPath, Boolean noBuild, Boolean allowCrossApp, Boolean allowBuildInPrecompile, Boolean throwIfNotFound, Boolean ensureIsUpToDate)
   at System.Web.Compilation.BuildManager.GetVPathBuildResultWithNoAssert(HttpContext context, VirtualPath virtualPath, Boolean noBuild, Boolean allowCrossApp, Boolean allowBuildInPrecompile, Boolean throwIfNotFound, Boolean ensureIsUpToDate)
   at System.Web.Compilation.BuildManager.GetVPathBuildResult(HttpContext context, VirtualPath virtualPath, Boolean noBuild, Boolean allowCrossApp, Boolean allowBuildInPrecompile, Boolean ensureIsUpToDate)
   at System.Web.Compilation.BuildManager.GetCompiledAssembly(String virtualPath)
   at Orchard.Environment.DefaultBuildManager.GetCompiledAssembly(String virtualPath) in f:\Orchard\www.showdigs.co.uk\src\Orchard\Environment\IBuildManager.cs:line 53
2015-04-01 15:53:35,796 [7] Orchard.Environment.DefaultBuildManager - (null) - Error when compiling assembly under ~/Modules/ivNet.Listing/ivNet.Listing.csproj.
System.Web.HttpCompileException (0x80004005): f:\Orchard\www.showdigs.co.uk\src\Orchard.Web\Modules\ivNet.Listing\Controllers\SiteController.cs(81): error CS0161: 'ivNet.Listing.Controllers.SiteController.Registration(ivNet.Listing.Models.ActivationViewModel)': not all code paths return a value
   at System.Web.Compilation.BuildManager.PostProcessFoundBuildResult(BuildResult result, Boolean keyFromVPP, VirtualPath virtualPath)
   at System.Web.Compilation.BuildManager.GetBuildResultFromCacheInternal(String cacheKey, Boolean keyFromVPP, VirtualPath virtualPath, Int64 hashCode, Boolean ensureIsUpToDate)
   at System.Web.Compilation.BuildManager.GetVPathBuildResultFromCacheInternal(VirtualPath virtualPath, Boolean ensureIsUpToDate)
   at System.Web.Compilation.BuildManager.GetVPathBuildResultInternal(VirtualPath virtualPath, Boolean noBuild, Boolean allowCrossApp, Boolean allowBuildInPrecompile, Boolean throwIfNotFound, Boolean ensureIsUpToDate)
   at System.Web.Compilation.BuildManager.GetVPathBuildResultWithNoAssert(HttpContext context, VirtualPath virtualPath, Boolean noBuild, Boolean allowCrossApp, Boolean allowBuildInPrecompile, Boolean throwIfNotFound, Boolean ensureIsUpToDate)
   at System.Web.Compilation.BuildManager.GetVPathBuildResult(HttpContext context, VirtualPath virtualPath, Boolean noBuild, Boolean allowCrossApp, Boolean allowBuildInPrecompile, Boolean ensureIsUpToDate)
   at System.Web.Compilation.BuildManager.GetCompiledAssembly(String virtualPath)
   at Orchard.Environment.DefaultBuildManager.GetCompiledAssembly(String virtualPath) in f:\Orchard\www.showdigs.co.uk\src\Orchard\Environment\IBuildManager.cs:line 53
2015-04-01 15:53:35,833 [7] Orchard.Environment.DefaultBuildManager - (null) - Error when compiling assembly under ~/Modules/ivNet.Listing/ivNet.Listing.csproj.
System.Web.HttpCompileException (0x80004005): f:\Orchard\www.showdigs.co.uk\src\Orchard.Web\Modules\ivNet.Listing\Controllers\SiteController.cs(81): error CS0161: 'ivNet.Listing.Controllers.SiteController.Registration(ivNet.Listing.Models.ActivationViewModel)': not all code paths return a value
   at System.Web.Compilation.BuildManager.PostProcessFoundBuildResult(BuildResult result, Boolean keyFromVPP, VirtualPath virtualPath)
   at System.Web.Compilation.BuildManager.GetBuildResultFromCacheInternal(String cacheKey, Boolean keyFromVPP, VirtualPath virtualPath, Int64 hashCode, Boolean ensureIsUpToDate)
   at System.Web.Compilation.BuildManager.GetVPathBuildResultFromCacheInternal(VirtualPath virtualPath, Boolean ensureIsUpToDate)
   at System.Web.Compilation.BuildManager.GetVPathBuildResultInternal(VirtualPath virtualPath, Boolean noBuild, Boolean allowCrossApp, Boolean allowBuildInPrecompile, Boolean throwIfNotFound, Boolean ensureIsUpToDate)
   at System.Web.Compilation.BuildManager.GetVPathBuildResultWithNoAssert(HttpContext context, VirtualPath virtualPath, Boolean noBuild, Boolean allowCrossApp, Boolean allowBuildInPrecompile, Boolean throwIfNotFound, Boolean ensureIsUpToDate)
   at System.Web.Compilation.BuildManager.GetVPathBuildResult(HttpContext context, VirtualPath virtualPath, Boolean noBuild, Boolean allowCrossApp, Boolean allowBuildInPrecompile, Boolean ensureIsUpToDate)
   at System.Web.Compilation.BuildManager.GetCompiledAssembly(String virtualPath)
   at Orchard.Environment.DefaultBuildManager.GetCompiledAssembly(String virtualPath) in f:\Orchard\www.showdigs.co.uk\src\Orchard\Environment\IBuildManager.cs:line 53
2015-04-01 15:55:24,772 [6] Orchard.Environment.Extensions.ExtensionManager - (null) - No suitable loader found for extension "ivNet.ShowDigs"
2015-04-01 15:57:03,051 [6] Orchard.Environment.Extensions.ExtensionManager - (null) - No suitable loader found for extension "ivNet.ShowDigs"
2015-04-01 15:57:45,252 [13] Orchard.Exceptions.DefaultExceptionPolicy - Default - An unexpected exception was caught
System.NullReferenceException: Object reference not set to an instance of an object.
   at ivNet.Listing.Controllers.SiteController.Activation(ActivationViewModel model) in f:\Orchard\www.showdigs.co.uk\src\Orchard.Web\Modules\ivNet.Listing\Controllers\SiteController.cs:line 83
   at lambda_method(Closure , ControllerBase , Object[] )
   at System.Web.Mvc.ActionMethodDispatcher.Execute(ControllerBase controller, Object[] parameters)
   at System.Web.Mvc.ReflectedActionDescriptor.Execute(ControllerContext controllerContext, IDictionary`2 parameters)
   at System.Web.Mvc.ControllerActionInvoker.InvokeActionMethod(ControllerContext controllerContext, ActionDescriptor actionDescriptor, IDictionary`2 parameters)
   at System.Web.Mvc.Async.AsyncControllerActionInvoker.ActionInvocation.InvokeSynchronousActionMethod()
   at System.Web.Mvc.Async.AsyncControllerActionInvoker.<BeginInvokeSynchronousActionMethod>b__39(IAsyncResult asyncResult, ActionInvocation innerInvokeState)
   at System.Web.Mvc.Async.AsyncResultWrapper.WrappedAsyncResult`2.CallEndDelegate(IAsyncResult asyncResult)
   at System.Web.Mvc.Async.AsyncResultWrapper.WrappedAsyncResultBase`1.End()
   at System.Web.Mvc.Async.AsyncResultWrapper.End[TResult](IAsyncResult asyncResult, Object tag)
   at System.Web.Mvc.Async.AsyncControllerActionInvoker.EndInvokeActionMethod(IAsyncResult asyncResult)
   at System.Web.Mvc.Async.AsyncControllerActionInvoker.AsyncInvocationWithFilters.<InvokeActionMethodFilterAsynchronouslyRecursive>b__3f()
   at System.Web.Mvc.Async.AsyncControllerActionInvoker.AsyncInvocationWithFilters.<>c__DisplayClass48.<InvokeActionMethodFilterAsynchronouslyRecursive>b__41()
   at System.Web.Mvc.Async.AsyncControllerActionInvoker.AsyncInvocationWithFilters.<>c__DisplayClass48.<InvokeActionMethodFilterAsynchronouslyRecursive>b__41()
   at System.Web.Mvc.Async.AsyncControllerActionInvoker.AsyncInvocationWithFilters.<>c__DisplayClass48.<InvokeActionMethodFilterAsynchronouslyRecursive>b__41()
2015-04-01 16:00:17,720 [6] Orchard.Environment.Extensions.ExtensionManager - (null) - No suitable loader found for extension "ivNet.ShowDigs"
2015-04-01 16:10:59,441 [6] Orchard.Environment.Extensions.ExtensionManager - (null) - No suitable loader found for extension "ivNet.ShowDigs"
2015-04-01 17:09:18,372 [6] Orchard.Environment.Extensions.ExtensionManager - (null) - No suitable loader found for extension "ivNet.ShowDigs"
2015-04-01 17:12:55,092 [6] Orchard.Environment.Extensions.ExtensionManager - (null) - No suitable loader found for extension "ivNet.ShowDigs"
2015-04-01 17:16:13,411 [6] Orchard.Environment.Extensions.ExtensionManager - (null) - No suitable loader found for extension "ivNet.ShowDigs"
2015-04-01 17:18:17,807 [6] Orchard.Environment.Extensions.ExtensionManager - (null) - No suitable loader found for extension "ivNet.ShowDigs"
2015-04-01 17:27:41,305 [6] Orchard.Environment.Extensions.ExtensionManager - (null) - No suitable loader found for extension "ivNet.ShowDigs"
2015-04-01 17:31:34,164 [6] Orchard.Environment.Extensions.ExtensionManager - (null) - No suitable loader found for extension "ivNet.ShowDigs"
2015-04-01 17:39:55,481 [6] Orchard.Environment.Extensions.ExtensionManager - (null) - No suitable loader found for extension "ivNet.ShowDigs"
2015-04-01 17:44:21,760 [6] Orchard.Environment.Extensions.ExtensionManager - (null) - No suitable loader found for extension "ivNet.ShowDigs"
2015-04-01 17:46:00,435 [6] Orchard.Environment.Extensions.ExtensionManager - (null) - No suitable loader found for extension "ivNet.ShowDigs"
2015-04-01 17:57:36,381 [6] Orchard.Environment.Extensions.ExtensionManager - (null) - No suitable loader found for extension "ivNet.ShowDigs"
